number,value,datetime_start,datetime_complete,duration,params_V10,params_V11,params_V12,params_V15,params_V18,params_V3,params_V6,params_V9,system_attrs_fixed_params,state
264,-1.0,2026-06-30 12:39:18.685232,2026-06-30 12:39:23.444801,0 days 00:00:04.759569,22.89501790825136,-415.5777691843772,424.8663369114668,-742.0930783535171,-760.0577160979786,-313.96716268759235,-855.0972998817256,-53.19102370690055,,COMPLETE
265,0.0,2026-06-30 12:39:19.936309,2026-06-30 12:39:24.338095,0 days 00:00:04.401786,937.8658084993939,128.73826253856453,261.1855085623248,-741.7400586110421,-758.8992000868923,-314.49934869173984,-850.860059850459,594.2745450969477,,COMPLETE
266,-1.0,2026-06-30 12:39:23.483456,2026-06-30 12:39:27.762297,0 days 00:00:04.278841,930.1721974252996,-510.334072238408,468.9282729190826,-743.6965413481993,-673.9982765673325,-263.49225651438655,-707.9464596629036,10.536235346012862,,COMPLETE
267,0.0,2026-06-30 12:39:24.362695,2026-06-30 12:39:28.668814,0 days 00:00:04.306119,887.7800531039155,-505.9904539027071,466.1064953750398,-810.3288687767159,243.81550824387355,-75.36647413266832,-923.9153103491456,118.90525037840487,,COMPLETE
268,-1.0,2026-06-30 12:39:27.801995,2026-06-30 12:39:32.254203,0 days 00:00:04.452208,884.1391788922493,-546.8385571841236,-495.4278884619308,-816.4008355580555,-709.5020305033119,-170.74694345548346,-931.4119357626672,-109.54021271241196,,COMPLETE
269,0.0,2026-06-30 12:39:28.688715,2026-06-30 12:39:33.263165,0 days 00:00:04.574450,824.4156686722874,-327.32574384071506,536.1625212211661,-689.0783396058134,-707.8975438572231,-217.61085153904278,-969.2698016155325,-101.04768409367693,,COMPLETE
270,-1.0,2026-06-30 12:39:32.317227,2026-06-30 12:39:37.338176,0 days 00:00:05.020949,830.4941869656545,-446.8292908069071,531.8573223395941,-695.5525758949701,-806.1803289473272,-219.5612779878456,-978.4239462945754,-19.611570527911915,,COMPLETE
271,0.0,2026-06-30 12:39:33.350346,2026-06-30 12:39:38.194068,0 days 00:00:04.843722,998.1327354202542,-617.9183898050381,348.95821122536347,-608.4669589157605,-801.7879555115683,-263.1672497882614,-814.6787991209,32.362698044342324,,COMPLETE
272,-1.0,2026-06-30 12:39:37.367119,2026-06-30 12:39:41.616536,0 days 00:00:04.249417,999.8507433697177,-617.8543328063126,328.21577011527575,-597.790218015949,141.46882703935543,-283.96741816151984,-817.1950065160995,39.244695738495366,,COMPLETE
273,0.0,2026-06-30 12:39:38.212139,2026-06-30 12:39:42.715635,0 days 00:00:04.503496,781.504687594275,-488.7131447801481,414.9418603896679,-769.521735805743,118.35628227111583,-163.26464232325753,-879.5031619843836,-18.37439946901455,,COMPLETE
274,-1.0,2026-06-30 12:39:41.656183,2026-06-30 12:39:46.207004,0 days 00:00:04.550821,781.1762035327409,-472.1116880126463,388.6209680850238,-769.0242820950974,-659.7688737850609,-169.13773570168536,-887.4534474436285,-32.34567736758677,,COMPLETE
275,0.0,2026-06-30 12:39:42.735604,2026-06-30 12:39:47.300109,0 days 00:00:04.564505,873.1438155065262,-554.0615701477649,498.89067959626936,-776.1764894545912,-652.1593361368618,-242.73757638385328,-887.341736736919,82.68078444445666,,COMPLETE
276,-1.0,2026-06-30 12:39:46.236029,2026-06-30 12:39:50.748560,0 days 00:00:04.512531,865.3697267257909,-550.5902389566501,587.5583483025674,-832.5578493642273,-737.6311548384647,-242.71706498940546,-939.1010877225724,87.32271057587965,,COMPLETE
277,0.0,2026-06-30 12:39:47.319544,2026-06-30 12:39:51.706483,0 days 00:00:04.386939,97.22846807736624,-429.3740807594559,451.6411850813547,-712.9840353638918,-751.7959942094932,-323.8921313368413,-750.6262492932724,-66.13305755717278,,COMPLETE
278,-1.0,2026-06-30 12:39:50.778922,2026-06-30 12:39:55.095200,0 days 00:00:04.316278,922.472946466167,-430.77708060078976,451.5358873707357,-717.0849845159104,-851.4643061870158,-349.0700414227107,-766.0609284599582,-155.79904894038316,,COMPLETE
279,0.0,2026-06-30 12:39:51.727828,2026-06-30 12:39:56.265188,0 days 00:00:04.537360,913.8005759359631,-513.7390256093672,657.8097100691537,-872.3471027778628,-850.3117131963439,-204.26060859039276,-996.1225478080397,15.07035688554952,,COMPLETE
280,-1.0,2026-06-30 12:39:55.136897,2026-06-30 12:40:00.355775,0 days 00:00:05.218878,899.68819881322,-376.7764244361448,398.1444129272354,-654.3706579195624,-583.686944523475,-201.2017618518004,-925.6902921326234,13.815718736115741,,COMPLETE
281,0.0,2026-06-30 12:39:56.349851,2026-06-30 12:40:01.357146,0 days 00:00:05.007295,829.6870725637,-388.72395837250906,495.8533876889311,-650.8196958627279,-601.1774478886382,-276.2585089130324,-926.6245071408132,11.938459130357215,,COMPLETE
282,-1.0,2026-06-30 12:40:00.387743,2026-06-30 12:40:05.104408,0 days 00:00:04.716665,832.6359750867932,-460.39745022111873,502.344255024073,-803.0842527796843,-689.7772049965168,-286.9955273959552,-841.7687220366274,-77.9393167962382,,COMPLETE
283,0.0,2026-06-30 12:40:01.390804,2026-06-30 12:40:06.303282,0 days 00:00:04.912478,730.24053822615,-481.5934445808068,301.97609721202423,-811.9389889495362,-786.1661626614094,-98.38289717389463,-848.748251520318,-71.3920247414203,,COMPLETE
284,-1.0,2026-06-30 12:40:05.143005,2026-06-30 12:40:09.802356,0 days 00:00:04.659351,728.0960685109362,-486.7410955042325,413.7508515507329,-740.6876005399467,-767.5449889205875,-418.41459563672976,-960.7912502703049,59.50064546574821,,COMPLETE
285,0.0,2026-06-30 12:40:06.324068,2026-06-30 12:40:10.878535,0 days 00:00:04.554467,951.1632814513306,-537.3571919766051,368.23782666377224,-742.4262356436599,-758.4791095389634,-241.22667413804913,-999.815022129912,-25.836908339208623,,COMPLETE
286,-1.0,2026-06-30 12:40:09.841921,2026-06-30 12:40:15.043604,0 days 00:00:05.201683,866.4361961345958,-582.8457873785435,376.73649802706825,-856.656997209397,-720.8746252310008,-237.48682820279018,-997.9119894245817,149.52520622687223,,COMPLETE
287,0.0,2026-06-30 12:40:10.899238,2026-06-30 12:40:16.255898,0 days 00:00:05.356660,866.40786998332,-584.4698351420556,575.8317157987509,-700.1125580446958,-719.3787025568488,-190.11978645313053,-898.4376814969768,136.98369370780827,,COMPLETE
288,-1.0,2026-06-30 12:40:15.076530,2026-06-30 12:40:21.490469,0 days 00:00:06.413939,806.0487285390254,-521.5306819154176,455.33202838345215,-690.9297108087572,-689.6005249673209,-185.25383161434547,-890.5044729198753,-26.426347900206533,,COMPLETE
289,0.0,2026-06-30 12:40:16.280301,2026-06-30 12:40:22.463097,0 days 00:00:06.182796,803.8537057051797,-521.9297901669177,441.6169534621743,-781.0195047924225,-680.7361541272023,-352.4376157798309,-942.183173864813,544.5693519283785,,COMPLETE
290,-1.0,2026-06-30 12:40:21.520324,2026-06-30 12:40:26.689607,0 days 00:00:05.169283,913.2538120439773,-428.88087634730226,547.6492633901034,-784.2945452533959,-794.9698297383212,-299.21092898863407,-946.2826975154408,44.62002780375822,,COMPLETE
291,0.0,2026-06-30 12:40:22.485238,2026-06-30 12:40:27.682491,0 days 00:00:05.197253,912.3659592019542,-438.82859018439274,541.5428626445654,-841.3216817716666,-815.1242815532387,-276.1440783407827,-790.7899240010407,44.98644145017523,,COMPLETE
292,-1.0,2026-06-30 12:40:26.731169,2026-06-30 12:40:30.886471,0 days 00:00:04.155302,954.7279367439262,-453.73619044332224,487.81778250901357,-835.2936613578324,-818.6754409777233,-133.70139876608442,-797.6288870374308,-119.69915076263496,,COMPLETE
293,0.0,2026-06-30 12:40:27.699828,2026-06-30 12:40:31.819414,0 days 00:00:04.119586,958.8787215435294,-476.66613396338187,479.8769611890666,-737.3914375695813,-743.7633698410635,-142.1490943848745,-866.3327919737342,-125.27140959948723,,COMPLETE
294,-1.0,2026-06-30 12:40:30.925041,2026-06-30 12:40:35.539871,0 days 00:00:04.614830,852.7584562893936,-491.37440433159907,410.9124172356729,-933.0107059896209,-743.5493243560126,-226.67764123946057,-868.3937057339151,-10.866858129928104,,COMPLETE
295,0.0,2026-06-30 12:40:31.839837,2026-06-30 12:40:36.543711,0 days 00:00:04.703874,857.1380963103506,-355.4699973945277,425.38779487778476,-911.9225119170247,-633.9275411288734,-221.1356557007021,-915.4783430448309,-44.40618006071965,,COMPLETE
296,-1.0,2026-06-30 12:40:35.567029,2026-06-30 12:40:40.469141,0 days 00:00:04.902112,891.7253063626736,-353.3078333301187,439.09915108806354,-765.4276750693165,-894.510630080573,-307.9034598537109,-916.2510401423809,-57.63623923829374,,COMPLETE
297,0.0,2026-06-30 12:40:36.565857,2026-06-30 12:40:41.636625,0 days 00:00:05.070768,893.5084074819965,-401.4254010620285,511.45138535427975,-759.4782283217703,-892.2318391506769,-326.23861754093275,-950.8456452755843,76.89472361363808,,COMPLETE
298,-1.0,2026-06-30 12:40:40.514748,2026-06-30 12:40:44.796746,0 days 00:00:04.281998,756.3547041840283,-399.10901392732114,508.14303276287785,-662.9512308921474,-704.4946856110264,-520.6850235522396,-959.1624029326849,11.656624013218291,,COMPLETE
299,0.0,2026-06-30 12:40:41.654170,2026-06-30 12:40:45.771269,0 days 00:00:04.117099,-58.084244703042536,-558.9802295071977,614.0617386292586,-712.0957868902957,-688.6484689864574,-508.32539527253675,-970.6116333170811,20.901549769722237,,COMPLETE
300,-1.0,2026-06-30 12:40:44.839416,2026-06-30 12:40:49.433302,0 days 00:00:04.593886,797.8976889990388,-551.8958144651424,337.9866956403982,-814.346061917786,-779.7635402427458,-261.263435083424,-832.8829137477553,0.399090669771919,,COMPLETE
301,0.0,2026-06-30 12:40:45.793478,2026-06-30 12:40:50.295160,0 days 00:00:04.501682,814.7226992646633,-507.03182552054216,351.9364903726267,-812.9040064069866,-783.5288524416048,-270.0805179458284,-894.7442752325048,-179.9164970150027,,COMPLETE
302,0.0,2026-06-30 12:40:49.472577,2026-06-30 12:40:55.683001,0 days 00:00:06.210424,838.840074617786,-506.0753156038871,468.0440948877165,-891.8225453112916,-657.6290855569466,-174.25709560306248,-895.675065497418,-77.35778057856001,,COMPLETE
303,-1.0,2026-06-30 12:40:50.318851,2026-06-30 12:40:54.391128,0 days 00:00:04.072277,935.7133173194336,-627.5235790952125,-395.05107967024264,-872.6602972101923,213.856921135606,-179.53498507596998,-921.2744561843296,110.55356815324396,,COMPLETE
304,0.0,2026-06-30 12:40:54.420575,2026-06-30 12:41:00.075279,0 days 00:00:05.654704,853.4277086140371,-455.08694272048035,456.9812242588491,-729.0243597225215,-734.418048990466,-563.6980790411824,-877.3860022445459,639.2605449913597,,COMPLETE
305,-1.0,2026-06-30 12:40:55.717152,2026-06-30 12:40:58.786456,0 days 00:00:03.069304,879.4229411351329,-689.6146347195773,454.72420597079895,-731.1499230972234,-725.8677497747458,-233.50517933053197,-850.367357422001,-27.873019761202563,,COMPLETE
306,-1.0,2026-06-30 12:40:58.823270,2026-06-30 12:41:03.476803,0 days 00:00:04.653533,929.5205455419101,-448.26798433228686,385.2289082316465,-641.6510658142352,-749.3061101907015,-376.09531028995485,-964.7155076906538,64.43991499820629,,COMPLETE
307,0.0,2026-06-30 12:41:00.097041,2026-06-30 12:41:04.291039,0 days 00:00:04.193998,925.6286507625965,-468.44310765722406,406.9450036600339,-623.6015711317416,-537.4018318822178,-47.35176321216443,-968.7615841511204,71.4105353917353,,COMPLETE
308,-1.0,2026-06-30 12:41:03.506638,2026-06-30 12:41:07.862024,0 days 00:00:04.355386,54.60535723970199,-533.4156498804399,566.4450621837047,-785.6837050687908,-646.4550021459172,-304.48929229483707,-943.4451523319301,-34.33614376404948,,COMPLETE
309,0.0,2026-06-30 12:41:04.307753,2026-06-30 12:41:09.211642,0 days 00:00:04.903889,758.5606028996547,81.82885862919936,531.7989971557648,-784.9685586500584,-646.3008685142813,-261.76526685896107,-999.4324410294382,-41.986514472103615,,COMPLETE
310,-1.0,2026-06-30 12:41:07.893468,2026-06-30 12:41:12.347515,0 days 00:00:04.454047,971.7309239488384,-603.0730267049348,523.8582206231058,-676.1954724732892,-834.4436622460852,-201.21141207371915,-912.9927680191779,25.580106129361315,,COMPLETE
311,0.0,2026-06-30 12:41:09.230542,2026-06-30 12:41:13.196604,0 days 00:00:03.966062,664.9254225664963,-588.4376144686378,301.86901267465976,-680.5044161064084,-838.2192331132494,-202.66921101164652,-836.3513992014445,-88.23544280797773,,COMPLETE
312,-1.0,2026-06-30 12:41:12.378805,2026-06-30 12:41:16.851746,0 days 00:00:04.472941,692.0563418855705,-405.7317011695374,83.84713067779728,-838.9890780402858,-703.0086129341827,-634.7279590326311,-823.5969926822913,732.9646139462307,,COMPLETE
313,0.0,2026-06-30 12:41:13.217064,2026-06-30 12:41:17.703664,0 days 00:00:04.486600,883.9585043634289,-416.50916230852164,410.19042026902207,-846.524969057093,-695.7072327847201,-103.75874822173242,-924.8889098282119,6.635742719829414,,COMPLETE
314,-1.0,2026-06-30 12:41:16.881812,2026-06-30 12:41:21.248721,0 days 00:00:04.366909,887.874368389209,-503.576268245335,413.91809775057425,-752.7076755049903,-760.8587724782794,-340.57860043210235,-925.6486319032797,1.0841722393894457,,COMPLETE
315,0.0,2026-06-30 12:41:17.721821,2026-06-30 12:41:22.218899,0 days 00:00:04.497078,826.1477217672386,-502.24025608815555,182.71388710913388,-740.925898512703,-778.7494062106921,-335.9762573466902,-724.7429485922582,36.73803580972971,,COMPLETE
316,-1.0,2026-06-30 12:41:21.284302,2026-06-30 12:41:25.760775,0 days 00:00:04.476473,825.2312311508214,-543.6875640647733,-607.1157686137598,-718.3339669951168,-787.5772337035366,-147.57815334175447,-870.1318717342896,105.21983995916318,,COMPLETE
317,0.0,2026-06-30 12:41:22.239610,2026-06-30 12:41:26.630429,0 days 00:00:04.390819,134.35419432874266,175.87190794902162,493.6060920498296,-708.003656100793,-607.0941851154481,-149.76178245851878,-880.3942710088496,-75.42210878930935,,COMPLETE
318,-1.0,2026-06-30 12:41:25.799602,2026-06-30 12:41:30.372766,0 days 00:00:04.573164,773.0424146290048,-453.5722981900537,479.0657088219211,-814.2523961769434,-718.6574304361236,-248.94972819576964,-880.1322080383605,-96.31963459120423,,COMPLETE
319,0.0,2026-06-30 12:41:26.652571,2026-06-30 12:41:31.218887,0 days 00:00:04.566316,784.6945556969409,-309.88625391390633,250.40311702599334,-803.0289560308794,-702.2429517939452,-253.96736823282063,-970.0808766885962,-28.986750530194573,,COMPLETE
320,-1.0,2026-06-30 12:41:30.403436,2026-06-30 12:41:34.828996,0 days 00:00:04.425560,906.1026831691441,-310.2334038431493,377.14763102420693,-778.4681611515418,-670.7121396888556,-289.245683245031,-964.2709909023795,-23.065069254056496,,COMPLETE
321,0.0,2026-06-30 12:41:31.235958,2026-06-30 12:41:35.792015,0 days 00:00:04.556057,916.4862901866866,-477.93762512417766,377.8229190034448,-770.1902998053765,-668.3179380049082,-302.30577014855896,-793.969075911297,55.51590832673618,,COMPLETE
322,-1.0,2026-06-30 12:41:34.864669,2026-06-30 12:41:39.388959,0 days 00:00:04.524290,853.6746096101617,-479.9515642144621,445.8484401188257,-688.1789146595052,178.22971186214303,-217.3693660373644,-794.3113155656541,52.695336640316796,,COMPLETE
323,0.0,2026-06-30 12:41:35.811812,2026-06-30 12:41:40.288089,0 days 00:00:04.476277,854.5620675005244,-558.7775718139693,444.0967058001411,-886.7510491936142,-747.130796238627,-206.0077771953359,-935.661785709951,-139.88061222482852,,COMPLETE
324,0.0,2026-06-30 12:41:39.419408,2026-06-30 12:41:44.935735,0 days 00:00:05.516327,992.2575262799794,-564.6693366921161,-464.9061807488037,-883.9858414106133,-751.3015531154033,-405.19859944545374,-926.0216711524878,-55.6969941035669,,COMPLETE
325,-1.0,2026-06-30 12:41:40.311640,2026-06-30 12:41:43.826766,0 days 00:00:03.515126,-18.632540072689878,-729.497847005089,-481.00582295205305,-949.7485629025024,-813.9099061867109,-400.639726604206,-910.1066612060592,-56.775640390791544,,COMPLETE
326,-1.0,2026-06-30 12:41:43.845936,2026-06-30 12:41:48.126319,0 days 00:00:04.280383,938.0603309923254,-527.7488406813916,593.5888101608405,-753.4856377188444,-758.8546099343388,-450.09218958842155,-996.2832063789172,3.402118169185668,,COMPLETE
327,0.0,2026-06-30 12:41:44.974427,2026-06-30 12:41:49.606798,0 days 00:00:04.632371,945.6139016229741,-434.1507237923656,623.0459673528969,-758.9820172144332,-781.6268062242623,-466.72683862264887,-996.6428138490078,9.654464507631666,,COMPLETE
328,-1.0,2026-06-30 12:41:48.151935,2026-06-30 12:41:52.552528,0 days 00:00:04.400593,878.5850373836281,-426.1671880959892,499.43809236252207,-803.3158900847797,-710.3292935440663,-249.39263433524272,-855.3853516754988,97.44081703850844,,COMPLETE
329,0.0,2026-06-30 12:41:49.635393,2026-06-30 12:41:53.468766,0 days 00:00:03.833373,887.8814877065431,-372.1528546696713,-537.4590117398766,-838.8797737355078,-704.691973211915,-260.8270550988424,-843.0377904430129,94.38069545152223,,COMPLETE
330,0.0,2026-06-30 12:41:52.572273,2026-06-30 12:41:58.123468,0 days 00:00:05.551195,805.7172717471336,-373.5137147288873,557.807971996687,-845.4540576803377,-617.756581584728,-175.72154738885865,-893.5496421905505,35.09133885366211,,COMPLETE
331,-1.0,2026-06-30 12:41:53.501470,2026-06-30 12:41:57.071451,0 days 00:00:03.569981,801.5006016475714,-649.53324336783,557.741108556067,-707.1209561288656,-866.9125848149198,-174.9692836380438,-895.2129664750039,26.266540375666885,,COMPLETE
332,0.0,2026-06-30 12:41:57.101259,2026-06-30 12:42:02.900581,0 days 00:00:05.799322,827.6136794262582,-516.0658555082612,466.56695527174884,-653.696313401429,-616.836259985083,-292.57131461739135,-950.3038749420654,209.1546031128906,,COMPLETE
333,-1.0,2026-06-30 12:41:58.144950,2026-06-30 12:42:01.641804,0 days 00:00:03.496854,839.5207710875197,-516.8516914442323,478.12683805940765,-656.0857808039048,-801.410659866975,-292.66410203911033,-950.2520914409306,-100.7813384219829,,COMPLETE
334,0.0,2026-06-30 12:42:01.672968,2026-06-30 12:42:06.928064,0 days 00:00:05.255096,965.5898489971123,-455.02879973413627,698.0853636055361,-729.1353784278191,-737.4290277945322,-113.63599162004641,-759.058777205463,-19.89057061548224,,COMPLETE
335,-1.0,2026-06-30 12:42:02.932591,2026-06-30 12:42:05.789048,0 days 00:00:02.856457,728.3502663296572,-472.662017892019,421.22295866944734,-725.200023519199,-727.758238632244,-92.25602102905805,-758.3153638431831,-22.46805749028584,,COMPLETE
336,0.0,2026-06-30 12:42:05.821421,2026-06-30 12:42:11.474732,0 days 00:00:05.653311,966.5795536676119,-445.8473555291857,352.39213236810986,-778.7997652251515,-665.6200170559295,-221.32754848351004,-829.1004529963969,608.8797091483251,,COMPLETE
337,-1.0,2026-06-30 12:42:06.946475,2026-06-30 12:42:10.491209,0 days 00:00:03.544734,903.8404964149693,-570.0574137524463,343.2777026159654,-799.9432962848338,-666.4333150411354,-218.45689037369027,-926.5756947432919,-54.30874657736511,,COMPLETE
338,-1.0,2026-06-30 12:42:10.509633,2026-06-30 12:42:14.600567,0 days 00:00:04.090934,858.3605738547931,-493.36541480377946,397.8671699014022,-608.4706727876013,-827.7895384241233,-340.0418880789385,-819.9033878261138,44.785361461894965,,COMPLETE
339,0.0,2026-06-30 12:42:11.512970,2026-06-30 12:42:15.746947,0 days 00:00:04.233977,866.8186503866802,-495.27255022107755,513.2688083555055,-685.1256096845594,269.6189106613587,-336.12137041818556,-867.2576335185397,46.59408247732202,,COMPLETE
340,0.0,2026-06-30 12:42:14.621750,2026-06-30 12:42:19.814303,0 days 00:00:05.192553,-126.07998792060445,-593.2234954159534,502.1832293285824,-676.411931620926,-776.0993879705276,-245.34573211435745,-968.841364856256,135.10181839776095,,COMPLETE
341,-1.0,2026-06-30 12:42:15.778949,2026-06-30 12:42:18.894830,0 days 00:00:03.115881,763.2346041069661,-597.4447694335535,-26.704937960394403,-757.9933829166616,-781.1774430459114,-272.72984813620724,-966.4707595373554,-6.767221327665906,,COMPLETE
342,-1.0,2026-06-30 12:42:18.933735,2026-06-30 12:42:24.183493,0 days 00:00:05.249758,923.8083021222936,-401.0575926108881,431.18229696876455,-824.7950568952151,-735.4824326884452,-234.39942902396623,-999.7770960817346,-77.01115809367148,,COMPLETE
343,0.0,2026-06-30 12:42:19.832872,2026-06-30 12:42:25.001534,0 days 00:00:05.168662,922.9933294497416,-540.1789495152008,33.65001540123879,-817.7765891192381,-726.0115086678483,-153.94702499008477,-902.8592419260262,-68.16574310447619,,COMPLETE
344,-1.0,2026-06-30 12:42:24.225159,2026-06-30 12:42:29.275663,0 days 00:00:05.050504,891.8287876994082,-542.1310644880966,441.2472208030163,-773.9724132546925,-690.2213065441244,-156.4562730094105,-895.7434288856709,-139.5172103951741,,COMPLETE
345,0.0,2026-06-30 12:42:25.119560,2026-06-30 12:42:30.343853,0 days 00:00:05.224293,889.1612861315767,-437.8426812389531,450.48726709270795,-864.002452149861,-694.993570043843,-183.55710685381536,-931.574360615485,-137.45180806585935,,COMPLETE
346,-1.0,2026-06-30 12:42:29.317103,2026-06-30 12:42:34.076723,0 days 00:00:04.759620,794.4854197747542,-425.2898501996179,465.4986084281996,-864.8233980521866,-814.807371336962,-205.56636333352512,-929.6418205219145,-4.664268715006179,,COMPLETE
347,0.0,2026-06-30 12:42:30.403999,2026-06-30 12:42:35.192224,0 days 00:00:04.788225,789.0023151659664,-488.3973328492855,387.5803664933767,-717.9654743612635,-810.9173620614763,-290.1740637192322,-864.8718873880953,-195.99221086619457,,COMPLETE
348,-1.0,2026-06-30 12:42:34.116143,2026-06-30 12:42:38.855160,0 days 00:00:04.739017,842.4330440392679,-481.9782760428239,301.22087665032086,-718.827033849805,-767.5004157789105,-298.3470085017527,-864.660025390921,70.08810140322923,,COMPLETE
349,0.0,2026-06-30 12:42:35.215484,2026-06-30 12:42:39.976164,0 days 00:00:04.760680,837.6279025171707,-475.29578807243195,528.3700176449059,-742.5058997302948,-765.6717417380593,-368.6541370009596,-956.098457928758,73.74918745920935,,COMPLETE
350,-1.0,2026-06-30 12:42:38.887926,2026-06-30 12:42:43.362489,0 days 00:00:04.474563,958.7179788500931,114.84772388474532,508.57902427250986,-781.2481490481517,-573.3569359737202,-368.4584477225094,-954.1435961267704,-18.178052458831882,,COMPLETE
351,0.0,2026-06-30 12:42:39.996918,2026-06-30 12:42:44.340749,0 days 00:00:04.343831,71.03075770670114,-631.8374904612676,407.953433174937,-793.5248445644079,-581.8967850007966,-240.82044305722678,-689.7967594680634,-24.925116619172357,,COMPLETE
