number,value,datetime_start,datetime_complete,duration,params_V10,params_V11,params_V12,params_V15,params_V18,params_V3,params_V6,params_V9,system_attrs_fixed_params,state
616,0.0,2026-06-30 12:56:00.015799,2026-06-30 12:56:04.342908,0 days 00:00:04.327109,890.5960932063057,-472.1779280319779,517.708027177799,-661.7174675389314,-705.3794641255528,-223.75959265690287,-833.6837479315544,198.93442968226788,,COMPLETE
617,0.0,2026-06-30 12:56:04.368133,2026-06-30 12:56:08.020088,0 days 00:00:03.651955,829.1173045281264,-396.030597370392,402.1565373671286,-823.9253815609572,-816.5635696158218,-312.2531588996039,-960.9467491393395,-119.31596074165458,,COMPLETE
618,0.0,2026-06-30 12:56:08.035142,2026-06-30 12:56:11.828175,0 days 00:00:03.793033,943.3942488167872,-508.25662973954,474.65982196224877,-732.2176184130682,-666.8793265865871,-178.93003210315328,-890.7004988710432,27.860225694179533,,COMPLETE
619,0.0,2026-06-30 12:56:11.845244,2026-06-30 12:56:15.287390,0 days 00:00:03.442146,746.575231752658,-550.1667221458631,418.62351025777957,-776.9486414962566,-745.198462522529,-241.43879854180267,-779.0436567662933,571.9765150793198,,COMPLETE
620,0.0,2026-06-30 12:56:15.302889,2026-06-30 12:56:19.249754,0 days 00:00:03.946865,853.7821574210628,-439.1828302578375,477.09304294121887,-708.2414979906965,-702.4074137139481,-325.6892245476591,-927.5468593596946,-32.63809960927257,,COMPLETE
621,0.0,2026-06-30 12:56:19.263872,2026-06-30 12:56:22.814860,0 days 00:00:03.550988,900.217872734042,-662.2146760631545,517.8676592224298,-823.5541320536806,-846.4587204386147,-278.8491575701364,-874.3915810608314,-79.2538010113498,,COMPLETE
622,0.0,2026-06-30 12:56:22.832951,2026-06-30 12:56:26.787325,0 days 00:00:03.954374,785.4224130840902,-479.3359834444779,378.5743544641885,-770.4519630874992,355.61009626811415,-201.52432847402258,-963.3437629088759,40.70604104222102,,COMPLETE
623,0.0,2026-06-30 12:56:26.805944,2026-06-30 12:56:30.192337,0 days 00:00:03.386393,924.1425862925719,-531.3469204447289,441.63358682896717,-963.6506858050471,-915.4109260105328,-231.88789402112357,-999.4745496476387,-6.443558137533055,,COMPLETE
624,48.0,2026-07-03 10:03:10.710490,2026-07-03 10:03:15.907131,0 days 00:00:05.196641,48.47,122.0,-491.87,-872.14,186.12,-533.92,-861.2,621.11,"{'V3': -533.92, 'V6': -861.2, 'V9': 621.11, 'V10': 48.47, 'V11': 122.0, 'V12': -491.87, 'V15': -872.14, 'V18': 186.12}",COMPLETE
625,0.0,2026-07-03 10:03:15.977085,2026-07-03 10:03:20.437829,0 days 00:00:04.460744,100.3903215308334,8.49411676893368,-404.25221621875875,-924.3500766922951,144.717184126907,-163.63119291473015,-798.5368761425956,691.6152000166423,,COMPLETE
626,0.0,2026-07-03 10:03:20.457231,2026-07-03 10:03:24.215493,0 days 00:00:03.758262,25.35448669138018,218.05356842697273,670.0037370539569,-912.0501946858992,230.50114009414304,-609.197484669473,-842.3750383155909,553.3222595789,,COMPLETE
627,19.0,2026-07-03 10:03:24.232440,2026-07-03 10:03:30.434499,0 days 00:00:06.202059,37.79217937840633,74.40298944489649,-580.3557060657786,-869.7503863251786,141.99582908050348,-526.9688497424773,-762.1495855895658,613.2059153774316,,COMPLETE
628,2.0,2026-07-03 10:03:30.463530,2026-07-03 10:03:34.381686,0 days 00:00:03.918156,257.23073090367654,93.98136084502346,-643.3725368194753,-916.2016662822609,222.04781694955645,-581.8871974058466,-737.0491412711776,626.530523179053,,COMPLETE
629,2.0,2026-07-03 10:03:34.398768,2026-07-03 10:03:38.488597,0 days 00:00:04.089829,-36.537662179969914,143.54089438448324,-631.0062510210876,-905.2421188269768,177.2155093409115,-653.7899761873863,-714.4751147801742,715.8181511579609,,COMPLETE
630,5.0,2026-07-03 10:03:38.511508,2026-07-03 10:03:42.562463,0 days 00:00:04.050955,43.522110934749094,111.572984849871,-669.289578942221,-946.3880379325752,190.8879105428804,-713.6717768674375,-701.2704096380495,602.6452667350738,,COMPLETE
631,2.0,2026-07-03 10:03:42.580305,2026-07-03 10:03:46.619384,0 days 00:00:04.039079,-10.059335476520623,103.5075528069333,-655.0862472549143,-944.3028013890528,169.8765066747252,-738.6095447023106,-706.8877054548877,647.2931981725302,,COMPLETE
632,0.0,2026-07-03 10:03:46.637974,2026-07-03 10:03:50.544431,0 days 00:00:03.906457,-52.60005734610962,158.63483689482456,-662.7590727614262,-965.8812722599375,168.50861079407417,-700.2700750858105,-556.4439586531976,601.934089117491,,COMPLETE
633,4.0,2026-07-03 10:03:50.607285,2026-07-03 10:03:54.900699,0 days 00:00:04.293414,-7.478226923094169,90.81183548133167,-623.5337327632776,-972.8020989149655,213.9815390150281,-721.6036081298087,-679.416188782737,633.7740464283348,,COMPLETE
634,4.0,2026-07-03 10:03:54.917899,2026-07-03 10:04:00.289209,0 days 00:00:05.371310,-6.480768844305793,75.66476175569446,-625.988135141248,-992.0741259974892,201.65595704894292,-730.4357193891763,-633.4749032360754,632.6972157835708,,COMPLETE
635,0.0,2026-07-03 10:04:00.309550,2026-07-03 10:04:04.208665,0 days 00:00:03.899115,-26.186156917549425,80.84893806347776,-638.0590525390014,-988.4889598156834,191.0330113623381,-726.4713945787965,-678.2603289764857,642.4341233077253,,COMPLETE
636,7.0,2026-07-03 10:04:04.228531,2026-07-03 10:04:08.211645,0 days 00:00:03.983114,-1.1366612523715744,103.15042382098453,-706.3260705018923,-992.7630479337693,237.20984229410942,-715.2889142381815,-667.8546372838472,728.6278262900255,,COMPLETE
637,2.0,2026-07-03 10:04:08.229471,2026-07-03 10:04:12.290933,0 days 00:00:04.061462,-5.8536593741430005,93.7110750514489,-701.0590715811314,-991.5396751604753,246.76026186056635,-742.5934400860395,-630.3030933037463,732.0115262687573,,COMPLETE
638,1.0,2026-07-03 10:04:12.307970,2026-07-03 10:04:16.343251,0 days 00:00:04.035281,13.486558503834672,104.43517521291132,-714.8000437595655,-995.9526416631006,198.92617731112557,-716.1514215052242,-636.2206492308953,700.8910499400632,,COMPLETE
639,9.0,2026-07-03 10:04:16.363115,2026-07-03 10:04:20.419130,0 days 00:00:04.056015,9.270109068576154,95.58680557532738,-701.0269045152853,-982.0896207149724,242.59899421578672,-739.7537491620583,-643.5238234600582,727.0939556843172,,COMPLETE
640,4.0,2026-07-03 10:04:20.449207,2026-07-03 10:04:24.391359,0 days 00:00:03.942152,9.787889121387458,107.2646812316887,-732.1659709993348,-995.6244795089573,238.51193797180568,-754.5080126020596,-640.8831810096042,711.5518632862885,,COMPLETE
641,7.0,2026-07-03 10:04:24.407514,2026-07-03 10:04:28.408937,0 days 00:00:04.001423,5.400868858290956,100.81435943223941,-719.152229187816,-968.5687051265375,253.98397587393941,-743.9557341054881,-635.0025445358843,742.6570491988529,,COMPLETE
642,6.0,2026-07-03 10:04:28.426693,2026-07-03 10:04:32.464813,0 days 00:00:04.038120,1.237809350065799,93.8204019924498,-702.3488182532085,-997.1974073975096,306.0564424991782,-757.5336900521235,-637.625262430019,726.9656858529522,,COMPLETE
643,4.0,2026-07-03 10:04:32.493467,2026-07-03 10:04:36.418660,0 days 00:00:03.925193,10.49096235084971,109.30690893334057,-708.4196755862264,-984.862969142464,286.24246834196987,-757.5820044069488,-619.1122798175013,750.6497729445043,,COMPLETE
644,2.0,2026-07-03 10:04:36.446645,2026-07-03 10:04:42.221913,0 days 00:00:05.775268,-2.914467982005471,103.52633045941565,-699.2169035479266,-999.1544175363717,314.714038699676,-751.2908017834621,-633.3127804245058,740.7844026966509,,COMPLETE
645,6.0,2026-07-03 10:04:42.241321,2026-07-03 10:04:46.246962,0 days 00:00:04.005641,-1.7673550275908596,90.36934223157992,-714.1667915032267,-997.8310410800831,295.64504577895474,-743.0272221387178,-626.2445796643269,745.8858363095421,,COMPLETE
646,6.0,2026-07-03 10:04:46.266983,2026-07-03 10:04:50.414695,0 days 00:00:04.147712,-3.6578378779798797,103.16864781232734,-731.0056474536449,-986.7603712172862,326.1492125334554,-749.1010095669163,-634.4647899701081,755.9699740588012,,COMPLETE
647,4.0,2026-07-03 10:04:50.435400,2026-07-03 10:04:54.437455,0 days 00:00:04.002055,-76.2824374118685,89.19992220837857,-703.7118853062535,-983.560277301964,309.4741707315743,-746.7292679074927,-614.1144603088128,752.0314526480133,,COMPLETE
648,0.0,2026-07-03 10:04:54.453269,2026-07-03 10:04:58.559770,0 days 00:00:04.106501,-70.28431264524538,94.84534958528934,-695.9189477804135,-997.0668325152607,308.5353829509949,-742.1905077097625,-618.7088096270888,768.1048528638661,,COMPLETE
649,2.0,2026-07-03 10:04:58.576801,2026-07-03 10:05:02.560619,0 days 00:00:03.983818,-6.0186348823509634,119.49505514071913,-735.487466321037,-999.4421855777566,246.90020378278638,-814.9042286598342,-637.388766777552,732.2793425976273,,COMPLETE
650,8.0,2026-07-03 10:05:02.582041,2026-07-03 10:05:06.725502,0 days 00:00:04.143461,-0.3193748123537219,64.46899129985476,-741.2444611233911,-997.1141820737371,300.32247386466275,-808.2328541194252,-639.8412436867443,729.0125828867896,,COMPLETE
651,7.0,2026-07-03 10:05:06.742805,2026-07-03 10:05:10.764205,0 days 00:00:04.021400,-3.887452298631769,55.11207135842841,-735.9530476203782,-995.6412953899801,375.38775801158664,-808.7766411913107,-635.992053501665,740.2380016872224,,COMPLETE
652,6.0,2026-07-03 10:05:10.782958,2026-07-03 10:05:14.862791,0 days 00:00:04.079833,-6.149174246711836,52.61681126646829,-738.8857992590462,-996.6324611191316,378.10696659554685,-815.4072728089131,-625.5743974322597,719.9164098526055,,COMPLETE
653,8.0,2026-07-03 10:05:14.878568,2026-07-03 10:05:18.937169,0 days 00:00:04.058601,-13.002096486200358,57.73268422364234,-759.169299503231,-995.2784822990777,377.02436644832574,-813.2808874625742,-557.716734399606,734.6171676164541,,COMPLETE
654,13.0,2026-07-03 10:05:18.953656,2026-07-03 10:05:22.962929,0 days 00:00:04.009273,-31.195209532123883,66.43829328478733,-763.3696502870083,-960.5962835136071,383.2392354287319,-783.9839632220766,-572.3909051689757,780.5194679825083,,COMPLETE
655,3.0,2026-07-03 10:05:22.978505,2026-07-03 10:05:26.899501,0 days 00:00:03.920996,-89.56149553428156,51.2698298315179,-765.539966478718,-961.0797650972756,376.42757989897075,-787.4979417536853,-517.4587861932371,802.866607426324,,COMPLETE
656,0.0,2026-07-03 10:05:26.926061,2026-07-03 10:05:31.004646,0 days 00:00:04.078585,-102.08882092076229,48.86064291445796,-752.7951262889558,-958.5250637934649,357.4650770059209,-802.6550835756391,-530.8383147621341,815.4625255631489,,COMPLETE
657,26.0,2026-07-03 10:05:31.029053,2026-07-03 10:05:35.128100,0 days 00:00:04.099047,-58.02111970919826,3.1855626806827644,-802.1108816579144,-960.6441357195795,383.7659085536853,-835.1594199855127,-480.84529689203555,777.8568590619192,,COMPLETE
658,4.0,2026-07-03 10:05:35.149842,2026-07-03 10:05:39.091742,0 days 00:00:03.941900,-56.038007435091025,7.379212537643525,-803.3019292550937,-963.8161968427804,390.7297534788487,-848.0549580305826,-577.8525490621932,758.4343071823486,,COMPLETE
659,29.0,2026-07-03 10:05:39.108167,2026-07-03 10:05:43.062169,0 days 00:00:03.954002,-60.48940325775841,-0.9859633600235469,-838.441619602977,-953.93861231814,390.53372899575845,-896.0631589014899,-483.8046619044842,787.1874969003219,,COMPLETE
660,10.0,2026-07-03 10:05:43.080446,2026-07-03 10:05:47.030105,0 days 00:00:03.949659,-58.002289083559205,-13.142801376581076,-793.548913803293,-957.8309469328633,389.8725508250539,-904.6630000249061,-485.27480597176486,778.2540143945394,,COMPLETE
661,7.0,2026-07-03 10:05:47.049426,2026-07-03 10:05:51.368193,0 days 00:00:04.318767,40.08917185940938,-20.476611125049274,-815.6737614951436,-956.4291155297744,431.1580505134803,-905.0166333931016,-472.5270653539598,779.1057637038224,,COMPLETE
662,0.0,2026-07-03 10:05:51.387900,2026-07-03 10:05:55.817067,0 days 00:00:04.429167,53.278666421615036,-34.91486696732541,-844.1254517089487,-963.1200412897452,454.6097190761336,-909.7190672416556,-481.1495167466689,781.9531629978318,,COMPLETE
663,13.0,2026-07-03 10:05:55.859886,2026-07-03 10:06:00.262693,0 days 00:00:04.402807,42.263156279966616,-82.8521793824112,-810.2576887139722,-998.8317804566229,419.05412324073757,-882.9124797636507,-426.1480995936797,857.1596249916515,,COMPLETE
664,0.0,2026-07-03 10:06:00.281002,2026-07-03 10:06:04.404328,0 days 00:00:04.123326,44.398825651970625,-87.76095950664954,-828.0194326822727,-998.7771713230535,429.4374576974582,-928.9836030488651,-400.68642572737156,834.5173196176875,,COMPLETE
665,0.0,2026-07-03 10:06:04.419537,2026-07-03 10:06:08.625997,0 days 00:00:04.206460,63.05802055179984,-0.9842229612708451,-776.3888062056999,-956.1120009793204,412.8043300759756,-891.7690902510612,-453.17644873894415,897.6366291658449,,COMPLETE
666,0.0,2026-07-03 10:06:08.640756,2026-07-03 10:06:12.879610,0 days 00:00:04.238854,26.78270126227244,53.572828820977456,-870.270725655149,-957.3109224415052,352.9183379218477,-825.9454372985422,-569.5670286285723,857.7918954589027,,COMPLETE
667,22.0,2026-07-03 10:06:12.896018,2026-07-03 10:06:17.114703,0 days 00:00:04.218685,-40.57066521008278,-27.729829346674137,-794.2563018933065,-953.8102658468006,497.36058715655685,-860.9270431480855,-353.7997069187544,787.3023660847397,,COMPLETE
668,0.0,2026-07-03 10:06:17.131332,2026-07-03 10:06:21.256901,0 days 00:00:04.125569,-144.15808317038756,-61.34437889505,-758.7357616291387,-948.5680611707078,501.45888481627236,-861.1085838257105,-438.6312304303885,680.4514660734823,,COMPLETE
669,43.0,2026-07-03 10:06:21.273400,2026-07-03 10:06:25.470165,0 days 00:00:04.196765,-35.955294532143206,-18.85583373181605,-805.6511831839202,-950.5018759770599,447.3891096475666,-951.8637074199854,-333.8684043031479,785.3173332540067,,COMPLETE
670,42.0,2026-07-03 10:06:25.486611,2026-07-03 10:06:31.116784,0 days 00:00:05.630173,-34.78640403614776,-24.69100248052665,-830.10308237175,-949.2922406583117,384.6568547958287,-923.7400036622165,-357.9034916234564,791.1397938413442,,COMPLETE
671,12.0,2026-07-03 10:06:31.138814,2026-07-03 10:06:35.507326,0 days 00:00:04.368512,-49.6901555545907,-27.808231576020777,-799.2458400227518,-944.8110776407196,452.67930955040265,-955.1431167968851,-348.50922156154877,800.5657335457562,,COMPLETE
672,20.0,2026-07-03 10:06:35.525258,2026-07-03 10:06:39.929735,0 days 00:00:04.404477,-55.92768828690593,-25.893059444737816,-802.2997813419161,-941.2642918063505,464.484306068797,-959.2398373514727,-334.9375092211924,789.6107512792317,,COMPLETE
673,0.0,2026-07-03 10:06:39.948278,2026-07-03 10:06:44.133676,0 days 00:00:04.185398,-121.2849972848282,-18.689206514776988,-813.9891464528179,-937.4153261494923,476.1283838788557,-947.6514135472688,-362.95726060234296,807.9641926509449,,COMPLETE
674,31.0,2026-07-03 10:06:44.177423,2026-07-03 10:06:48.416532,0 days 00:00:04.239109,-50.10729278606745,-93.65845523973739,-841.5157730648947,-944.2396085442177,447.22580884347377,-973.5862457387778,-307.06436725677145,829.2722833737488,,COMPLETE
675,9.0,2026-07-03 10:06:48.433474,2026-07-03 10:06:52.543662,0 days 00:00:04.110188,-64.0494028244068,-113.4878070641351,-854.7679250290582,-944.4304786976809,518.0808896037609,-986.0052147217477,-298.024178912278,885.523550130255,,COMPLETE
676,17.0,2026-07-03 10:06:52.560083,2026-07-03 10:06:56.460882,0 days 00:00:03.900799,-49.386582086406634,-121.6673035295037,-855.2168649110126,-936.4291947362135,539.6449683621871,-971.4041095061693,-278.6093902062441,869.2817184140551,,COMPLETE
677,72.0,2026-07-03 10:06:56.481006,2026-07-03 10:07:00.617256,0 days 00:00:04.136250,-64.07451452248571,-100.70600273705823,-908.3223215831322,-937.7402704410993,442.377789267609,-987.8628921667937,-319.5934287673491,866.7516473497126,,COMPLETE
678,25.0,2026-07-03 10:07:00.646571,2026-07-03 10:07:04.550917,0 days 00:00:03.904346,-63.81927091772972,-123.22681481581785,-880.9483182017326,-936.9437949463293,503.3032707709011,-987.6373098310861,-280.39292637182217,871.527978382443,,COMPLETE
679,42.0,2026-07-03 10:07:04.567540,2026-07-03 10:07:08.671540,0 days 00:00:04.104000,-62.29936795797335,-102.93081614519933,-880.003271284956,-934.7543321355315,532.2210004035862,-994.8212734000278,-293.4081795306434,887.9638373205494,,COMPLETE
680,0.0,2026-07-03 10:07:08.692899,2026-07-03 10:07:12.678194,0 days 00:00:03.985295,-67.23644312981342,-118.34181444909488,-850.5751694921374,-928.4941179200172,537.7782310449825,-993.5106598245878,-314.2142950927616,877.7705344841211,,COMPLETE
681,0.0,2026-07-03 10:07:12.695072,2026-07-03 10:07:16.691971,0 days 00:00:03.996899,-166.47783677769627,-84.45528402511954,-901.869244106458,-932.6519571193595,514.384630414212,-957.4734862889152,-211.77856887822344,843.739549819159,,COMPLETE
682,11.0,2026-07-03 10:07:16.714663,2026-07-03 10:07:20.749814,0 days 00:00:04.035151,-109.2246168023203,-157.1924420814239,-926.278313771586,-941.4708516264697,459.0089916900289,-991.6771239072586,-301.58361499400644,952.4662156389651,,COMPLETE
683,0.0,2026-07-03 10:07:20.768839,2026-07-03 10:07:24.723358,0 days 00:00:03.954519,-108.07046953751653,-175.99295629949057,-895.9098279784798,-930.7546209572871,467.10419894126994,-999.2575599461478,-263.38760725745675,944.4777281652978,,COMPLETE
684,4.0,2026-07-03 10:07:24.739946,2026-07-03 10:07:28.788310,0 days 00:00:04.048364,-57.79044157605547,-125.15762772827476,-980.3067508914498,-932.5086560993939,594.4733160377302,-948.4813875334578,-318.1606154010088,898.1077512312725,,COMPLETE
685,18.0,2026-07-03 10:07:28.809259,2026-07-03 10:07:33.042460,0 days 00:00:04.233201,-127.07720028381001,-63.79336295011603,-932.6154573494566,-930.9873762976526,449.48530443998095,-923.4787007464403,-361.86671600223497,873.3277506580494,,COMPLETE
686,31.0,2026-07-03 10:07:33.062717,2026-07-03 10:07:37.277942,0 days 00:00:04.215225,-108.72465811663585,-60.956467556043556,-926.4563307878017,-932.4522774722652,509.4779797549974,-925.6023579364219,-361.1201110728766,966.0538156973457,,COMPLETE
687,16.0,2026-07-03 10:07:37.297656,2026-07-03 10:07:41.342186,0 days 00:00:04.044530,-141.18768778797215,-63.24093523455874,-934.9074631550304,-927.4585469149246,520.7234367400386,-932.5525936689588,-363.31019007281634,967.8092068518309,,COMPLETE
688,0.0,2026-07-03 10:07:41.367610,2026-07-03 10:07:45.474416,0 days 00:00:04.106806,-192.1951392655481,-70.33657530228113,-934.1263485300324,-935.502557491019,525.1370348278197,-924.1387014889532,-360.5221268031419,960.4700549737069,,COMPLETE
689,0.0,2026-07-03 10:07:45.493789,2026-07-03 10:07:49.293311,0 days 00:00:03.799522,-133.49873809931128,-99.14978223825072,-920.8178087721557,-927.8995736576206,492.3708620857687,-963.0927700459882,-306.35488303355277,925.4805638893023,,COMPLETE
690,3.0,2026-07-03 10:07:49.311371,2026-07-03 10:07:53.193823,0 days 00:00:03.882452,-108.8724343898731,-152.75934624901143,-864.6465185451758,-916.6604667533803,447.4198079669766,-885.5987036722872,-269.75069000663126,884.8170985202365,,COMPLETE
691,0.0,2026-07-03 10:07:53.213259,2026-07-03 10:07:57.249353,0 days 00:00:04.036094,-74.22370088754127,-69.90485776553922,-997.5927002935385,-932.3243648425903,557.4737465512974,-999.3241718909507,-403.3691711014228,972.1601316450316,,COMPLETE
692,0.0,2026-07-03 10:07:57.266111,2026-07-03 10:08:01.356512,0 days 00:00:04.090401,-166.34122424175035,-37.26728211888192,-935.5760322259359,-915.2029659428596,488.49038873072976,-934.8780317971831,-351.08539582751064,854.9063008988562,,COMPLETE
693,0.0,2026-07-03 10:08:01.388282,2026-07-03 10:08:05.563804,0 days 00:00:04.175522,-116.45240315675149,-108.39419442615596,-872.8537223926473,-943.4400743618985,446.49352061090866,-959.0693672883577,-248.76455682669814,920.0059671118734,,COMPLETE
694,0.0,2026-07-03 10:08:05.589298,2026-07-03 10:08:09.490005,0 days 00:00:03.900707,-231.37538453655162,-193.21575087581363,-835.2307092140658,-912.0067274869178,532.2216764665843,-915.7655583924274,-385.1237134646033,835.5735836036447,,COMPLETE
695,9.0,2026-07-03 10:08:09.522144,2026-07-03 10:08:13.425247,0 days 00:00:03.903103,-56.850281219384016,-41.71901252374869,-901.8917350961846,-946.9192894290707,611.1787488986239,-876.6900032403446,-288.2945795451153,993.754365840057,,COMPLETE
696,0.0,2026-07-03 10:08:13.441493,2026-07-03 10:08:17.451860,0 days 00:00:04.010367,-78.07738531041052,-143.67613810960862,-802.7472461551515,-909.9042981944759,418.4985873337613,-963.2587657027642,-423.4321970072337,878.9764434642633,,COMPLETE
697,0.0,2026-07-03 10:08:17.478497,2026-07-03 10:08:21.311058,0 days 00:00:03.832561,-141.7451501546072,-93.39088974870637,-845.690002942762,-951.9237920742669,495.6616998731005,-904.5489017997241,-338.3784205007724,815.1588228641955,,COMPLETE
698,0.0,2026-07-03 10:08:21.327972,2026-07-03 10:08:25.268635,0 days 00:00:03.940663,-43.644982570564515,-8.953228483497874,-954.2066385366918,-950.6288075954168,439.7496658729737,-970.694163103612,-194.33619853381504,916.561356676616,,COMPLETE
699,9.0,2026-07-03 10:08:25.305784,2026-07-03 10:08:29.429163,0 days 00:00:04.123379,-101.23698660687333,-49.227533648415,-882.1667010824804,-904.4135428632361,466.1528408241699,-928.617403947938,-371.79359741431153,862.9984387949559,,COMPLETE
700,14.0,2026-07-03 10:08:29.462961,2026-07-03 10:08:33.591647,0 days 00:00:04.128686,-51.665604357109515,-122.82482876568145,-924.2510526542363,-917.0129450696295,553.6337554483713,-867.6853476756716,-301.0230163488457,951.5497001704827,,COMPLETE
701,0.0,2026-07-03 10:08:33.617293,2026-07-03 10:08:37.874194,0 days 00:00:04.256901,-190.89582248374634,14.021184044987073,-917.797032937939,-907.2974731910787,575.2942967346303,-868.5939809168158,-332.5203659704309,835.9442834119915,,COMPLETE
702,3.0,2026-07-03 10:08:37.898995,2026-07-03 10:08:41.863628,0 days 00:00:03.964633,-52.45107185655949,-164.2291986727689,-801.2268439386493,-906.2257803781189,422.68010317936086,-892.5602631444993,-406.0030046467718,952.9918860399418,,COMPLETE
703,14.0,2026-07-03 10:08:41.881594,2026-07-03 10:08:45.822574,0 days 00:00:03.940980,-107.07849286884174,-59.68102347469809,-961.1079142291096,-951.0453880646787,656.5862149281752,-942.6614101647085,-231.97676960194696,942.2737056182559,,COMPLETE
