number,value,datetime_start,datetime_complete,duration,params_V10,params_V11,params_V12,params_V15,params_V18,params_V3,params_V6,params_V9,system_attrs_fixed_params,state
792,0.0,2026-07-03 10:14:36.685510,2026-07-03 10:14:40.811201,0 days 00:00:04.125691,-2.8712550364948584,25.781060382639353,-874.8148617102306,-998.211815705238,454.84646254709315,-961.0621137886392,-423.154899766237,973.0816458783597,,COMPLETE
793,16.0,2026-07-03 10:14:40.831666,2026-07-03 10:14:45.111700,0 days 00:00:04.280034,-75.17676347762992,-78.62998824907868,-863.1246896447872,-923.7536413731842,390.2368321849234,-924.5205100512446,-498.24876009053645,996.7842851480384,,COMPLETE
794,0.0,2026-07-03 10:14:45.138769,2026-07-03 10:14:49.025964,0 days 00:00:03.887195,-154.49088611634008,-120.49718936033297,-915.655029459321,-957.8922240866949,427.33623906340284,-950.153666184211,-400.05549794812805,907.6606182631868,,COMPLETE
795,15.0,2026-07-03 10:14:49.041314,2026-07-03 10:14:52.971414,0 days 00:00:03.930100,14.638459451411372,-51.80791089088143,-836.4944364392018,-902.7171744445344,471.44988393703767,-888.4413796689807,-458.87850566790365,884.1640542348615,,COMPLETE
796,26.0,2026-07-03 10:14:52.988117,2026-07-03 10:14:56.966801,0 days 00:00:03.978684,-101.89873779676863,-5.942660694152778,-932.1655898627902,-999.7383477172853,336.86415097584444,-965.3954515532809,-197.24335096451233,942.0293048695086,,COMPLETE
797,13.0,2026-07-03 10:14:56.982465,2026-07-03 10:15:00.725850,0 days 00:00:03.743385,-27.89363689140886,29.303900207303514,-883.0434451507675,-998.7602259089914,334.3300760748647,-971.3608041872385,-158.89955623179983,954.1656149541559,,COMPLETE
798,14.0,2026-07-03 10:15:00.744122,2026-07-03 10:15:04.624569,0 days 00:00:03.880447,-61.21839638376662,-11.603794724249084,-917.1566414351678,-962.0463600403475,379.53437267957,-906.1306933617268,-131.87377738608654,945.6848133028226,,COMPLETE
799,0.0,2026-07-03 10:15:04.643057,2026-07-03 10:15:08.573833,0 days 00:00:03.930776,-122.00919956124413,30.57655032016969,-822.0826945495936,-959.7161531123221,391.1226963054698,-969.0418390985668,-197.25408437362125,998.3402435120519,,COMPLETE
800,0.0,2026-07-03 10:15:08.598307,2026-07-03 10:15:12.360855,0 days 00:00:03.762548,147.7942679320363,-4.012884780429864,-861.7654856009846,-965.4555724479569,438.8938316787152,-995.7103483847789,-434.9311276424411,842.967312193648,,COMPLETE
801,0.0,2026-07-03 10:15:12.377714,2026-07-03 10:15:16.299106,0 days 00:00:03.921392,18.82784264083316,-60.06788818306402,-550.9515991673577,-931.9395544626092,347.26881715964583,-838.323863799644,-524.2359137926178,877.3641582585362,,COMPLETE
802,38.0,2026-07-03 10:15:16.345694,2026-07-03 10:15:20.662729,0 days 00:00:04.317035,-66.96039344781457,-11.813244598725138,-898.5387694328393,-964.117369932426,407.50709254250626,-916.7431628166203,-394.67882810479676,925.3518935395158,,COMPLETE
803,0.0,2026-07-03 10:15:20.678434,2026-07-03 10:15:24.760124,0 days 00:00:04.081690,-199.222791552596,30.567478212695356,-934.0261738299336,-998.7826896897103,419.35100839952435,-883.5464921276625,-397.2394404223698,933.2166849686295,,COMPLETE
804,9.0,2026-07-03 10:15:24.776749,2026-07-03 10:15:28.660296,0 days 00:00:03.883547,-22.678777186163366,-12.780320408980096,-907.3504263562909,-953.7440223174009,385.97409591145,-922.0943899663447,-463.8111956471792,963.9067732579227,,COMPLETE
805,11.0,2026-07-03 10:15:28.677853,2026-07-03 10:15:32.506349,0 days 00:00:03.828496,-94.70229347753192,-34.60305696559351,-802.4683069948809,-969.6430650558927,348.50711492861103,-841.5250746994774,-76.27170964721654,918.311104936402,,COMPLETE
806,0.0,2026-07-03 10:15:32.523091,2026-07-03 10:15:36.359034,0 days 00:00:03.835943,60.23801806572762,45.54857333087912,-847.386368336158,-914.2522283861834,329.50133211580135,-891.6145720141426,-426.75390121249956,961.486586930633,,COMPLETE
807,12.0,2026-07-03 10:15:36.376607,2026-07-03 10:15:40.178627,0 days 00:00:03.802020,-155.46690413056984,-1.940941444526434,-946.1987214907571,-999.3784658797076,417.10664856563403,-926.7621641643033,-385.00409104594826,675.3382639333715,,COMPLETE
808,0.0,2026-07-03 10:15:40.213435,2026-07-03 10:15:44.041311,0 days 00:00:03.827876,-58.02332801144911,-69.72476670130649,-449.06878654487366,329.970437515625,450.3067744827871,-873.9431991962234,-16.153335049707437,894.3552280610066,,COMPLETE
809,0.0,2026-07-03 10:15:44.057112,2026-07-03 10:15:47.762731,0 days 00:00:03.705619,-112.70444205680243,190.38945747322532,-898.9053627342724,-959.4332424731906,394.80208502846483,-954.0446889969935,-522.5508917723346,827.3680790539381,,COMPLETE
810,42.0,2026-07-03 10:15:47.779984,2026-07-03 10:15:51.642436,0 days 00:00:03.862452,-12.255866949276552,-42.52249608146764,-781.8805349769045,-912.4601406822131,460.79134692589685,-919.9897970208365,-463.04335844906785,926.8958045137169,,COMPLETE
811,14.0,2026-07-03 10:15:51.664387,2026-07-03 10:15:55.405077,0 days 00:00:03.740690,30.02235045764509,-56.14717543218533,-770.2411609508735,-885.7163397765261,478.97135828884166,-817.1558449857233,-496.27330911083,865.7696255473409,,COMPLETE
812,26.0,2026-07-03 10:15:55.427211,2026-07-03 10:15:59.280360,0 days 00:00:03.853149,-4.087166707445888,-83.53091987593737,-827.7402838886452,-901.5887205502862,466.87916656421726,-901.9049773764109,-468.35367415811015,907.8882276102033,,COMPLETE
813,16.0,2026-07-03 10:15:59.297787,2026-07-03 10:16:03.101285,0 days 00:00:03.803498,-21.834427985122012,-40.06023018478723,-780.2007460481907,-870.9691614110503,504.0918644357628,-868.8836105807688,-380.0940873344049,500.20195167142583,,COMPLETE
814,0.0,2026-07-03 10:16:03.119297,2026-07-03 10:16:06.880507,0 days 00:00:03.761210,94.53270780857788,26.457653999391518,-809.5769293973624,-917.4100381095947,421.27515754103285,-928.9256239512205,-430.09596757889244,830.3058949661583,,COMPLETE
815,0.0,2026-07-03 10:16:06.895940,2026-07-03 10:16:10.750194,0 days 00:00:03.854254,20.90046272846746,-40.70368989410076,-863.7972854639197,-927.9039599324785,462.6308386113488,-922.1163325274617,-561.1137635024319,920.8580880049291,,COMPLETE
816,23.0,2026-07-03 10:16:10.766313,2026-07-03 10:16:14.574842,0 days 00:00:03.808529,-55.328115972206064,-93.9665281048725,-851.2962226658717,-886.2532086592785,64.70477621174514,-837.7986570343596,-498.31249515286106,878.1134514073354,,COMPLETE
817,16.0,2026-07-03 10:16:14.592432,2026-07-03 10:16:18.507970,0 days 00:00:03.915538,60.61875975950329,158.52117550935978,-523.9067438087054,-77.96176407442968,529.1837855447131,-882.046289440466,-418.255303745894,988.2673872449184,,COMPLETE
818,0.0,2026-07-03 10:16:18.527447,2026-07-03 10:16:22.782891,0 days 00:00:04.255444,-12.21601994829765,-12.422691750875785,-893.8946333049983,-861.9852076324723,442.827132718804,-960.4027504459762,-459.6054814369363,834.884447294444,,COMPLETE
819,13.0,2026-07-03 10:16:22.799481,2026-07-03 10:16:26.699749,0 days 00:00:03.900268,-62.96274300119901,58.13792930490676,-789.9667373253958,-931.243820187207,395.8869950145305,-920.7956398929812,-376.15836821650174,946.0084010048668,,COMPLETE
820,0.0,2026-07-03 10:16:26.722141,2026-07-03 10:16:30.406552,0 days 00:00:03.684411,-36.59502113572121,257.9641896577177,-344.61910224657436,-957.6701112305865,499.2622241620137,-962.7859520227714,-410.2885082173807,891.7879116972574,,COMPLETE
821,8.0,2026-07-03 10:16:30.425531,2026-07-03 10:16:34.256899,0 days 00:00:03.831368,40.29596828050583,-91.60049556679436,-820.8761729613907,-903.4362487890669,465.12460755184827,-881.0273879366852,-349.68797692170494,920.1440223164625,,COMPLETE
822,4.0,2026-07-03 10:16:34.278938,2026-07-03 10:16:38.046217,0 days 00:00:03.767279,-88.70377320201666,-148.75589213244442,-875.3486197631444,158.0122165614521,545.2300131408392,-928.0301324774863,-445.1401486960134,860.4224165723434,,COMPLETE
823,0.0,2026-07-03 10:16:38.061505,2026-07-03 10:16:41.876096,0 days 00:00:03.814591,-11.150171300916583,-62.09484153657928,-949.9546739868895,-935.6718014045975,413.19300536386436,-997.6378637464223,-542.3068586974628,961.1574354388139,,COMPLETE
