number,value,datetime_start,datetime_complete,duration,params_V10,params_V11,params_V12,params_V15,params_V18,params_V3,params_V6,params_V9,system_attrs_fixed_params,state
88,-1.0,2026-06-30 12:15:00.508602,2026-06-30 12:15:00.568366,0 days 00:00:00.059764,524.754012505083,89.5986598399424,-688.4152067795084,-393.8878323687876,-756.3340612688735,-596.5723928331292,365.162352299077,217.0518346420131,,COMPLETE
89,-1.0,2026-06-30 12:15:00.578317,2026-06-30 12:15:00.637068,0 days 00:00:00.058751,669.5916444487283,-447.5672670969079,716.4980178094563,704.5181216697351,-295.9162239944593,-757.3676196991235,645.1910704110915,-335.12262354897547,,COMPLETE
90,-1.0,2026-06-30 12:15:00.646517,2026-06-30 12:15:00.710391,0 days 00:00:00.063874,-680.6738323753277,-634.1635373850543,329.2069530177808,794.9445226927847,-650.4763048246771,-215.00180049752498,63.19083705748841,595.8550313441742,,COMPLETE
91,-1.0,2026-06-30 12:15:00.719685,2026-06-30 12:15:00.781710,0 days 00:00:00.062025,368.0703559104985,-535.3118871780871,912.8606555624013,-776.2341274120566,581.2451730482426,-492.47394656885103,568.8404114671466,-559.4954197080299,,COMPLETE
92,-1.0,2026-06-30 12:15:00.791698,2026-06-30 12:15:00.849547,0 days 00:00:00.057849,460.6486083289262,-256.4376360211134,801.9680800382332,-518.8034028562521,360.526966092227,902.0169557845076,140.16557086550927,-438.8081657828415,,COMPLETE
93,-1.0,2026-06-30 12:15:00.860222,2026-06-30 12:15:00.918338,0 days 00:00:00.058116,561.6910157796801,-381.41012323739767,862.0341037111557,-606.8208166715399,454.42587412429054,89.69792021214838,488.17641257551475,36.92744058145088,,COMPLETE
94,-1.0,2026-06-30 12:15:00.927984,2026-06-30 12:15:00.984454,0 days 00:00:00.056470,249.07174499148886,-306.8838118850139,-232.82895885730272,-872.6250318577357,683.2697592349173,-393.7405693431978,195.67643993831354,-136.06180558352636,,COMPLETE
95,-1.0,2026-06-30 12:15:00.996089,2026-06-30 12:15:01.062419,0 days 00:00:00.066330,335.48472505417965,-204.27198365552357,605.888377682978,-690.4387451656478,-953.9306680649839,-431.00483928453764,233.6737438132801,-683.508072974474,,COMPLETE
96,-1.0,2026-06-30 12:15:01.073799,2026-06-30 12:15:01.142359,0 days 00:00:00.068560,-821.388122748653,-148.09513091232213,-853.6245103992319,29.125515419072315,254.44477189138516,-558.0405200476122,332.3973598814267,-776.9925582008105,,COMPLETE
97,-1.0,2026-06-30 12:15:01.152321,2026-06-30 12:15:01.214194,0 days 00:00:00.061873,843.1064485644506,-66.38375536378894,958.3685930143497,-591.1580600845385,-795.1708537099651,-264.7375617790371,-822.2110587114574,-354.8136346042866,,COMPLETE
98,-1.0,2026-06-30 12:15:01.223356,2026-06-30 12:15:01.283233,0 days 00:00:00.059877,702.6475495254276,44.441259503355894,-125.30176460231091,469.44561524612277,-863.484451451572,-937.2003993078425,101.15814085967965,-906.1126226718656,,COMPLETE
99,-1.0,2026-06-30 12:15:01.297610,2026-06-30 12:15:01.357866,0 days 00:00:00.060256,-459.8313952327864,-846.0130405520413,-995.6632208193951,-849.0075213239622,73.42731600371275,339.15611347214207,278.09768938343007,-844.1087744324279,,COMPLETE
100,-1.0,2026-06-30 12:15:51.256022,2026-06-30 12:15:51.373930,0 days 00:00:00.117908,399.44940590111327,-339.9021922683353,-936.7412951737845,377.3737720738316,934.2139705378412,424.3852439277392,-599.7041326486566,256.8261026760857,,COMPLETE
101,-1.0,2026-06-30 12:15:51.389346,2026-06-30 12:15:51.450946,0 days 00:00:00.061600,978.48426544432,924.6781517618348,-353.71220967647054,-225.45210058386726,135.0975969944907,952.8729506343468,-40.98223524715689,981.6105825821069,,COMPLETE
102,-1.0,2026-06-30 12:15:51.461931,2026-06-30 12:15:51.523211,0 days 00:00:00.061280,-134.03908545719747,626.4107089027133,-513.3493734621186,-418.20390645147063,-221.84426419712088,502.90025908810145,396.2533601166674,871.5015724330107,,COMPLETE
103,-1.0,2026-06-30 12:15:51.532993,2026-06-30 12:15:51.601762,0 days 00:00:00.068769,908.2828049990579,783.907138217307,-609.6802344154696,-533.6899820206916,-151.24828742036382,703.4397197363412,683.7319614573277,712.493196284161,,COMPLETE
104,-1.0,2026-06-30 12:15:51.614876,2026-06-30 12:15:51.688537,0 days 00:00:00.073661,471.7726850692053,-12.98884822536354,222.13057918767151,-655.8886551912282,618.5709986459481,-165.89802261696326,16.42028409246751,-999.9946877832622,,COMPLETE
105,-1.0,2026-06-30 12:15:51.699425,2026-06-30 12:15:51.767323,0 days 00:00:00.067898,776.8188510508501,-924.2408048949699,-278.5551795274471,-932.5183709879994,-384.56574966230426,-75.69246512372126,945.400846299087,181.3844251811285,,COMPLETE
106,-1.0,2026-06-30 12:15:51.780097,2026-06-30 12:15:51.849665,0 days 00:00:00.069568,203.67493033736946,915.4646372948694,-30.33735481112542,571.2719921797272,-86.72458423723964,200.08083477251748,-119.19447296191612,-503.10803327185755,,COMPLETE
107,-1.0,2026-06-30 12:15:51.863812,2026-06-30 12:15:51.958174,0 days 00:00:00.094362,632.0928863626722,-711.1423908475263,86.71722896027705,-324.68736298245994,0.9970540243725227,-679.6337098423197,849.2846562761322,307.0910480849556,,COMPLETE
108,-1.0,2026-06-30 12:15:51.968509,2026-06-30 12:15:52.033918,0 days 00:00:00.065409,938.2804798183066,713.5826923450351,544.9882072841418,-297.0820603041958,330.3797029204268,784.6061859157747,915.1509602986399,-107.63256320111786,,COMPLETE
109,-1.0,2026-06-30 12:15:52.048983,2026-06-30 12:15:52.133802,0 days 00:00:00.084819,523.4007320847754,-426.3538849560415,882.9047466024133,-99.0731302704062,-26.468655021255472,870.0399340352211,166.0950158338623,-213.1389509687986,,COMPLETE
110,-1.0,2026-06-30 12:15:52.148841,2026-06-30 12:15:52.232419,0 days 00:00:00.083578,-516.8635115501523,979.6083128222043,120.14139909630367,932.6158857448282,-441.1753209407919,996.4269950420212,-227.47888727923566,-279.9247402504106,,COMPLETE
111,-1.0,2026-06-30 12:15:52.243818,2026-06-30 12:15:52.317227,0 days 00:00:00.073409,892.7062519372903,339.0085354768253,-898.7020562259985,-989.9391146987087,785.9580738076016,-351.21432959119124,-282.76052530933123,-51.86302704684074,,COMPLETE
112,-1.0,2026-06-30 12:15:52.330234,2026-06-30 12:15:52.413072,0 days 00:00:00.082838,967.9982995465261,216.01643025303724,-814.7640164939198,-906.8960303612041,854.2540506886647,-187.92890873123713,-496.30796641041957,-583.507459012127,,COMPLETE
113,-1.0,2026-06-30 12:15:52.424480,2026-06-30 12:15:52.494495,0 days 00:00:00.070015,842.3470753887724,533.2471114926968,-740.6017377906473,-954.6605068307742,129.20917152846505,546.7430704760183,-381.69739124385694,-189.0407409043272,,COMPLETE
114,-1.0,2026-06-30 12:15:52.506068,2026-06-30 12:15:52.570996,0 days 00:00:00.064928,698.5941912002697,134.11134762273295,772.588633356661,-835.7391657559638,27.16397499413143,-109.27984978874059,443.04224386691305,-948.3660166407703,,COMPLETE
115,-1.0,2026-06-30 12:15:52.581654,2026-06-30 12:15:52.651917,0 days 00:00:00.070263,125.92442301413612,420.6129266786705,-654.077210760543,650.9502702376592,976.3775018719965,-7.431390197887595,778.7779931573798,-411.1348996794213,,COMPLETE
116,-1.0,2026-06-30 12:15:52.664383,2026-06-30 12:15:52.733642,0 days 00:00:00.069259,40.524821055060485,272.90346019011895,-915.9439767012007,-792.15694991359,236.71559223131874,-290.9365550744511,-162.3429589108796,376.8090663010321,,COMPLETE
117,-1.0,2026-06-30 12:15:52.746038,2026-06-30 12:15:52.809904,0 days 00:00:00.063866,780.6610098325724,-102.19010421687359,-787.8666142314504,187.67655678521896,-269.2586354287021,157.5107399732386,278.2123332093083,-27.102222351151227,,COMPLETE
118,-1.0,2026-06-30 12:15:52.819469,2026-06-30 12:15:52.899812,0 days 00:00:00.080343,928.627230205938,-761.7520642329835,-143.454200192274,-716.0934978375251,-492.09500657090007,-240.97216983207937,-915.0831786698144,866.4731752869664,,COMPLETE
119,-1.0,2026-06-30 12:15:52.910567,2026-06-30 12:15:52.981087,0 days 00:00:00.070520,-42.340275774939784,-224.40117583938178,485.5949342374039,-402.5514365344943,-126.3802698270967,296.71959446596577,-694.4769894813504,-313.378773670181,,COMPLETE
120,-1.0,2026-06-30 12:15:52.990923,2026-06-30 12:15:53.058304,0 days 00:00:00.067381,872.637708744036,42.66614881476801,703.1548198751345,34.76068353184429,-958.8139561609835,-471.299338605352,-68.31757410377134,129.39320603373704,,COMPLETE
121,-1.0,2026-06-30 12:15:53.069861,2026-06-30 12:15:53.139428,0 days 00:00:00.069567,594.7266634476387,6.872371829383155,-452.7276102318127,-489.449767370268,405.6808394087409,-868.1459607406205,867.6196917804102,797.9899343699678,,COMPLETE
122,-1.0,2026-06-30 12:15:53.151058,2026-06-30 12:15:53.219333,0 days 00:00:00.068275,991.9801246916692,-172.23147043408403,-204.98329767909283,-890.8630533902693,200.06316433396904,-404.66439852288244,611.2003740217679,942.9412678095231,,COMPLETE
123,-1.0,2026-06-30 12:15:53.229884,2026-06-30 12:15:53.289068,0 days 00:00:00.059184,-994.7006902796895,-265.8588751955737,-347.7285151266901,-655.2916369931423,460.5718147792746,-542.0704152605192,925.9678133832873,663.9959087032671,,COMPLETE
124,-1.0,2026-06-30 12:15:53.300889,2026-06-30 12:15:53.374642,0 days 00:00:00.073753,736.6463999689734,193.13117400951518,9.298787976034248,-574.2124644475382,-58.262851627051646,-700.3355519177037,998.7298363744363,461.73321199333975,,COMPLETE
125,-1.0,2026-06-30 12:15:53.388950,2026-06-30 12:15:53.473975,0 days 00:00:00.085025,803.8343426323355,-77.31351825901379,-859.4878877193984,324.1867993819244,672.7503938616696,245.9667982716447,213.17812148741905,911.288139024412,,COMPLETE
126,-1.0,2026-06-30 12:15:53.485916,2026-06-30 12:15:53.558504,0 days 00:00:00.072588,-930.6311831233771,-141.24463325620388,-259.41687856725343,225.6541125188884,-889.9087031843428,-776.3977110619279,497.14422353661456,760.7196695587052,,COMPLETE
127,-1.0,2026-06-30 12:15:53.575680,2026-06-30 12:15:53.671586,0 days 00:00:00.095906,312.5978157166817,88.58341216489363,982.2976700899625,-946.2271992465687,525.6988626091922,-657.6719022929856,708.946898744718,555.5718148697667,,COMPLETE
128,-1.0,2026-06-30 12:15:53.690204,2026-06-30 12:15:53.843311,0 days 00:00:00.153107,631.4420849261404,-27.645761123937746,300.8997935310709,-434.619172901633,-701.6627120515722,-598.0850993439172,320.509748442964,801.3077543230604,,COMPLETE
129,-1.0,2026-06-30 12:15:53.875912,2026-06-30 12:15:54.099315,0 days 00:00:00.223403,425.8450808380937,317.4125278615537,-562.3726219183189,-810.6738864545284,93.22626201771419,399.0522346138178,-578.6681542043594,-859.2613095124315,,COMPLETE
130,-1.0,2026-06-30 12:15:54.130923,2026-06-30 12:15:54.285407,0 days 00:00:00.154484,-780.4268686901207,-312.4532206378271,406.01481425869105,133.96039655245323,317.7461808682613,-305.8811856615503,359.8114515682753,613.0002763805702,,COMPLETE
131,-1.0,2026-06-30 12:15:54.320432,2026-06-30 12:15:54.409323,0 days 00:00:00.088891,564.0372517018088,713.1869056877906,932.1644751946266,-204.45202419951693,-84.60770567755526,-29.439793951776323,-132.8234509329888,311.22380671150773,,COMPLETE
132,-1.0,2026-06-30 12:15:54.423894,2026-06-30 12:15:54.517311,0 days 00:00:00.093417,-365.207368482554,861.0860424129312,-455.67468605072156,-291.1959243275718,-340.1127365932983,475.83053821296926,-335.0354675808819,384.1627850899514,,COMPLETE
133,-1.0,2026-06-30 12:15:54.530309,2026-06-30 12:15:54.612550,0 days 00:00:00.082241,689.0862346568683,764.3148312727833,-324.7563069748206,-999.9272036976213,-837.6842926810845,111.51304935225684,104.14637282955708,431.27581990370163,,COMPLETE
134,-1.0,2026-06-30 12:15:54.625237,2026-06-30 12:15:54.706616,0 days 00:00:00.081379,652.9460252406122,-186.8448326757473,-421.4229006940943,-374.6642290106901,36.18244694116633,41.767900216984344,416.12777545949155,174.7981899061954,,COMPLETE
135,-1.0,2026-06-30 12:15:54.720804,2026-06-30 12:15:54.810447,0 days 00:00:00.089643,-855.1713809528757,539.6802676094333,-401.35191608206253,-447.18386151455945,-205.3381945094476,-349.8780765009373,40.36593584125009,38.04388350690777,,COMPLETE
136,-1.0,2026-06-30 12:15:54.825309,2026-06-30 12:15:54.911569,0 days 00:00:00.086260,728.2523153577915,226.71647993052292,-952.4953359409327,-127.99230918584317,-28.768432577686212,-99.335349076375,536.8855637389645,503.47587235566937,,COMPLETE
137,-1.0,2026-06-30 12:15:54.931275,2026-06-30 12:15:55.024242,0 days 00:00:00.092967,485.505542503936,434.90686461878204,-716.1137043279555,-25.902427811132327,205.39052158871004,662.8850777562571,246.79233519230343,98.15286381212738,,COMPLETE
138,-1.0,2026-06-30 12:15:55.042896,2026-06-30 12:15:55.131900,0 days 00:00:00.089004,-633.2625834421231,163.6458224927898,-155.4407131491659,-538.4802309656386,-917.7912212959186,-511.7819384616055,-283.1916073233302,312.62483878769746,,COMPLETE
139,-1.0,2026-06-30 12:15:55.147743,2026-06-30 12:15:55.244526,0 days 00:00:00.096783,599.2861203064411,-873.5609540854439,-830.9321296438837,431.6052700148603,-790.1112194360018,69.78912378046901,-450.73698777797523,-721.2312113311623,,COMPLETE
140,-1.0,2026-06-30 12:15:55.259059,2026-06-30 12:15:55.350969,0 days 00:00:00.091910,819.2619876517251,282.413757540645,338.9935892989532,-757.5127993902597,-151.85955412411624,-169.99884249991803,-12.808884732141836,-269.9471274394917,,COMPLETE
141,-1.0,2026-06-30 12:15:55.364975,2026-06-30 12:15:55.460528,0 days 00:00:00.095553,103.3683437280942,368.80971778683397,-31.278562880269032,-705.3851357337103,-593.007493869854,-574.9814565899812,-786.2743345591424,-967.4628265892776,,COMPLETE
142,-1.0,2026-06-30 12:15:55.477073,2026-06-30 12:15:55.560619,0 days 00:00:00.083546,-5.821979770307607,-571.8147546444465,251.7368000703114,-602.5470525032329,731.539465295027,-429.3216467407479,-998.8779272796787,-159.24743863485827,,COMPLETE
143,-1.0,2026-06-30 12:15:55.579173,2026-06-30 12:15:55.685929,0 days 00:00:00.106756,-172.8302489950793,-656.3699617258526,54.98811502900389,-639.310967565884,-550.4390126875355,-471.08524012382344,154.87166182893526,-101.31788467311027,,COMPLETE
144,-1.0,2026-06-30 12:15:55.706196,2026-06-30 12:15:55.789139,0 days 00:00:00.082943,539.5303722397612,-403.5997919188597,215.23677672495805,-868.7263017946095,-858.322001433354,-521.622267747037,901.199213509877,-901.6797577407841,,COMPLETE
145,-1.0,2026-06-30 12:15:55.799698,2026-06-30 12:15:55.862570,0 days 00:00:00.062872,168.4125344954819,-815.7266474580609,134.0510514737759,-516.0663240525569,-997.3312677505871,-959.8891645921501,-888.1753524896069,-364.9406910690918,,COMPLETE
146,-1.0,2026-06-30 12:15:55.872601,2026-06-30 12:15:55.932947,0 days 00:00:00.060346,51.94714343670938,-235.00733833009957,651.7159323108456,-922.8894956666925,-249.931369365374,-411.57232951425095,-227.03832064186366,258.92193759766167,,COMPLETE
147,-1.0,2026-06-30 12:15:55.942870,2026-06-30 12:15:56.002383,0 days 00:00:00.059513,346.63347563799266,667.1553937359676,-67.53777481108173,733.985085329341,170.71570607810207,909.7321636123557,468.1122020990023,-244.56793920243803,,COMPLETE
148,-1.0,2026-06-30 12:15:56.012313,2026-06-30 12:15:56.069899,0 days 00:00:00.057586,265.73580803648974,-977.4964665246612,825.7102444072394,58.83463778935695,608.5397012866554,-609.3649334883232,787.8530419339104,-789.3537137585317,,COMPLETE
149,-1.0,2026-06-30 12:15:56.082167,2026-06-30 12:15:56.152780,0 days 00:00:00.070613,218.9298282206405,-686.425758603973,-112.47535980140697,-564.3609249892734,805.3252709282053,730.5289227322149,-669.4609590137258,-928.8713454022583,,COMPLETE
150,0.0,2026-06-30 12:20:28.429620,2026-06-30 12:20:32.192621,0 days 00:00:03.763001,766.0839754534765,-466.75194393774194,581.9608660641974,-836.0476089524774,-722.9789904368804,-325.82344949655885,-779.3586834928923,-2.1691085550580738,,COMPLETE
151,0.0,2026-06-30 12:20:32.222616,2026-06-30 12:20:36.418033,0 days 00:00:04.195417,768.964229892742,-546.5513681025169,172.47453443410143,-684.5328718057108,-722.206628754225,-264.30636680329843,-940.6357291407542,-2.2763678033964667,,COMPLETE
152,0.0,2026-06-30 12:20:36.430499,2026-06-30 12:20:39.785486,0 days 00:00:03.354987,757.1212479158424,-466.34591343391105,175.21895161159017,-740.5236028717459,-720.6716005970973,-227.1527651266451,-817.3370385988794,-10.633503916896746,,COMPLETE
153,0.0,2026-06-30 12:20:39.798284,2026-06-30 12:20:43.959949,0 days 00:00:04.161665,874.759713161938,-474.5633946124436,433.742186939813,-777.5849429035253,-771.0825803322497,-248.65190497682198,-943.6602576072637,24.981895921141316,,COMPLETE
154,0.0,2026-06-30 12:20:43.974673,2026-06-30 12:20:48.298801,0 days 00:00:04.324128,885.0156302046943,-465.4024733184955,441.8506327040718,-776.8546004872268,-744.0796716894398,-239.58837708904866,-949.4161085129592,5.146844138659882,,COMPLETE
155,0.0,2026-06-30 12:20:48.315507,2026-06-30 12:20:52.518445,0 days 00:00:04.202938,882.8561275373487,-468.4040697252751,450.61573765631,-792.3982238022196,-736.9440984261335,-234.53982081956283,-907.9275957065154,6.870177006242653,,COMPLETE
156,0.0,2026-06-30 12:20:52.563873,2026-06-30 12:20:56.479085,0 days 00:00:03.915212,879.2266011305838,-502.7654567849334,451.03502187445196,-787.8963172589608,-738.2797224494551,-254.4638492600676,-934.5081815966445,-1.2890845740016683,,COMPLETE
157,0.0,2026-06-30 12:20:56.508700,2026-06-30 12:21:00.587172,0 days 00:00:04.078472,849.4447585187369,-484.9751889439316,462.16116173558066,-780.3942877944196,-732.2833266747305,-256.51584011769137,-918.7096195668576,-42.339382243992105,,COMPLETE
158,0.0,2026-06-30 12:21:00.611030,2026-06-30 12:21:04.953608,0 days 00:00:04.342578,900.9766301707998,-493.1420833435632,450.8391614574318,-768.164614798757,-743.7268589014478,-263.16892398386517,-953.6510198444232,-30.087467083723638,,COMPLETE
159,0.0,2026-06-30 12:21:05.056368,2026-06-30 12:21:08.716697,0 days 00:00:03.660329,849.4423588112633,-458.06515172551775,435.94542653687995,-743.0694939316929,-735.8978584616798,-233.28743172097305,-942.214832037361,-2.5288115422513977,,COMPLETE
160,0.0,2026-06-30 12:21:08.746851,2026-06-30 12:21:12.848736,0 days 00:00:04.101885,895.1655428849546,-480.5895287387884,476.36140586060606,-742.0088072858059,-754.1111914524665,-255.64366272964403,-944.0932879494591,-1.9968945228048045,,COMPLETE
161,0.0,2026-06-30 12:21:12.862772,2026-06-30 12:21:16.136293,0 days 00:00:03.273521,867.1200409862365,-495.3962615363482,443.8819880812016,-746.0102855334882,-739.3082715067512,-249.27403331832303,-942.4211594678093,2.4516392831132907,,COMPLETE
162,0.0,2026-06-30 12:21:16.222035,2026-06-30 12:21:19.870321,0 days 00:00:03.648286,885.4779573299768,-473.9981563848381,455.17222603413285,-741.0328210241108,-731.2075338504957,-216.35826161814336,-946.5266193651005,2.5477348648326448,,COMPLETE
163,0.0,2026-06-30 12:21:19.887298,2026-06-30 12:21:23.259922,0 days 00:00:03.372624,877.5031350815715,-487.2607018458711,454.5160714791302,-739.4874224277568,-730.5552348327892,-229.8574808949865,-942.3864811957076,3.614673566317757,,COMPLETE
164,0.0,2026-06-30 12:21:23.338446,2026-06-30 12:21:27.238060,0 days 00:00:03.899614,872.8452199143527,-464.7613146819725,447.9690247475763,-732.1295990403759,-733.5908454919913,-242.7520492957131,-919.1118761487402,11.715479661909601,,COMPLETE
165,0.0,2026-06-30 12:21:27.275230,2026-06-30 12:21:30.714278,0 days 00:00:03.439048,882.583863856384,-496.3532221535506,443.13279001308894,-751.6909642160126,-715.1251272613254,-248.14435022987658,-941.1565326189834,-18.95592270368104,,COMPLETE
166,0.0,2026-06-30 12:21:30.758066,2026-06-30 12:21:34.558450,0 days 00:00:03.800384,874.3092497410569,-476.2431958778023,448.87438891965473,-775.1482277691599,-739.6572252086123,-250.56100388739048,-945.9194701509363,-0.37851978522365215,,COMPLETE
167,0.0,2026-06-30 12:21:34.629940,2026-06-30 12:21:38.012299,0 days 00:00:03.382359,891.1038810195249,-474.7377378641108,431.7722769565379,-745.8342894214842,-734.2229145177724,-240.8548596739223,-957.7405589238509,8.14055358286248,,COMPLETE
168,0.0,2026-06-30 12:21:38.024189,2026-06-30 12:21:41.743864,0 days 00:00:03.719675,842.4484574295909,-508.40119931360096,465.15440352701563,-788.3394095471799,-656.7110456641869,-194.67761819981,-929.8567586218613,48.10638800288559,,COMPLETE
169,0.0,2026-06-30 12:21:41.839254,2026-06-30 12:21:45.388862,0 days 00:00:03.549608,942.8383548805409,-546.3835303132927,522.10924234348,-685.6663382463732,-760.5148423805757,-275.71448469214147,-857.8589896632692,-29.17949990720785,,COMPLETE
170,0.0,2026-06-30 12:21:45.443457,2026-06-30 12:21:49.106265,0 days 00:00:03.662808,872.4960637772532,-461.66844819883295,375.83037485207575,-726.8127524195615,-690.1361481286489,-131.63734451354333,-955.6306027330268,-65.10670448962122,,COMPLETE
171,0.0,2026-06-30 12:21:49.153829,2026-06-30 12:21:52.717185,0 days 00:00:03.563356,901.8863226817242,-483.00309304650466,431.1318322251119,-753.5781001547573,-727.8643507913813,-227.48845732791256,-953.9420272296001,6.956699256655114,,COMPLETE
172,0.0,2026-06-30 12:21:52.727418,2026-06-30 12:21:56.492016,0 days 00:00:03.764598,886.3148702376639,-594.6603345781199,456.4526874033956,-790.8959356865629,-733.4529097440492,-257.5689054949082,-893.7369354514556,11.70374614604902,,COMPLETE
173,0.0,2026-06-30 12:21:56.515400,2026-06-30 12:22:00.173738,0 days 00:00:03.658338,819.988588309855,-467.8579552830032,573.8995520591199,-734.8755589200903,-765.1599057983602,-321.906931452814,-826.6305449855261,64.90339342023262,,COMPLETE
174,0.0,2026-06-30 12:29:10.232419,2026-06-30 12:29:14.912375,0 days 00:00:04.679956,942.0761217671759,-540.3801211576503,413.45222434015017,-835.4551904529567,-634.431528650784,-233.7298025838565,-939.4804533804362,-25.58653936029824,,COMPLETE
175,0.0,2026-06-30 12:29:14.938170,2026-06-30 12:29:19.215519,0 days 00:00:04.277349,790.7069635011682,-512.3235564956941,470.85089482296036,-678.2263556716496,-706.8446133985548,-189.45809557141268,-788.2401250800125,-101.07330534177592,,COMPLETE
