number,value,datetime_start,datetime_complete,duration,params_V10,params_V11,params_V12,params_V15,params_V18,params_V3,params_V6,params_V9,system_attrs_fixed_params,state
528,-1.0,2026-06-30 12:52:42.486931,2026-06-30 12:52:46.283392,0 days 00:00:03.796461,767.0867628535912,-536.0137348358646,429.32708271657987,-847.2333474293043,-127.45147832897189,-287.7094589353555,-922.1916591730746,-243.05612703195408,,COMPLETE
529,0.0,2026-06-30 12:52:43.284775,2026-06-30 12:52:47.344534,0 days 00:00:04.059759,894.0873449808715,-534.2191485728081,404.24897386666527,-843.978384895334,-725.6608462514586,-289.53676369545394,-999.3383130583674,687.7275251431953,,COMPLETE
530,-1.0,2026-06-30 12:52:46.302570,2026-06-30 12:52:50.658868,0 days 00:00:04.356298,897.7279852855106,-428.50989285830406,-963.5421221642107,-713.2645870445128,-730.2671981415525,-221.9503463967309,-958.4231274040718,39.34878088494998,,COMPLETE
531,0.0,2026-06-30 12:52:47.372201,2026-06-30 12:52:51.675698,0 days 00:00:04.303497,835.5596945876645,-418.5688030593792,469.67017001278424,-720.8580413421186,-583.2280172744154,-413.4313919648895,-934.3652009450537,27.42713009499897,,COMPLETE
532,0.0,2026-06-30 12:52:50.672945,2026-06-30 12:52:55.642134,0 days 00:00:04.969189,828.7368017419709,-52.61438687933705,467.47525367486344,-755.5834670653693,-781.8691258838134,-234.71336512191624,-744.686941624341,-45.63132131901175,,COMPLETE
533,-1.0,2026-06-30 12:52:51.690303,2026-06-30 12:52:54.669775,0 days 00:00:02.979472,932.1893359397347,-574.7792872173148,-791.3996081553001,-769.4252997457512,-769.8544653778032,-237.02797298479902,-901.7042816387248,-50.49916775372863,,COMPLETE
534,-1.0,2026-06-30 12:52:54.691983,2026-06-30 12:52:59.131190,0 days 00:00:04.439207,864.0441262595233,-494.5580479561861,-500.96513108368725,-744.396332708375,-712.486986737295,-113.46018267034817,-735.926463320035,-98.2381155365478,,COMPLETE
535,0.0,2026-06-30 12:52:55.669862,2026-06-30 12:52:59.913114,0 days 00:00:04.243252,863.8335141354806,-487.29731755149106,527.7054161024411,-899.0577241919443,-678.8315432165992,-116.66586854032785,-841.6874573316909,-99.78301288885758,,COMPLETE
536,0.0,2026-06-30 12:52:59.146782,2026-06-30 12:53:04.353057,0 days 00:00:05.206275,965.91214561614,-500.4107574367144,546.2407832078115,-890.6646608058653,-657.6580587852915,-173.3481007684041,-840.2121487529683,2.680151013652947,,COMPLETE
537,-1.0,2026-06-30 12:52:59.932561,2026-06-30 12:53:03.213775,0 days 00:00:03.281214,955.6474359804613,-450.7400721084499,586.0681361282096,-811.1174816839491,-650.6525879548122,-199.02105666367348,-929.0708855050635,2.878142941125011,,COMPLETE
538,-1.0,2026-06-30 12:53:03.248018,2026-06-30 12:53:07.708022,0 days 00:00:04.460004,806.0061481657912,-370.5715172573764,396.38790442929303,-661.1192441238512,-739.7126983063233,-583.6169030079393,-885.2016603911427,100.28746218229527,,COMPLETE
539,0.0,2026-06-30 12:53:04.389278,2026-06-30 12:53:08.505389,0 days 00:00:04.116111,-387.9374696487083,-382.1851660792746,305.59010127969975,-676.8101552917075,-884.2428541725312,-314.478915865087,-884.8589246825304,47.98803933470617,,COMPLETE
540,-1.0,2026-06-30 12:53:07.724269,2026-06-30 12:53:11.743660,0 days 00:00:04.019391,908.4439328091263,-671.077836381531,-62.199391668034025,-708.7526688999961,-807.8524128157811,-307.2693397386811,-802.8685162127128,40.27902812488555,,COMPLETE
541,0.0,2026-06-30 12:53:08.522727,2026-06-30 12:53:12.680931,0 days 00:00:04.158204,881.6474729414298,-544.0272074470968,-50.642227345360936,-716.5026715883079,-800.9424654189961,-277.6733550466446,-954.2604476125758,-36.76743939460206,,COMPLETE
542,-1.0,2026-06-30 12:53:11.764842,2026-06-30 12:53:15.894263,0 days 00:00:04.129421,501.2489028378312,-546.1637928868108,438.05037814542214,-791.3196286576563,-749.846488707078,-268.60687808233786,-964.6248535610948,-32.039981334707115,,COMPLETE
543,0.0,2026-06-30 12:53:12.714166,2026-06-30 12:53:17.110939,0 days 00:00:04.396773,799.1419216541635,-592.7722567576989,491.127582707387,-787.2289558565824,-697.2815100709303,-781.4840138813883,-962.2971764624986,94.2154435200081,,COMPLETE
544,0.0,2026-06-30 12:53:15.908583,2026-06-30 12:53:21.017840,0 days 00:00:05.109257,787.1329301892241,-460.8364452047868,494.7992240999843,-614.6963209880589,-696.7021367663559,-772.6082557612897,-999.7660877208953,78.08112888419917,,COMPLETE
545,-1.0,2026-06-30 12:53:17.129984,2026-06-30 12:53:20.236451,0 days 00:00:03.106467,936.0839528119607,-455.7209515156086,636.5356565267084,-616.4027594797861,-742.6683512027397,-525.1033745624605,-602.6798588886151,179.96228872160086,,COMPLETE
546,-1.0,2026-06-30 12:53:20.259178,2026-06-30 12:53:24.465121,0 days 00:00:04.205943,844.9549180609366,-508.99413024619514,363.8174656997643,-841.9685898488357,-603.2951086272651,-217.6906242554317,-916.4879407704045,17.81255698034405,,COMPLETE
547,0.0,2026-06-30 12:53:21.047842,2026-06-30 12:53:25.268002,0 days 00:00:04.220160,842.6057586081234,-511.49463953627077,-584.5977926808944,-827.4013863358317,-600.9473811813637,-213.9733488500002,-917.7147206905253,-153.14351274812446,,COMPLETE
548,0.0,2026-06-30 12:53:24.487323,2026-06-30 12:53:29.381145,0 days 00:00:04.893822,889.3563221881911,-414.116757078773,436.5642734141984,-997.8018849933935,-780.7695249913281,-145.74102254528879,-917.0222638492646,-71.82040080857644,,COMPLETE
549,-1.0,2026-06-30 12:53:25.288850,2026-06-30 12:53:28.413087,0 days 00:00:03.124237,898.6744176378526,-400.3587073362903,436.8679662258943,-750.0026348090245,-777.8825035794803,-169.5053041192725,-881.3676562068433,-88.6515429415993,,COMPLETE
550,-1.0,2026-06-30 12:53:28.434342,2026-06-30 12:53:32.851204,0 days 00:00:04.416862,934.6934548000171,159.78394454315236,-891.5427893462819,-769.6468537124255,191.28413196219367,-253.9756986614486,-786.7346866433875,-12.072802549227713,,COMPLETE
551,0.0,2026-06-30 12:53:29.409473,2026-06-30 12:53:33.609604,0 days 00:00:04.200131,-30.843880161917014,-581.8052452534017,383.89831408166367,-776.1713973314025,-697.1727860933689,-256.9633497122521,-830.3960537758061,-12.110075034593159,,COMPLETE
552,-1.0,2026-06-30 12:53:32.874296,2026-06-30 12:53:36.626431,0 days 00:00:03.752135,-0.9419473511727433,-582.7600227707089,336.92274222982905,-724.5732606260684,-701.2336155768475,-333.48943645691276,-842.560328778121,34.03010458115571,,COMPLETE
553,0.0,2026-06-30 12:53:33.626944,2026-06-30 12:53:37.537675,0 days 00:00:03.910731,711.6682344418396,-477.88732206066794,346.09209480951574,-723.2266907391086,-734.2794688863847,-336.4431618034178,-966.1386167690846,935.3836646420806,,COMPLETE
554,-1.0,2026-06-30 12:53:36.664026,2026-06-30 12:53:40.851437,0 days 00:00:04.187411,612.4346059995219,-461.12564732763235,510.97019094934376,-869.9335472793227,-833.5731279232317,-212.99437853309362,-967.0857304741124,-53.67652570143102,,COMPLETE
555,0.0,2026-06-30 12:53:37.558896,2026-06-30 12:53:41.684760,0 days 00:00:04.125864,570.7268618873441,-430.6002276945216,521.1953021563177,-820.9678354923717,-818.5521242155556,-225.66326412929226,-999.6170855292861,130.15094312443992,,COMPLETE
556,-1.0,2026-06-30 12:53:40.867077,2026-06-30 12:53:44.446696,0 days 00:00:03.579619,751.4545231880558,-529.7378249263793,462.0246484351857,-929.2156636093331,-649.9949048938794,-255.70828899897026,-875.3290589788472,44.63126691832902,,COMPLETE
557,0.0,2026-06-30 12:53:41.702597,2026-06-30 12:53:46.327637,0 days 00:00:04.625040,999.6774895701744,-744.1599661886261,684.5664140410529,-935.2465657416434,-646.4195253394228,-278.4875188476541,-881.6946672951883,54.67601842159689,,COMPLETE
558,0.0,2026-06-30 12:53:44.466245,2026-06-30 12:53:51.868234,0 days 00:00:07.401989,860.0718053181372,-327.04050076789684,414.3723798926767,-677.5602269913804,-739.0430651181911,-292.5446957760241,-930.5233718585804,4.7382030692385,,COMPLETE
559,0.0,2026-06-30 12:53:46.360743,2026-06-30 12:53:53.172368,0 days 00:00:06.811625,868.1156222269589,-495.38837385541075,407.6472111924336,-668.2672475246892,-952.400700875148,-674.0024130016727,-930.5527583594139,0.7821883151835536,,COMPLETE
560,-1.0,2026-06-30 12:53:51.890162,2026-06-30 12:53:56.491426,0 days 00:00:04.601264,810.9887952970274,-501.2516506490289,792.7736510888146,-805.4935992665778,-760.2832092063028,-151.44553339099974,-930.3401951039506,-570.296854555646,,COMPLETE
561,0.0,2026-06-30 12:53:53.228413,2026-06-30 12:53:57.848010,0 days 00:00:04.619597,926.8342622249776,70.15737813743749,578.1880180920482,-801.5522323857018,-766.4446847000037,-82.16921964242184,-903.4916455931392,-371.13089295029994,,COMPLETE
562,-1.0,2026-06-30 12:53:56.525073,2026-06-30 12:54:01.948660,0 days 00:00:05.423587,929.8653206446187,-555.1619196721416,469.23315100627434,-760.8705317570782,-870.269857097918,-170.26348532857008,-806.9536303763405,601.6325354838636,,COMPLETE
563,0.0,2026-06-30 12:53:57.884087,2026-06-30 12:54:03.267811,0 days 00:00:05.383724,904.0779645791754,-552.6261343660987,468.32454639642015,-736.0619226051996,-681.0026387205689,-475.0378212537085,-806.3819314516114,-59.875979110010455,,COMPLETE
564,-1.0,2026-06-30 12:54:01.999885,2026-06-30 12:54:06.220371,0 days 00:00:04.220486,655.7531162437559,-143.22222782079194,478.26788956865886,-863.1659007693137,-695.7747756476427,-462.23582773444053,-959.7693919728154,-66.3218474378603,,COMPLETE
565,0.0,2026-06-30 12:54:03.310683,2026-06-30 12:54:07.148266,0 days 00:00:03.837583,-941.4934475392433,-426.7678942805861,269.59270376922154,-853.6831848474231,-723.0993699926163,-396.027609540174,-963.7655844336028,-115.33657309647171,,COMPLETE
566,-1.0,2026-06-30 12:54:06.251001,2026-06-30 12:54:10.911789,0 days 00:00:04.660788,823.3407902619359,-432.5904529817263,388.3670824821362,-706.992673917202,-728.6011076444883,-387.08078530333415,-859.2820255718835,511.1470335218353,,COMPLETE
567,0.0,2026-06-30 12:54:07.175915,2026-06-30 12:54:11.855907,0 days 00:00:04.679992,820.4352612771429,-474.1631656860503,545.0175651660892,-701.5867623270832,-805.3374930732879,-197.10206925902636,-867.8296322258298,81.59073956939561,,COMPLETE
568,-1.0,2026-06-30 12:54:10.951037,2026-06-30 12:54:14.643873,0 days 00:00:03.692836,750.1356585505251,-619.6172863105594,516.6200858139769,-645.9104686550218,-782.227144604906,-193.64740054998887,-895.1596542424522,77.79375014913222,,COMPLETE
569,0.0,2026-06-30 12:54:11.879495,2026-06-30 12:54:15.363225,0 days 00:00:03.483730,863.9328404527816,-364.49894510297753,432.06582998224883,-641.0453734779669,-784.6736083210315,-242.97062483684508,-900.7361059763709,-26.165528052294817,,COMPLETE
570,-1.0,2026-06-30 12:54:14.662316,2026-06-30 12:54:18.623870,0 days 00:00:03.961554,882.369741031752,-529.3127310555674,441.4965835820916,-751.3637814571345,-664.011239517947,-234.34199514277122,-934.8349381749213,-35.993477878043024,,COMPLETE
571,0.0,2026-06-30 12:54:15.381110,2026-06-30 12:54:19.705085,0 days 00:00:04.323975,963.937360812524,-522.8950848346144,392.9192525238815,-768.3630340859835,-675.3629979064814,-305.8157281557543,-768.0474640142095,28.02736093445669,,COMPLETE
572,-1.0,2026-06-30 12:54:18.663480,2026-06-30 12:54:22.690946,0 days 00:00:04.027466,58.12922333304373,516.4537703134806,102.70385859573246,-774.0203543168958,136.89951406043176,-298.67465272669176,-765.4786268824292,24.756958633742336,,COMPLETE
573,0.0,2026-06-30 12:54:19.734403,2026-06-30 12:54:23.593595,0 days 00:00:03.859192,778.8321253120407,-469.3445481822937,574.5180364746238,-786.4230109987369,-738.5956217402149,-271.84256607147,-999.5466011510732,10.282452506154954,,COMPLETE
574,-1.0,2026-06-30 12:54:22.710193,2026-06-30 12:54:26.869284,0 days 00:00:04.159091,784.1140888652767,-476.81371449854487,570.0596367850037,-829.3498835048379,-737.2992772929298,-265.7880637104872,-969.74927172689,-13.345470341495467,,COMPLETE
575,0.0,2026-06-30 12:54:23.619898,2026-06-30 12:54:27.927291,0 days 00:00:04.307393,905.7337978828573,-218.3163862762172,496.68856590922854,-827.679196731355,-555.2230686212496,-134.03371676344693,-947.8154678676218,-127.06384240867662,,COMPLETE
576,-1.0,2026-06-30 12:54:26.898382,2026-06-30 12:54:30.628378,0 days 00:00:03.729996,896.9116806503687,-404.80550221824217,502.42780784113774,-733.5084977364477,-620.5053865785804,-152.0261991235898,-838.5098538492832,-89.96691418411045,,COMPLETE
577,0.0,2026-06-30 12:54:27.947468,2026-06-30 12:54:31.410012,0 days 00:00:03.462544,352.80524592783644,-404.2166269473005,452.58072085601765,-711.2090139846987,-627.2269000893797,-200.96573116531803,-838.557361040454,113.43366974279967,,COMPLETE
578,0.0,2026-06-30 12:54:30.643826,2026-06-30 12:54:36.317133,0 days 00:00:05.673307,845.223796373462,-582.760679657052,324.13090980355776,-689.2191178706902,-855.6091191733797,-199.6897134378249,-999.8808472491176,118.04015405817046,,COMPLETE
579,-1.0,2026-06-30 12:54:31.435829,2026-06-30 12:54:35.608577,0 days 00:00:04.172748,-779.544664788007,-510.0125862490685,401.75660450870186,-879.9212341391095,-836.198335660801,-355.9569894879653,-903.1289834760753,-41.64866299701312,,COMPLETE
580,-1.0,2026-06-30 12:54:35.630700,2026-06-30 12:54:39.154985,0 days 00:00:03.524285,852.2609519163086,-586.8973178237861,330.8040814908832,-809.5171748411744,-64.7329660334097,-231.2862890639742,-929.6089589110088,40.36420550313464,,COMPLETE
581,0.0,2026-06-30 12:54:36.335751,2026-06-30 12:54:39.876443,0 days 00:00:03.540692,947.0654738415528,-453.9645621561018,365.0151871039167,-806.7069637371684,-46.14345283212384,-237.25171206237022,-929.6864357247845,42.37889541101572,,COMPLETE
582,0.0,2026-06-30 12:54:39.172782,2026-06-30 12:54:44.478349,0 days 00:00:05.305567,-577.3421553489327,-445.32663471195184,443.54682179162955,-748.8551500767758,-704.8581071413801,-322.0049190064665,-872.5097809847815,-15.77483854508083,,COMPLETE
583,-1.0,2026-06-30 12:54:39.892021,2026-06-30 12:54:43.597345,0 days 00:00:03.705324,823.0633178523098,-651.9065344549025,-415.90086079412873,-741.6792713512385,-697.7773551954272,-339.2065824196375,-890.7405359224421,-15.439876163431345,,COMPLETE
584,-1.0,2026-06-30 12:54:43.648046,2026-06-30 12:54:47.550454,0 days 00:00:03.902408,948.5718889298176,-500.0360109789283,-170.5646362355202,-769.466459360468,-755.051648136301,-294.6691078509526,-861.2291750773477,-65.04658251124278,,COMPLETE
585,0.0,2026-06-30 12:54:44.499761,2026-06-30 12:54:48.459948,0 days 00:00:03.960187,953.7188326460346,-505.9894752200454,207.63309207557236,926.9532309170287,-754.4544088210195,-266.5600402303678,-970.6733580415587,-77.40064524423765,,COMPLETE
586,-1.0,2026-06-30 12:54:47.573045,2026-06-30 12:54:51.769742,0 days 00:00:04.196697,877.7159031894437,-556.5007403714429,479.0360827070075,-901.1299369691607,271.44744891808,-179.56903498168057,-957.3559989456163,62.56562819681457,,COMPLETE
587,0.0,2026-06-30 12:54:48.487221,2026-06-30 12:54:52.601469,0 days 00:00:04.114248,-146.61959266227692,-554.9902144049905,530.3259390670172,-900.0571710021552,274.22126313024796,-177.54953261488723,-933.7917102917575,-170.9026658417907,,COMPLETE
588,-1.0,2026-06-30 12:54:51.802962,2026-06-30 12:54:55.612847,0 days 00:00:03.809885,911.5817987071591,-360.3065782854102,545.2276891286781,-666.5213736245164,-805.5672432240289,-111.80236351204836,-698.859190804974,-156.12326497743354,,COMPLETE
589,0.0,2026-06-30 12:54:52.615827,2026-06-30 12:54:56.264372,0 days 00:00:03.648545,157.47523220085878,-357.71316460835243,631.7113545524871,-668.1729872060625,-807.8645397034646,-80.15264279638336,-903.3301222462047,11.08926922438717,,COMPLETE
590,0.0,2026-06-30 12:54:55.629573,2026-06-30 12:55:00.785420,0 days 00:00:05.155847,814.9363871765015,-432.9642374710443,-531.0226327320402,-838.8224516586407,-714.661900494052,-228.65003056307037,-822.5927143192653,8.851506497854437,,COMPLETE
591,-1.0,2026-06-30 12:54:56.300792,2026-06-30 12:55:00.065725,0 days 00:00:03.764933,801.6965446632573,-438.4733552413309,730.4831392678602,-834.4990948908979,-717.6194174141148,-226.96772930515053,-822.7588100259894,655.1696558786931,,COMPLETE
592,-1.0,2026-06-30 12:55:00.098875,2026-06-30 12:55:03.750473,0 days 00:00:03.651598,690.0106567347138,-474.8662462193124,401.2942735853004,-712.4410719433079,-681.2998523012244,-258.6732470214093,-904.9180226951325,-37.37510281858232,,COMPLETE
593,0.0,2026-06-30 12:55:00.815275,2026-06-30 12:55:04.535180,0 days 00:00:03.719905,867.4277176243248,-482.5075072917823,413.75080685310786,-557.1953946783337,-323.3715579979387,-271.41536259473077,-906.2467207527083,433.6402145416998,,COMPLETE
594,0.0,2026-06-30 12:55:03.767799,2026-06-30 12:55:09.114646,0 days 00:00:05.346847,861.6760302020346,-494.79724041972884,431.06195983142555,-568.9380638580561,-771.0302439532306,-323.7582735127147,-999.5883266528964,154.06246714800815,,COMPLETE
595,-1.0,2026-06-30 12:55:04.552223,2026-06-30 12:55:08.263152,0 days 00:00:03.710929,761.1798454215709,-618.1883355984156,466.9145688631073,-776.0048961393137,-771.1184704000226,-308.5730981051626,-960.5474566503904,79.67758454025508,,COMPLETE
596,0.0,2026-06-30 12:55:08.288315,2026-06-30 12:55:13.038239,0 days 00:00:04.749924,976.624489128343,-526.5333893324375,435.54956332588307,-795.9288783907238,-654.7514846128751,-546.5307030787187,-858.1852482286092,772.581768147483,,COMPLETE
597,-1.0,2026-06-30 12:55:09.134374,2026-06-30 12:55:12.095279,0 days 00:00:02.960905,914.9127643421389,-528.8337156173206,491.8662392096869,-794.7483663594805,-647.5511438689148,-146.92151121790806,-862.8333803132044,855.5370214170202,,COMPLETE
598,-1.0,2026-06-30 12:55:12.112271,2026-06-30 12:55:16.068331,0 days 00:00:03.956060,-92.13387427955922,-404.16938807284725,-470.106398443292,-737.7337862710925,-727.1749380391022,-419.50761994419526,-948.1190140491901,-114.30724820476985,,COMPLETE
599,0.0,2026-06-30 12:55:13.127128,2026-06-30 12:55:16.784375,0 days 00:00:03.657247,727.2725115029264,-704.5023230104337,353.83517526308395,-726.1797321852422,-244.01732766380485,-205.63506895851896,-945.8949376984718,-100.45697523476032,,COMPLETE
600,-1.0,2026-06-30 12:55:16.097673,2026-06-30 12:55:19.644142,0 days 00:00:03.546469,844.4400290453289,135.1677845607305,365.7708608356837,-700.2689725314408,-753.8938002601936,-202.97634891281868,-935.6662870827487,-58.11237099943703,,COMPLETE
601,0.0,2026-06-30 12:55:16.804868,2026-06-30 12:55:20.422061,0 days 00:00:03.617193,833.2427312240596,-453.0359964931838,374.5749928783231,-858.1316106886081,82.4056747860219,-371.1268013105506,-897.1394369426577,-40.97131876661004,,COMPLETE
602,-1.0,2026-06-30 12:55:19.672545,2026-06-30 12:55:23.400732,0 days 00:00:03.728187,89.27436432017608,-450.1070580384489,296.25490828989945,-852.7649345113042,209.84978403347947,-357.6846526358638,-888.4339222049773,47.916627848136805,,COMPLETE
603,0.0,2026-06-30 12:55:20.438950,2026-06-30 12:55:24.179055,0 days 00:00:03.740105,896.3241171579775,-300.2027135504552,521.9112916803781,838.158960362547,-884.8291420531722,-249.4981384545025,-971.8317077858421,37.078661680790816,,COMPLETE
604,-1.0,2026-06-30 12:55:23.422384,2026-06-30 12:55:27.274895,0 days 00:00:03.852511,903.3187379019984,-298.70242870544837,-249.83077004044617,814.7100304117293,-833.0233676396045,-256.1628147516449,-787.7594049570698,-7.547693856439629,,COMPLETE
605,0.0,2026-06-30 12:55:24.200300,2026-06-30 12:55:28.088812,0 days 00:00:03.888512,925.1045779818331,31.254409622237745,470.2273649809672,-634.3019041921316,-794.8823638915022,-852.5134412602885,-813.1834473745064,-8.420454393975772,,COMPLETE
606,0.0,2026-06-30 12:55:27.292077,2026-06-30 12:55:33.470930,0 days 00:00:06.178853,997.0716026286912,-573.6780815422692,605.1607677097287,-614.3693693299974,-683.312126989537,-158.34111104298296,-927.1272484004636,11.634138280012117,,COMPLETE
607,-1.0,2026-06-30 12:55:28.109175,2026-06-30 12:55:32.515448,0 days 00:00:04.406273,-857.4920780430563,-570.5365550864859,411.2201376998848,-770.6316874633713,-683.5789979885708,-290.510508789811,-922.2232357274485,80.08811338055784,,COMPLETE
608,0.0,2026-06-30 12:55:32.542044,2026-06-30 12:55:40.155339,0 days 00:00:07.613295,979.5168891218282,-532.7581542448646,498.5347130365109,-697.2418982175996,-399.2753726761043,-165.029297801305,-858.4293595362965,-72.8044861113135,,COMPLETE
609,-1.0,2026-06-30 12:55:33.503690,2026-06-30 12:55:38.873181,0 days 00:00:05.369491,779.4096773570541,-397.06790611701564,151.13265684766014,-691.92633935815,-732.9181592867908,-197.895592514635,-996.7528026716903,-62.06683809100742,,COMPLETE
610,-1.0,2026-06-30 12:55:38.927884,2026-06-30 12:55:43.097309,0 days 00:00:04.169425,867.5815719364153,-529.9502442113397,-114.13685878976979,-747.7315661628485,-785.2757329679608,-295.1211663553653,-865.6162495717516,-28.722677587494218,,COMPLETE
611,0.0,2026-06-30 12:55:40.182132,2026-06-30 12:55:43.768041,0 days 00:00:03.585909,874.732757319248,-496.8440496742454,454.20055389464665,-745.7611565545083,-781.966283319954,-231.8249037363118,-967.5354618532131,-27.576913179497346,,COMPLETE
612,0.0,2026-06-30 12:55:43.792331,2026-06-30 12:55:49.044746,0 days 00:00:05.252415,821.7089365803537,-484.8473145907636,868.2564943633233,-811.1691958688515,-717.4408342782806,-984.757487436133,-901.4576247479255,31.627961868115005,,COMPLETE
613,0.0,2026-06-30 12:55:49.063209,2026-06-30 12:55:52.497292,0 days 00:00:03.434083,939.8253951753687,-433.82778354418593,-759.9327868984666,-801.5706578473688,-580.18827152524,-505.42660444411405,-999.1415536292649,69.7744126962651,,COMPLETE
614,0.0,2026-06-30 12:55:52.517496,2026-06-30 12:55:56.502681,0 days 00:00:03.985185,800.9521837874316,-608.3941059253326,553.3605699380034,-765.6598620197964,-627.9841247894553,-116.24343326184936,-721.4031830081649,101.18914641963461,,COMPLETE
615,0.0,2026-06-30 12:55:56.521679,2026-06-30 12:56:00.000273,0 days 00:00:03.478594,-342.4778152687439,-841.9279995059686,448.50242581766486,-877.1409272232581,-748.7921734257246,-268.61287295044093,-936.6481497116616,12.458962708782536,,COMPLETE
