number,value,datetime_start,datetime_complete,duration,params_V10,params_V11,params_V12,params_V15,params_V18,params_V3,params_V6,params_V9,system_attrs_fixed_params,state
352,-1.0,2026-06-30 12:42:43.395578,2026-06-30 12:42:47.968388,0 days 00:00:04.572810,871.1634264097564,-395.2651814268021,407.88589858511443,-918.9363594694041,-639.940431618122,-252.22249300067804,-904.8103292445447,-45.614299821742655,,COMPLETE
353,0.0,2026-06-30 12:42:44.360157,2026-06-30 12:42:49.099459,0 days 00:00:04.739302,870.617268949985,-525.1275705892297,113.42129939481121,-570.478013141513,-647.2029251545445,-262.49481920766027,-899.7006626958816,24.33828805584563,,COMPLETE
354,-1.0,2026-06-30 12:42:48.005375,2026-06-30 12:42:52.830304,0 days 00:00:04.824929,913.7226730386701,35.12744560584636,482.6503532262304,-619.4683760335466,-725.1170982745692,-199.4508529904356,-815.5288217197782,673.4747690441754,,COMPLETE
355,0.0,2026-06-30 12:42:49.119672,2026-06-30 12:42:53.836714,0 days 00:00:04.717042,923.4575005623003,36.816086671836786,479.7242320320739,-747.9902057010312,-859.9153542188772,-204.77956961232655,-829.2751704373304,669.2744842636996,,COMPLETE
356,-1.0,2026-06-30 12:42:52.859943,2026-06-30 12:42:57.395849,0 days 00:00:04.535906,747.7552963145729,-560.0223160030145,579.9011794924414,-696.3979447874617,-857.0113476084035,-209.77045244816253,-968.0868014042247,-103.03512105415336,,COMPLETE
357,0.0,2026-06-30 12:42:53.858659,2026-06-30 12:42:58.732771,0 days 00:00:04.874112,759.3578788429912,-562.5635981147193,369.33609099293545,-688.707404240547,-674.8287614972587,-320.05594204988034,-997.3463214706337,17.243674453224386,,COMPLETE
358,-1.0,2026-06-30 12:42:57.437378,2026-06-30 12:43:02.191274,0 days 00:00:04.753896,824.1436110885414,-448.2716120364462,357.85804609381927,-825.7662853897,-684.7579560481156,-326.33485407954174,-998.6671112777165,18.231194779566827,,COMPLETE
359,0.0,2026-06-30 12:42:58.750521,2026-06-30 12:43:03.216246,0 days 00:00:04.465725,990.2629514946319,-452.00039885071595,224.25301257167993,-818.2999899561926,-736.534875268639,-135.13163983333095,-928.142523324926,-50.1281053062041,,COMPLETE
360,-1.0,2026-06-30 12:43:02.222780,2026-06-30 12:43:06.928230,0 days 00:00:04.705450,984.4149734103057,-491.39691860051397,438.8480112065123,-764.1646239423997,-743.5603412260176,-556.4874676974732,-927.8675083798068,-48.06168570587538,,COMPLETE
361,0.0,2026-06-30 12:43:03.236431,2026-06-30 12:43:07.861184,0 days 00:00:04.624753,-239.322459807934,-512.9092284124534,431.9860188644017,-744.5033156400832,-765.786206520934,-586.4166401665395,-878.5103885680722,105.4168197774525,,COMPLETE
362,-1.0,2026-06-30 12:43:06.960629,2026-06-30 12:43:11.509586,0 days 00:00:04.548957,814.8673237171984,-521.7600593550765,537.5183434871158,-896.9690600181079,-791.6013863301674,-269.3133837039445,-866.4219445841707,93.37290067346686,,COMPLETE
363,0.0,2026-06-30 12:43:07.883562,2026-06-30 12:43:12.433521,0 days 00:00:04.549959,-332.1755234004528,-349.69398963372475,647.1706979198425,-884.3587954634224,-796.5596985745813,-64.27204124506423,-860.5802779949163,512.7291364035096,,COMPLETE
364,-1.0,2026-06-30 12:43:11.543940,2026-06-30 12:43:15.934596,0 days 00:00:04.390656,886.6466690741214,-346.07637663632454,320.1508923374492,-791.1580506209552,-708.670273160154,-170.18617565043832,-942.8536867585857,48.99211869685294,,COMPLETE
365,0.0,2026-06-30 12:43:12.454633,2026-06-30 12:43:16.906840,0 days 00:00:04.452207,891.925470345104,-419.46198763339663,473.2952266139053,-644.9876348771446,-718.3153934797067,-165.70646238492807,-933.4012962083791,45.58684679851552,,COMPLETE
366,0.0,2026-06-30 12:43:15.969199,2026-06-30 12:43:22.686763,0 days 00:00:06.717564,937.9247741581939,-403.4568609579236,478.3746772135859,-657.479421291299,-715.3509845509344,-235.598807711512,-787.5788297242766,-92.90117845927544,,COMPLETE
367,-1.0,2026-06-30 12:43:16.925549,2026-06-30 12:43:21.195172,0 days 00:00:04.269623,943.9392233664641,-468.6967420038872,529.2171712930385,-727.6378975466195,-686.4628122028909,-294.2352833364012,-785.4788911041267,-92.26473036787203,,COMPLETE
368,0.0,2026-06-30 12:43:21.225282,2026-06-30 12:47:27.363114,0 days 00:04:06.137832,847.8584718563761,-671.7658952294856,403.8147021633985,-850.2003109148137,-760.7729930404051,-235.84619461699015,-898.0071224556175,-9.272757583603733,,COMPLETE
369,-1.0,2026-06-30 12:43:22.759793,2026-06-30 12:47:28.856723,0 days 00:04:06.096930,849.2388418688283,-611.3934822975997,399.0763054465028,-843.0793931497429,-646.4556890578253,-235.2780620271272,-901.6751607891689,569.9264216582291,,COMPLETE
370,0.0,2026-06-30 12:47:27.392720,2026-06-30 12:47:38.919163,0 days 00:00:11.526443,854.1137961673307,-607.6381657779643,-412.8112209580827,-790.53769919373,-636.7906449817151,-274.3815715598405,-960.8892013078391,166.15112315467601,,COMPLETE
371,-1.0,2026-06-30 12:47:28.875215,2026-06-30 12:47:38.287042,0 days 00:00:09.411827,818.7069262490338,-529.8673984302579,439.40786937412236,-964.5773415487292,-830.7594959090708,-278.0307040458951,-960.2829765174492,-1.322646104123919,,COMPLETE
372,-1.0,2026-06-30 12:47:38.311886,2026-06-30 12:47:42.916057,0 days 00:00:04.604171,-548.4437337848527,-465.655172440617,585.3640854407663,-794.863320855482,-750.3569389777678,-105.71948649447549,-846.701019316936,-41.067414827553975,,COMPLETE
373,0.0,2026-06-30 12:47:38.935309,2026-06-30 12:47:43.814154,0 days 00:00:04.878845,712.2509514455643,-467.7221951132246,571.4304433821611,-705.2815755233116,-755.3658083336622,-115.35268455970079,-866.4775156893653,-44.513982108249465,,COMPLETE
374,0.0,2026-06-30 12:47:42.946197,2026-06-30 12:47:47.995449,0 days 00:00:05.049252,-4.844031814461424,-571.9930138838018,503.4949222904376,-702.2409773103282,-796.656916226845,-195.17312830064864,-918.0980831525513,26.53122249780125,,COMPLETE
375,-1.0,2026-06-30 12:47:43.840394,2026-06-30 12:47:47.310266,0 days 00:00:03.469872,790.5598522414385,-569.6010676225831,502.6351826146307,-754.2179355020361,-805.7254268051021,-193.66740343871402,-917.3459249390854,14.678916128144486,,COMPLETE
376,0.0,2026-06-30 12:47:47.324165,2026-06-30 12:47:51.723073,0 days 00:00:04.398908,909.5946476706918,-513.7743956569988,465.878589196281,-689.0497275983444,70.68922980354802,-341.43926526431227,-972.1861206952941,69.64679398912895,,COMPLETE
377,-1.0,2026-06-30 12:47:48.010972,2026-06-30 12:47:50.877846,0 days 00:00:02.866874,923.2176929873691,-512.2909399318626,457.0441117899845,-762.3598604404636,-682.0423220753445,-323.06915114561787,-973.02485309496,79.58552332725078,,COMPLETE
378,-1.0,2026-06-30 12:47:50.898049,2026-06-30 12:47:54.661841,0 days 00:00:03.763792,894.8029496643262,-416.55075470353813,-579.7655201138975,-810.8484675463084,-912.7413163889793,-226.25467229110475,-824.3881670452408,807.659660325236,,COMPLETE
379,0.0,2026-06-30 12:47:51.738948,2026-06-30 12:47:55.285505,0 days 00:00:03.546557,890.0278253602264,-420.0308037527757,276.75431263876953,-800.8589251381127,-714.7383688282158,-20.108258499672672,-729.281746359259,-16.32561130059338,,COMPLETE
380,-1.0,2026-06-30 12:47:54.677468,2026-06-30 12:47:58.179080,0 days 00:00:03.501612,788.5618921593732,473.51555667555084,370.69431122201854,-737.0614133096567,-709.894243234793,-276.98955968030265,-738.6320528679985,-15.110015991793631,,COMPLETE
381,0.0,2026-06-30 12:47:55.300635,2026-06-30 12:47:58.967738,0 days 00:00:03.667103,806.9403719889381,-494.1129022528335,371.84907649931847,-735.4316985419171,-481.1249023283381,-730.1178775872954,-894.8028366633464,-82.59270081095566,,COMPLETE
382,-1.0,2026-06-30 12:47:58.204288,2026-06-30 12:48:02.582873,0 days 00:00:04.378585,951.8239288522241,-382.13073445917564,423.27879755329946,-860.0537399080887,339.16777441521407,-142.34459762987115,-889.2618174549824,-88.44186153048956,,COMPLETE
383,0.0,2026-06-30 12:47:59.016161,2026-06-30 12:48:03.183247,0 days 00:00:04.167086,949.4203945152417,-375.0059153402136,414.29687979324945,-855.040439258816,316.1609918490293,-153.05220810770018,-945.0974830655373,35.51326635919624,,COMPLETE
384,-1.0,2026-06-30 12:48:02.603026,2026-06-30 12:48:05.904363,0 days 00:00:03.301337,839.2784670393728,-535.3143814769436,540.8507891529806,-664.9081651679502,300.37485259901,-251.93028085433625,-946.6920970711077,36.273909800792886,,COMPLETE
385,0.0,2026-06-30 12:48:03.196922,2026-06-30 12:48:06.712178,0 days 00:00:03.515256,854.1168936748944,-543.4835294440081,517.9786109153664,-772.3920398879675,-668.2201692916846,-308.1967665937367,-995.6030921014003,128.9069298488999,,COMPLETE
386,-1.0,2026-06-30 12:48:05.922510,2026-06-30 12:48:09.823268,0 days 00:00:03.900758,868.7945604691209,-450.57026541280953,330.4253531758012,-771.4591088488347,-674.6721193423953,-314.88220188207197,-841.1499797341107,-51.488226957934465,,COMPLETE
387,0.0,2026-06-30 12:48:06.743519,2026-06-30 12:48:10.529008,0 days 00:00:03.785489,681.3199737421064,229.57244850273793,450.78867809298583,-617.9612080535773,-764.9625747435953,-213.16102410045525,-835.4035346346867,-45.26440677782642,,COMPLETE
388,-1.0,2026-06-30 12:48:09.848911,2026-06-30 12:48:13.445697,0 days 00:00:03.596786,762.1910600014747,-484.3350612543898,465.32696253799713,-707.7452383204787,178.24867494141432,-206.22948236474014,-917.9335867523479,1.1922111378604074,,COMPLETE
389,0.0,2026-06-30 12:48:10.546833,2026-06-30 12:48:14.321458,0 days 00:00:03.774625,774.4090017538299,-481.9943537981904,149.42180537586677,-720.5491683406048,-740.1163194332124,-486.9872205497252,-928.525899641394,-124.25243269983325,,COMPLETE
390,0.0,2026-06-30 12:48:13.463416,2026-06-30 12:48:18.535401,0 days 00:00:05.071985,894.3848323145369,-436.5855288240704,394.76779764937766,-915.5114877593772,-622.9216854283189,-807.5432605039218,-998.3754445028626,-156.77458312927394,,COMPLETE
391,-1.0,2026-06-30 12:48:14.349127,2026-06-30 12:48:17.811537,0 days 00:00:03.462410,909.9092584304315,-432.9302233240121,613.9404926769944,-827.5415032567792,-833.3144130331749,-376.38301518680726,-875.3965942706897,-10.21659469895738,,COMPLETE
392,0.0,2026-06-30 12:48:17.826522,2026-06-30 12:48:22.095408,0 days 00:00:04.268886,872.0725274621913,150.82294952792662,-514.917755703494,-804.2457955873734,913.7504280289106,-262.19880506191646,-965.3828144331521,32.739788914590896,,COMPLETE
393,-1.0,2026-06-30 12:48:18.548678,2026-06-30 12:48:21.417668,0 days 00:00:02.868990,33.35989738821403,137.47927426823773,-519.6161402976127,-799.4420653017598,879.7052285889149,-269.49161103503377,-888.3801171534843,69.76264410609984,,COMPLETE
394,0.0,2026-06-30 12:48:21.445572,2026-06-30 12:48:26.350226,0 days 00:00:04.904654,824.0684077512601,-531.168270379127,496.62010800373554,-751.7401525466682,-784.4452059362881,-179.78123792589867,-791.5873949335361,26.46809867587942,,COMPLETE
395,-1.0,2026-06-30 12:48:22.108261,2026-06-30 12:48:25.499442,0 days 00:00:03.391181,993.9936440121261,-529.521747344328,496.7626392212882,-674.4656436262712,-733.3195498547591,-180.23602784454306,-780.0204601739825,-9.301360152011164,,COMPLETE
396,0.0,2026-06-30 12:48:25.526829,2026-06-30 12:48:29.893507,0 days 00:00:04.366678,818.2679357117653,-584.5139058402273,433.57583759293533,-750.226911652595,-786.483094581453,-645.4593425886051,-926.7205938039858,-75.23854759868975,,COMPLETE
397,-1.0,2026-06-30 12:48:26.366731,2026-06-30 12:48:29.148237,0 days 00:00:02.781506,948.059921430117,-600.7691350884872,431.74659133576995,-740.3216925832646,-703.8754895910843,-222.33036538318444,-942.3061932206938,-60.663304067113515,,COMPLETE
398,-1.0,2026-06-30 12:48:29.162272,2026-06-30 12:48:33.392109,0 days 00:00:04.229837,735.1925525986977,-485.6190579416211,-181.7148059030135,-642.0618159801926,-872.8933168116116,-432.5626040245448,-869.8321563085882,78.6743968340933,,COMPLETE
399,0.0,2026-06-30 12:48:29.908725,2026-06-30 12:48:34.231175,0 days 00:00:04.322450,725.5399912910252,-485.191091865724,-280.3945839492622,-638.7799472324621,218.37460399422923,-434.19627377860934,-870.0205120035479,105.97829979604253,,COMPLETE
400,-1.0,2026-06-30 12:48:33.411266,2026-06-30 12:48:37.166109,0 days 00:00:03.754843,864.5088701192865,-461.58876838064657,539.0420930761179,-840.97906092341,115.80718274097828,-306.1615601788726,-902.8371212914928,125.35836832379822,,COMPLETE
401,0.0,2026-06-30 12:48:34.245552,2026-06-30 12:48:37.976418,0 days 00:00:03.730866,861.0761025464838,-442.4468663614962,533.5284898004152,-849.1049263187183,-536.8134023700422,-290.4357914925502,-966.0614050779461,-21.19971867598238,,COMPLETE
402,0.0,2026-06-30 12:48:37.184745,2026-06-30 12:48:42.062814,0 days 00:00:04.878069,-438.97175180676857,-415.4422931499138,373.2823816757113,-710.3488224010623,399.70258179974223,-242.33441791178413,-998.0613605293593,-22.237963212089888,,COMPLETE
403,-1.0,2026-06-30 12:48:37.990633,2026-06-30 12:48:41.235410,0 days 00:00:03.244777,-425.65603428725046,-642.8419356510935,360.23240291599706,-703.0663670055274,-749.7336187747501,-236.81951825064067,-816.1522456855889,55.17095905339282,,COMPLETE
404,-1.0,2026-06-30 12:48:41.259482,2026-06-30 12:48:44.894902,0 days 00:00:03.635420,917.1891163493373,-403.7852897153253,461.32104018718115,-899.802547080853,422.8656945307084,-233.411317211274,-915.3106419195299,-102.53220526857342,,COMPLETE
405,0.0,2026-06-30 12:48:42.080987,2026-06-30 12:48:45.626416,0 days 00:00:03.545429,185.03401145932142,-559.8192666204018,470.29376534284,-775.5300200153126,-836.4043421406714,-369.4449269698935,-914.254095948653,-98.55246543502105,,COMPLETE
406,-1.0,2026-06-30 12:48:44.908924,2026-06-30 12:48:48.849835,0 days 00:00:03.940911,-692.90529858152,-556.372967464352,-82.98947540509434,-784.0905853456056,-822.4037290465254,-352.29048485106944,-840.7249925698626,906.9992349713632,,COMPLETE
407,0.0,2026-06-30 12:48:45.645371,2026-06-30 12:48:49.729980,0 days 00:00:04.084609,959.6368530126695,-520.8837160811263,422.6439685325834,-796.360756860029,-602.651430654598,-138.24737790966236,-835.3148833286641,16.619179674603146,,COMPLETE
408,0.0,2026-06-30 12:48:48.876754,2026-06-30 12:48:53.425817,0 days 00:00:04.549063,936.3162313411415,-503.0045367108599,314.78600091186945,-817.6354568924982,-597.2274505006998,-144.56451358201386,-952.1645953727898,13.277919506933394,,COMPLETE
409,-1.0,2026-06-30 12:48:49.763278,2026-06-30 12:48:52.743737,0 days 00:00:02.980459,-92.27052908792629,-505.54671441360364,402.9044027738843,-688.8347526396568,-662.0969171490308,-190.18573180032118,-955.361888246041,-37.16221587785098,,COMPLETE
410,0.0,2026-06-30 12:48:52.756394,2026-06-30 12:48:57.436479,0 days 00:00:04.680085,905.4912257042708,-458.8752886412015,568.4624819816294,-827.1637924323667,-711.9828885482278,-274.93285545092255,-957.3924455059804,11.113085679780053,,COMPLETE
411,-1.0,2026-06-30 12:48:53.443284,2026-06-30 12:48:56.561392,0 days 00:00:03.118108,815.989557034058,90.72635292899648,492.8508405056182,-586.2408029695965,-716.0560745383334,-273.74050827569613,-884.1796429377753,55.81246076845596,,COMPLETE
412,-1.0,2026-06-30 12:48:56.611101,2026-06-30 12:49:00.936974,0 days 00:00:04.325873,96.70815371891756,-446.2844261325509,559.8816722346471,-752.4643703010357,-771.1403747759838,-300.0272204455481,-931.762528582385,605.8086763517815,,COMPLETE
413,0.0,2026-06-30 12:48:57.558803,2026-06-30 12:49:01.716402,0 days 00:00:04.157599,848.5503159071819,-788.7740682595827,442.9180449549795,-943.597053671237,-772.0805478509518,-316.06046678896524,-905.9753744576277,-48.18152799837094,,COMPLETE
414,0.0,2026-06-30 12:49:00.971418,2026-06-30 12:49:05.788079,0 days 00:00:04.816661,846.5268000255113,-382.386665703483,442.89399758653576,-887.8197456603141,-674.4130092576934,-207.97871121164465,-890.0943860773287,-59.89737422249942,,COMPLETE
415,-1.0,2026-06-30 12:49:01.733317,2026-06-30 12:49:04.985289,0 days 00:00:03.251972,793.1807854811406,-359.52231144901305,392.94429505739333,-870.6767041138833,-686.9950113897235,-204.5117845946532,-862.7152626098575,70.93303215156267,,COMPLETE
416,0.0,2026-06-30 12:49:05.013726,2026-06-30 12:49:09.547315,0 days 00:00:04.533589,890.7313689139575,-388.7627828315763,498.00551852096004,-734.6489851016972,-734.8540588257769,-244.60898898777853,-651.2663480363561,-66.36755510231137,,COMPLETE
417,-1.0,2026-06-30 12:49:05.800938,2026-06-30 12:49:08.706038,0 days 00:00:02.905100,885.0697142439634,-575.1505358870502,504.97716929254847,-727.2217507694804,-742.4540162798006,-103.38668840091961,-993.8722212144103,-6.366347889582585,,COMPLETE
418,-1.0,2026-06-30 12:49:08.720112,2026-06-30 12:49:13.079924,0 days 00:00:04.359812,914.5194133192798,-709.2516574912337,-442.7233015359967,-671.7323563562113,-650.5356823466101,-531.9637277411828,-940.1419170070249,-142.348761755502,,COMPLETE
419,0.0,2026-06-30 12:49:09.569527,2026-06-30 12:49:13.785949,0 days 00:00:04.216422,964.6819152935948,-493.5412125385937,649.201642362588,-674.8916614505572,-650.156128628553,-163.78782568610296,-812.8251602641601,-139.88111057199683,,COMPLETE
420,-1.0,2026-06-30 12:49:13.109130,2026-06-30 12:49:16.563161,0 days 00:00:03.454031,773.1074442742863,-498.51686326237245,329.46327855485026,-780.3626875736186,-791.0862595483839,-170.68778264328677,-809.4920803865984,50.40120758161109,,COMPLETE
421,0.0,2026-06-30 12:49:13.801959,2026-06-30 12:49:17.405055,0 days 00:00:03.603096,815.103176334761,-630.434456621672,336.22724343648895,-772.0783909025546,-814.6013449327972,-262.82173414035356,-999.7661420341549,186.60226937840247,,COMPLETE
422,-1.0,2026-06-30 12:49:16.586000,2026-06-30 12:49:20.753916,0 days 00:00:04.167916,840.30341401102,-269.3475646479633,-360.57012222055624,-762.2271071259429,-709.635396244565,-254.88807922481098,-966.63784376877,-15.397452142132412,,COMPLETE
423,0.0,2026-06-30 12:49:17.425646,2026-06-30 12:49:21.555070,0 days 00:00:04.129424,996.2623976104293,-543.2769855883095,405.6358539511598,-828.2450731015263,-713.0786796220732,-344.0473248528212,-859.9860975644518,-18.775606762687097,,COMPLETE
424,0.0,2026-06-30 12:49:20.786150,2026-06-30 12:49:25.211621,0 days 00:00:04.425471,996.8068172825274,-537.5137150749122,461.7652513834063,-823.8053173830165,-748.1419388384244,-79.33674927352016,-858.2308539574495,34.69828252534918,,COMPLETE
425,-1.0,2026-06-30 12:49:21.572886,2026-06-30 12:49:24.514534,0 days 00:00:02.941648,929.8909631019073,-452.22313081947505,465.7635392619705,-733.1425842944774,-757.5936063427575,-217.10913581860382,-912.0041684622136,97.17079322869874,,COMPLETE
426,-1.0,2026-06-30 12:49:24.538483,2026-06-30 12:49:28.030542,0 days 00:00:03.492059,868.9467390209487,-539.6547204951531,533.6514411332755,-706.1349847199988,998.651242362107,-303.0308685652011,-930.9884354127503,-449.04689644653166,,COMPLETE
427,0.0,2026-06-30 12:49:25.225169,2026-06-30 12:49:28.864261,0 days 00:00:03.639092,878.3386684675464,-425.2852681167401,514.4825925178505,-708.1029879104024,-880.0629665925569,-306.4776279867116,-931.1707931511326,-520.7502524700332,,COMPLETE
428,0.0,2026-06-30 12:49:28.053418,2026-06-30 12:49:32.508479,0 days 00:00:04.455061,886.2236739451445,-472.2588111742466,251.1068467717157,-791.4124222082876,-804.2724050230267,-219.52816234972963,-891.9792545431575,15.879218609716604,,COMPLETE
429,-1.0,2026-06-30 12:49:28.886016,2026-06-30 12:49:31.809702,0 days 00:00:02.923686,807.2341998154774,189.47274231557597,416.9053906571355,-796.1436250621462,-799.8758164492991,-176.7238352812978,-895.8651018987308,-74.87593434495611,,COMPLETE
430,0.0,2026-06-30 12:49:31.823731,2026-06-30 12:49:36.604874,0 days 00:00:04.781143,915.6536960415896,569.5702571792198,611.9714136156385,-758.4696284265844,-686.9410363646462,-220.57646279039264,-760.6519845651346,33.84802510941528,,COMPLETE
431,-1.0,2026-06-30 12:49:32.521756,2026-06-30 12:49:35.732142,0 days 00:00:03.210386,935.90610345182,-326.21424190492104,600.2821359784463,-865.1847980264923,-680.8729753861323,-262.2854351460424,-768.5832754051621,-41.08724512506394,,COMPLETE
432,0.0,2026-06-30 12:49:35.751636,2026-06-30 12:49:40.345962,0 days 00:00:04.594326,835.840963784965,600.3635708914262,378.43609897346755,-637.4492612775309,-732.8510798270838,-237.5548365758081,-971.3247237746274,-102.20023455727798,,COMPLETE
433,-1.0,2026-06-30 12:49:36.628772,2026-06-30 12:49:39.528358,0 days 00:00:02.899586,149.18883748845377,-583.4521450643485,369.9937103219901,-632.2278840997075,644.7994235036911,-130.1315964163158,-966.2369271257397,133.24593251742408,,COMPLETE
434,0.0,2026-06-30 12:49:39.549941,2026-06-30 12:49:44.250743,0 days 00:00:04.700802,755.913372631648,-503.67967406826335,434.9858688314312,-670.8333683309681,-733.9095719480813,-273.3176242514385,-963.0504441048638,-106.14753943123807,,COMPLETE
435,-1.0,2026-06-30 12:49:40.365417,2026-06-30 12:49:43.345554,0 days 00:00:02.980137,637.2639762706107,-502.93833020735036,465.97231225788437,-731.5847376161516,-768.368807771835,-348.19081156024555,-851.7263775772815,73.93198362528832,,COMPLETE
436,-1.0,2026-06-30 12:49:43.366139,2026-06-30 12:49:47.233056,0 days 00:00:03.866917,-188.73572468452713,-456.6139301426942,427.7900947644447,-913.7716268263899,-622.1065818714807,-613.9756276524588,-931.9521614605452,709.7473227987534,,COMPLETE
437,0.0,2026-06-30 12:49:44.280757,2026-06-30 12:49:48.062802,0 days 00:00:03.782045,865.931584191154,-428.7153863699889,479.56161074603,-911.1404232227243,-637.9957260857585,-390.1370991573658,-914.2807752461483,-201.1670151338925,,COMPLETE
438,0.0,2026-06-30 12:49:47.253275,2026-06-30 12:49:51.928488,0 days 00:00:04.675213,858.8907138173321,-415.67765668019473,196.75453450298988,-834.3183997455748,-836.5046619518188,-184.63488556595865,-998.5954764026701,-203.82073698403136,,COMPLETE
439,-1.0,2026-06-30 12:49:48.074269,2026-06-30 12:49:51.155309,0 days 00:00:03.081040,389.9131784698237,-594.8000113884804,686.7059799761738,-838.7718749914591,-708.213591743315,-188.09809466021477,-879.614072600969,471.41009773462326,,COMPLETE
