number,value,datetime_start,datetime_complete,duration,params_V10,params_V11,params_V12,params_V15,params_V18,params_V3,params_V6,params_V9,system_attrs_fixed_params,state
176,0.0,2026-06-30 12:29:19.237472,2026-06-30 12:29:23.689341,0 days 00:00:04.451869,864.1340214262998,-417.37354793418956,507.3935512790912,-775.5566965550731,-679.6802696716793,-290.7727195255845,-995.3556984178415,96.53462585431785,,COMPLETE
177,0.0,2026-06-30 12:29:23.707472,2026-06-30 12:29:27.976766,0 days 00:00:04.269294,908.6867227149415,-611.1367862577691,361.3693925634735,-715.2582545028565,-799.7507168858783,-154.02224633011292,-882.7719121694956,16.39585687054661,,COMPLETE
178,0.0,2026-06-30 12:29:27.988525,2026-06-30 12:29:31.363484,0 days 00:00:03.374959,764.412973208908,-376.10933308504366,540.6284458373765,-820.9723636624046,-760.5387486897977,-246.1968061262814,-914.4300539972592,-51.90117726573213,,COMPLETE
179,0.0,2026-06-30 12:29:31.384477,2026-06-30 12:29:35.213938,0 days 00:00:03.829461,836.4785362728785,-443.12495482165133,433.8895075718562,-756.6610800574311,-626.5084429471926,-209.62815415894428,-961.8076238937847,-10.45025024712709,,COMPLETE
180,0.0,2026-06-30 12:29:35.232604,2026-06-30 12:29:38.715528,0 days 00:00:03.482924,955.3236138856172,-497.49474503179164,596.2728237826888,-684.569521598813,-722.3207962268895,-308.00812428349076,-788.8575902830377,53.3287917097495,,COMPLETE
181,0.0,2026-06-30 12:29:38.730566,2026-06-30 12:29:42.411007,0 days 00:00:03.680441,849.453846358436,-525.6063204954321,481.79503900419246,-785.5717237048663,-646.6294934617422,-201.63349828311178,-920.1524444291626,46.639275569695265,,COMPLETE
182,-1.0,2026-06-30 12:29:42.431977,2026-06-30 12:29:45.146765,0 days 00:00:02.714788,898.4294280065367,-480.6246524589799,471.9421418845195,-801.4983480508153,-672.3129012737655,-252.29675254638286,-856.577836693232,123.06902988777128,,COMPLETE
183,-1.0,2026-06-30 12:29:45.160712,2026-06-30 12:29:45.294206,0 days 00:00:00.133494,820.9881978203654,-560.6221556235328,394.415258010907,-850.9190820531102,-810.1685911715048,-342.30377272854935,-934.9734949657719,-69.70019876998197,,COMPLETE
184,0.0,2026-06-30 12:29:45.309894,2026-06-30 12:29:49.533882,0 days 00:00:04.223988,869.8226593601955,-414.2891254929128,507.26115509587066,-735.9154913912155,-740.542908646741,-189.42755384826032,-999.9796610500196,25.008863761922584,,COMPLETE
185,0.0,2026-06-30 12:29:49.549127,2026-06-30 12:29:53.168006,0 days 00:00:03.618879,779.7106926088953,-459.4422577627592,442.70161295133795,-657.0493616940553,-670.3841760350318,-285.176697784085,-878.1967495490751,-26.326358808144953,,COMPLETE
186,-1.0,2026-06-30 12:29:53.182842,2026-06-30 12:29:56.057021,0 days 00:00:02.874179,919.2684705646652,-519.3397047206524,343.2506186613941,-773.8166261293775,-768.0032169308103,-138.0891344428431,-966.7616096895648,-112.91774286598172,,COMPLETE
187,-1.0,2026-06-30 12:29:56.069006,2026-06-30 12:29:56.246379,0 days 00:00:00.177373,839.6786921647006,-507.08477854878333,399.07316820257154,-823.1277572001926,-713.6917086732814,-231.91063938133627,-818.3192563899368,74.33437015671541,,COMPLETE
188,0.0,2026-06-30 12:29:56.261140,2026-06-30 12:30:00.854255,0 days 00:00:04.593115,999.4710163892534,-381.12246191858947,543.9385958900415,-730.8926898232937,-601.4794375335296,-173.38896015161248,-913.6439737178113,10.565662711689118,,COMPLETE
189,-1.0,2026-06-30 12:30:00.867324,2026-06-30 12:30:03.571427,0 days 00:00:02.704103,745.8111878183554,-569.3936782617315,467.313456379992,-694.1140195149162,-795.9035329982136,-281.3696809544498,-938.5087129777233,-66.27923651761978,,COMPLETE
190,0.0,2026-06-30 12:30:03.583131,2026-06-30 12:30:08.001427,0 days 00:00:04.418296,924.3308855599022,-439.1027278759828,416.24660190608114,-869.5583860029786,-831.3179344219516,-332.52264702904984,-851.8622139321948,54.960244879086744,,COMPLETE
191,0.0,2026-06-30 12:30:08.013854,2026-06-30 12:30:11.312325,0 days 00:00:03.298471,949.458419674374,-545.2085739603275,518.1537048216442,-686.693523711348,-762.1559003153556,-273.66689365549627,-865.801618984427,-28.735651904318367,,COMPLETE
192,0.0,2026-06-30 12:30:11.330608,2026-06-30 12:30:15.021366,0 days 00:00:03.690758,874.9527941048144,-606.5649472365575,576.0795083614628,-776.2882802239969,-702.5261614877522,-211.50072464933803,-899.35729403013,-3.3294243958438425,,COMPLETE
193,-1.0,2026-06-30 12:30:15.032255,2026-06-30 12:30:17.718415,0 days 00:00:02.686160,809.1893926868707,-484.67844236173227,510.0544632442727,-628.2136452235579,-750.2093295492211,-262.58066900082133,-967.5340956673889,-44.59939303973046,,COMPLETE
194,0.0,2026-06-30 12:30:17.733650,2026-06-30 12:30:22.389249,0 days 00:00:04.655599,955.8754659971432,-536.6345681496804,366.99902149374003,-727.6900504060319,-674.4032754955502,-367.3493587086266,-764.7614318338594,88.45611357158771,,COMPLETE
195,-1.0,2026-06-30 12:30:22.408874,2026-06-30 12:30:24.789154,0 days 00:00:02.380280,887.81301319632,-424.4689341054441,448.94736794717505,-801.5567947287952,-796.4076701562918,-307.5031463158536,-838.5156906222911,-91.12922797708693,,COMPLETE
196,0.0,2026-06-30 12:30:24.809634,2026-06-30 12:30:28.495210,0 days 00:00:03.685576,843.887471349833,-488.76677337714744,494.8246057262027,-678.4039337852618,-731.984839728237,-118.82097420900104,-925.4497103016158,32.99352263040929,,COMPLETE
197,0.0,2026-06-30 12:30:28.509512,2026-06-30 12:30:32.024955,0 days 00:00:03.515443,782.4093339399717,-347.3561022954905,309.5201990464103,-755.0830223007689,-653.7156517666521,-235.82879975225558,-878.0180851531752,-133.83536374893225,,COMPLETE
198,0.0,2026-06-30 12:30:32.039009,2026-06-30 12:30:35.541794,0 days 00:00:03.502785,907.7019345314698,-561.2454975879838,545.4817868886821,-823.0007717582607,-781.0806374630055,-167.79919061148334,-966.4958617294358,-26.3263691544613,,COMPLETE
199,0.0,2026-06-30 12:30:35.557567,2026-06-30 12:30:39.123399,0 days 00:00:03.565832,858.1747906260197,-468.77281762513115,614.2081632911002,-712.9168700047179,-709.0182904593939,-270.6710478909704,-999.0170987144919,137.50237129533073,,COMPLETE
200,0.0,2026-06-30 12:30:39.135248,2026-06-30 12:30:42.236521,0 days 00:00:03.101273,725.3729627323578,-396.3579710870161,420.40069228580774,-786.2491971180503,-829.5497786558466,-203.08083873453333,-824.8997035258648,2.841569388395005,,COMPLETE
201,0.0,2026-06-30 12:30:42.258036,2026-06-30 12:30:45.725745,0 days 00:00:03.467709,937.1741238629418,-455.2494692376301,372.3876726229294,-726.6170757124905,-686.3446652736837,-143.14609014864044,-945.8998968585385,-67.7006440692104,,COMPLETE
202,0.0,2026-06-30 12:30:45.737458,2026-06-30 12:30:48.926408,0 days 00:00:03.188950,875.0821459206684,-519.0411600948048,448.72632661001694,-654.1379863883317,-741.0962129951786,-314.88976358739205,-906.5292740069676,-48.16203503322793,,COMPLETE
203,0.0,2026-06-30 12:30:48.943974,2026-06-30 12:30:52.501985,0 days 00:00:03.558011,808.6371321627389,-467.26535594731763,400.0119467136965,-760.9239765033644,-633.4817537245956,-113.42621470113646,-948.3335225342657,42.19760750089344,,COMPLETE
204,0.0,2026-06-30 12:30:52.516784,2026-06-30 12:30:56.068701,0 days 00:00:03.551917,881.3382554693111,-443.4884249800091,495.19573976466125,-844.5227532069055,-691.4403164203347,-235.14913916762316,-873.2969843054611,-76.7807625789575,,COMPLETE
205,0.0,2026-06-30 12:30:56.080418,2026-06-30 12:30:59.628545,0 days 00:00:03.548127,968.6856556371762,-505.6060109492703,457.634475186766,-698.9718731019987,-764.6128437109403,-61.96545207168555,-968.7074232928584,-13.388434130298243,,COMPLETE
206,0.0,2026-06-30 12:30:59.641000,2026-06-30 12:31:03.056630,0 days 00:00:03.415630,829.1117943501256,-638.3560609971082,351.66899004945026,-738.5603412657533,-576.8203173699969,-181.55425299893741,-914.0312559449513,83.43056045708813,,COMPLETE
207,0.0,2026-06-30 12:31:03.069573,2026-06-30 12:31:06.559495,0 days 00:00:03.489922,764.6220863665195,-572.20653886881,535.7306064440512,-798.8246315993334,-713.7710719397207,-276.48268863146546,-932.6235222241876,29.545547886038126,,COMPLETE
208,0.0,2026-06-30 12:31:06.571184,2026-06-30 12:31:09.776527,0 days 00:00:03.205343,907.5579305497866,-403.38056077726685,383.6292272397564,-616.1749137653155,-660.2167384677136,-353.44344993051885,-846.1834473208095,-30.797858180479544,,COMPLETE
209,0.0,2026-06-30 12:31:09.787778,2026-06-30 12:31:13.461416,0 days 00:00:03.673638,859.6572917827582,-518.9394794195466,284.5529731840206,-888.8185851219625,-775.2393213325805,-228.76333649995803,-802.5423535473199,-117.87048573510765,,COMPLETE
210,0.0,2026-06-30 12:31:13.473191,2026-06-30 12:31:16.623174,0 days 00:00:03.149983,929.9669955629467,-443.9212485143703,475.68948178761224,-714.6732516246403,-849.4264866762583,-147.28992303345248,-876.0153786926398,4.174832569228386,,COMPLETE
211,0.0,2026-06-30 12:31:16.633951,2026-06-30 12:31:20.048169,0 days 00:00:03.414218,898.8869791990724,-484.59106893437297,425.3371420162461,-752.5293677213135,-725.2246960911206,-208.6483931797695,-956.5108003673123,11.941217581038032,,COMPLETE
212,0.0,2026-06-30 12:31:20.064170,2026-06-30 12:31:23.183963,0 days 00:00:03.119793,803.0383547785793,-538.7422949870627,428.2800112915741,-758.6730214736151,-739.8438570373365,-249.0394310536161,-995.3940277385747,72.1590586076018,,COMPLETE
213,0.0,2026-06-30 12:31:23.196317,2026-06-30 12:31:26.873079,0 days 00:00:03.676762,848.60072669625,-480.7859082872344,489.26495804246167,-808.1187669639579,-693.9043802451405,-312.67776661457805,-950.727737210027,-61.27823308370762,,COMPLETE
214,0.0,2026-06-30 12:31:26.893848,2026-06-30 12:31:30.285933,0 days 00:00:03.392085,971.6440973865069,-363.89014035145914,438.1308231412562,-673.9402875284832,-804.5935538558883,-207.91632983800503,-907.03023390554,113.36778685151496,,COMPLETE
215,0.0,2026-06-30 12:31:30.309505,2026-06-30 12:31:34.289426,0 days 00:00:03.979921,897.9395546734645,-420.69763846270376,171.48247674376825,-834.6707708272214,-608.521586486812,-265.41108081354196,-735.8859875177989,-8.60426408402329,,COMPLETE
216,0.0,2026-06-30 12:31:34.307970,2026-06-30 12:31:37.477544,0 days 00:00:03.169574,826.7379652333792,-616.5758049606907,385.4599068853829,-768.7313079022847,-740.2971908392257,-233.3199853793536,-958.1477377318819,36.81340305173333,,COMPLETE
217,0.0,2026-06-30 12:31:37.488925,2026-06-30 12:31:40.905447,0 days 00:00:03.416522,923.8303338469536,-482.20923138724373,328.00522787628995,-714.3203540286279,-661.0865763578298,-310.9222063586548,-899.20473721008,-82.66357399909973,,COMPLETE
218,0.0,2026-06-30 12:31:40.922212,2026-06-30 12:31:44.194840,0 days 00:00:03.272628,868.267901357732,-561.5533806082734,551.8093182072853,-747.4162264657438,-767.894479010534,-176.3858829303619,-856.9648162097546,-35.55906183373325,,COMPLETE
219,0.0,2026-06-30 12:31:44.206032,2026-06-30 12:31:47.615995,0 days 00:00:03.409963,999.8889964388183,-450.05008775042995,470.4581417124368,-861.3892232899727,-713.6190975820191,-283.0128333497378,-931.2441112795333,51.17838996849126,,COMPLETE
220,0.0,2026-06-30 12:31:47.632996,2026-06-30 12:31:50.915708,0 days 00:00:03.282712,791.7694191121618,-514.0489095879399,513.7543336409623,-661.4884212460277,-789.6602274137431,-238.8182990193016,-995.86976930379,-163.75996809940273,,COMPLETE
221,0.0,2026-06-30 12:31:50.929300,2026-06-30 12:31:53.944695,0 days 00:00:03.015395,889.0123373352137,-589.850036674268,443.28668072394834,-792.8056417471222,-732.4670010488132,-265.4130981686125,-896.6932996853363,1.6844191901829877,,COMPLETE
222,0.0,2026-06-30 12:31:53.956885,2026-06-30 12:31:57.526446,0 days 00:00:03.569561,876.5184048742493,-598.6036714850101,457.6315977148415,-793.9773928801616,-695.8465740992903,-196.7354876523072,-892.1459932450805,15.533063598011067,,COMPLETE
223,0.0,2026-06-30 12:31:57.538894,2026-06-30 12:32:00.771714,0 days 00:00:03.232820,939.7826538730795,-545.7373404937233,410.36656327742844,-711.5213112019742,-752.7430268465006,-251.3270624558917,-951.5309002569755,-36.42956936757148,,COMPLETE
224,27.0,2026-06-30 12:37:22.390034,2026-06-30 12:37:25.855885,0 days 00:00:03.465851,48.47,122.0,-491.87,-872.14,186.12,-533.92,-861.2,621.11,"{'V3': -533.92, 'V6': -861.2, 'V9': 621.11, 'V10': 48.47, 'V11': 122.0, 'V12': -491.87, 'V15': -872.14, 'V18': 186.12}",COMPLETE
225,0.0,2026-06-30 12:37:25.878149,2026-06-30 12:37:29.162116,0 days 00:00:03.283967,841.7959662442565,-484.1240329652327,372.5123539637681,-744.7653618185553,-824.1171063999917,-135.61784748545892,-833.7249207643619,-90.01340533318651,,COMPLETE
226,0.0,2026-06-30 12:37:29.178492,2026-06-30 12:37:32.743680,0 days 00:00:03.565188,926.3999555714769,-405.5489356359035,574.8544881344296,-838.6826675270819,-670.7628686729124,-171.6675765341131,-933.2443268269933,68.17741532137396,,COMPLETE
227,0.0,2026-06-30 12:37:32.766671,2026-06-30 12:37:36.128209,0 days 00:00:03.361538,768.1976375153231,-447.14033111336846,514.674603104008,-770.9203898965567,-872.7108817093904,-97.41366199931576,-968.0015486521171,-45.584986630069,,COMPLETE
228,0.0,2026-06-30 12:37:36.140421,2026-06-30 12:37:40.212618,0 days 00:00:04.072197,819.85096351814,-518.7325089620672,417.4592469997343,-679.9334383476784,-763.1146825443037,-334.74774644961076,-763.8785836240522,-1.899145664824898,,COMPLETE
229,0.0,2026-06-30 12:37:40.233209,2026-06-30 12:37:43.561931,0 days 00:00:03.328722,963.0115213950571,-489.9942377496033,490.50062510183045,-878.3035552781383,-793.4823603478615,-378.9615161799,-854.1088638729011,36.79304622156673,,COMPLETE
230,0.0,2026-06-30 12:37:43.575532,2026-06-30 12:37:47.029714,0 days 00:00:03.454182,883.2267920175285,-383.581488061974,533.1583680348377,-808.040329461313,-625.7297904866062,-214.71472548314446,-920.9273447306704,102.38757174070766,,COMPLETE
231,0.0,2026-06-30 12:37:47.055477,2026-06-30 12:37:50.456826,0 days 00:00:03.401349,890.5404545359055,-576.8660216601753,452.90777723100786,-773.5675835652945,-729.054009801732,-287.13282875243806,-878.8552502038482,9.390406615992347,,COMPLETE
232,0.0,2026-06-30 12:37:50.469414,2026-06-30 12:37:53.839788,0 days 00:00:03.370374,841.6983107401296,-456.58907593829815,465.4581231912409,-729.3839065246706,-719.584200173124,-250.36111007676658,-904.7236700115362,-23.63037784292951,,COMPLETE
233,0.0,2026-06-30 12:37:53.851976,2026-06-30 12:37:57.321589,0 days 00:00:03.469613,915.8209320591061,-539.6347986732518,391.47349543077365,-821.0649360012085,-698.9967511832331,-210.93594012683138,-970.0794222175563,-71.37725711431754,,COMPLETE
234,0.0,2026-06-30 12:37:57.346466,2026-06-30 12:38:01.597631,0 days 00:00:04.251165,866.3624110895964,-501.433471906933,430.4473153134347,-789.9227004166435,-747.1032642747471,-277.1808993186219,-809.6374739008904,40.62421435187362,,COMPLETE
235,0.0,2026-06-30 12:38:01.629934,2026-06-30 12:38:05.366683,0 days 00:00:03.736749,912.4363750710734,-431.4410485766321,486.3196125194762,-690.0156586475368,-815.7583180032417,-167.98156185298132,-997.9056974037155,-130.2357721867292,,COMPLETE
236,0.0,2026-06-30 12:38:05.385612,2026-06-30 12:38:10.391446,0 days 00:00:05.005834,806.8292070435123,-476.7007419054853,427.95813333282575,-745.5412363068265,-661.8249585156211,-312.99462907045154,-931.9994272045558,0.6055501736042501,,COMPLETE
237,30.0,2026-06-30 12:38:07.691154,2026-06-30 12:38:12.794639,0 days 00:00:05.103485,48.47,122.0,-491.87,-872.14,186.12,-533.92,-861.2,621.11,"{'V3': -533.92, 'V6': -861.2, 'V9': 621.11, 'V10': 48.47, 'V11': 122.0, 'V12': -491.87, 'V15': -872.14, 'V18': 186.12}",COMPLETE
238,0.0,2026-06-30 12:38:10.407903,2026-06-30 12:38:14.907310,0 days 00:00:04.499407,848.6932651204675,-542.1699566428754,333.63794438303387,-850.1866070223077,-777.2855717286831,-232.67056435599676,-874.0940492136556,-44.8216820942841,,COMPLETE
239,0.0,2026-06-30 12:38:12.825025,2026-06-30 12:38:17.757477,0 days 00:00:04.932452,961.4186156389185,-424.59453578502956,346.2837981806277,-883.1047111181548,-782.2962249265902,-223.95230035740124,-860.8515837024418,648.3199846565744,,COMPLETE
240,0.0,2026-06-30 12:38:14.939779,2026-06-30 12:38:20.132617,0 days 00:00:05.192838,960.1658058496287,-411.98670211418033,588.1133760699561,-890.6801561143008,-693.2071963727332,-204.5366397650257,-842.0488798606772,60.683913989849955,,COMPLETE
241,0.0,2026-06-30 12:38:17.778193,2026-06-30 12:38:22.462083,0 days 00:00:04.683890,741.6921300531056,-506.4246009389404,620.9850389478281,-639.375187892113,-692.2088271341512,-180.05526639355043,-951.532064418287,700.0151394384848,,COMPLETE
242,0.0,2026-06-30 12:38:20.162702,2026-06-30 12:38:25.261831,0 days 00:00:05.099129,884.6298102953263,-502.5960663505199,460.51847528209044,-792.301293128863,-733.3303230472578,-278.89921330783983,-912.5024761519705,19.093909813173696,,COMPLETE
243,0.0,2026-06-30 12:38:22.489368,2026-06-30 12:38:27.591443,0 days 00:00:05.102075,887.8465017772388,-476.4901317224897,466.0634979018042,-788.7700708101949,-734.3286920801247,-279.9869573843444,-906.4018498408391,12.98805798136923,,COMPLETE
244,0.0,2026-06-30 12:38:25.300184,2026-06-30 12:38:29.789328,0 days 00:00:04.489144,902.6884974983313,-459.0312456012982,517.789561661291,-718.0463911832937,-742.5372898512691,-254.8108315256204,-894.0805657918247,-21.04449574538886,,COMPLETE
245,0.0,2026-06-30 12:38:27.605259,2026-06-30 12:38:32.393947,0 days 00:00:04.788688,827.8015567790652,-586.4014210609627,514.2525887273276,-727.900436837684,-835.3163791042412,-248.04431716967474,-959.2816881552108,-41.418231879917045,,COMPLETE
246,0.0,2026-06-30 12:38:29.809804,2026-06-30 12:38:34.571010,0 days 00:00:04.761206,844.0662668136964,-600.0412136553865,-496.6774605839972,-824.5632427116609,-825.2142772467064,-129.01365631011353,-966.310688581636,-82.81458993602136,,COMPLETE
247,0.0,2026-06-30 12:38:32.415011,2026-06-30 12:38:36.867400,0 days 00:00:04.452389,790.3377096659082,-539.7772524381372,400.0923963873273,-828.3951401915061,-664.4884972448656,-342.90179307780403,-807.8393191334046,-88.71107487995705,,COMPLETE
248,0.0,2026-06-30 12:38:34.585186,2026-06-30 12:38:38.903468,0 days 00:00:04.318282,794.6856156848492,-546.9150678231778,402.0623940390874,-758.6005649841417,-637.7174614595333,-327.5866497308326,-808.8800706368705,65.23257060082598,,COMPLETE
249,0.0,2026-06-30 12:38:36.885723,2026-06-30 12:38:41.606541,0 days 00:00:04.720818,926.324420527814,-456.55212457268465,387.2803547969422,-747.4321444670286,-710.330288503106,-304.4529491979539,-930.0770741226804,86.67272963532838,,COMPLETE
250,0.0,2026-06-30 12:38:38.924631,2026-06-30 12:38:43.501361,0 days 00:00:04.576730,935.5650742589412,-662.5536800602085,437.1079492055625,-683.6154415012517,-772.1351047533436,-195.48993265082436,-999.8123351026371,-13.298275063907475,,COMPLETE
251,0.0,2026-06-30 12:38:41.618894,2026-06-30 12:38:45.939929,0 days 00:00:04.321035,861.3210975394362,-646.4275903919256,435.75558618409343,-672.4060674256491,-775.1903660605731,-181.09364934577346,-999.859996023829,-22.959151130637952,,COMPLETE
252,0.0,2026-06-30 12:38:43.515134,2026-06-30 12:38:48.193714,0 days 00:00:04.678580,850.6458680328155,-497.7896720595007,562.3090135488249,-769.2664300136032,-764.6230477181475,-153.06673746414526,-881.1839828082415,29.923266336363596,,COMPLETE
253,0.0,2026-06-30 12:38:45.958044,2026-06-30 12:38:50.751093,0 days 00:00:04.793049,870.3665269522122,-355.245935244604,487.5911179975477,-918.0986391892055,-730.1936534401368,-236.59729677045004,-869.4477214566433,29.972130138330588,,COMPLETE
254,0.0,2026-06-30 12:38:48.217430,2026-06-30 12:38:52.735645,0 days 00:00:04.518215,904.5351655297675,-382.2475531142617,492.9407534338939,-914.3418513500644,-706.2731106242974,-237.8711041705182,-927.8695829111634,-61.6845081573631,,COMPLETE
255,0.0,2026-06-30 12:38:50.765879,2026-06-30 12:38:55.512007,0 days 00:00:04.746128,906.9758800880912,-427.1377509889922,483.64557707353947,-836.5244128832231,-689.428827709036,-284.6111621808887,-931.5418859892694,-50.85789058438601,,COMPLETE
256,0.0,2026-06-30 12:38:52.763423,2026-06-30 12:38:57.719179,0 days 00:00:04.955756,825.1234064550488,-449.7083403843768,469.47809837804766,-710.0657529712836,-673.3830143575672,-291.34992095083635,-773.2236842788827,-117.86049035294883,,COMPLETE
257,0.0,2026-06-30 12:38:55.531731,2026-06-30 12:39:00.164196,0 days 00:00:04.632465,751.5241330364261,-517.6453340138318,368.01617868603705,-710.4986636666856,-804.7055344175171,-213.49913655103848,-842.9903388744109,164.48845975568364,,COMPLETE
258,0.0,2026-06-30 12:38:57.733687,2026-06-30 12:39:06.118450,0 days 00:00:08.384763,771.4856296513967,-519.9994325913149,377.92180313208166,-799.5154596124295,-802.2221802936637,-201.58580124115724,-893.6313143157644,100.36459816938773,,COMPLETE
259,0.0,2026-06-30 12:39:00.182679,2026-06-30 12:39:09.241460,0 days 00:00:09.058781,954.5598361738237,-565.411618768639,522.8337796076873,-790.5746698000913,-738.7107567259083,-252.71912155895728,-958.1683032920024,-1.9011020001016758,,COMPLETE
260,0.0,2026-06-30 12:39:06.146663,2026-06-30 12:39:12.644785,0 days 00:00:06.498122,972.6076385386946,-582.8386373414678,547.1282249670716,-768.8331367958131,-619.799911720766,-371.12698369641873,-959.8657667283574,-6.113651560064186,,COMPLETE
261,0.0,2026-06-30 12:39:09.258874,2026-06-30 12:39:14.705265,0 days 00:00:05.446391,860.211975094977,-471.19184300359774,-548.851692840669,-865.060111504388,-636.3145024782709,-381.0128112293188,-959.3641051558681,54.54663480516434,,COMPLETE
262,0.0,2026-06-30 12:39:12.673018,2026-06-30 12:39:18.654849,0 days 00:00:05.981831,704.9103442035321,-470.9101192748409,437.26392426346064,-856.7937376037812,-860.3335815530023,-127.72141237680864,-904.3663111087437,52.95981907043385,,COMPLETE
263,0.0,2026-06-30 12:39:14.722250,2026-06-30 12:39:19.913954,0 days 00:00:05.191704,812.2453060134346,-401.40445774156376,426.28377784814484,-644.1376699686216,-721.0725884310879,-132.83460063654877,-906.263400081789,-57.42808174201379,,COMPLETE
