number,value,datetime_start,datetime_complete,duration,params_V10,params_V11,params_V12,params_V15,params_V18,params_V3,params_V6,params_V9,system_attrs_fixed_params,state
440,0.0,2026-06-30 12:49:51.183072,2026-06-30 12:49:55.755110,0 days 00:00:04.572038,708.3049026146064,-474.22082512198983,552.4138038464444,-768.0075037519605,-777.6553747851964,-292.6158673899205,-999.8087304374052,4.51091496370023,,COMPLETE
441,-1.0,2026-06-30 12:49:51.953981,2026-06-30 12:49:55.009943,0 days 00:00:03.055962,785.7558898292558,-461.4243474397559,541.152839250063,-762.598439589728,-776.3784164960251,-285.3235329967165,-838.6535833284742,-2.1609690506309995,,COMPLETE
442,-1.0,2026-06-30 12:49:55.022985,2026-06-30 12:49:58.785089,0 days 00:00:03.762104,703.506192986828,-532.0770587897064,496.2094112378211,-700.0909729533684,-693.4255452271574,-333.0111654695214,-897.5751971089311,-42.80787545296164,,COMPLETE
443,0.0,2026-06-30 12:49:55.769947,2026-06-30 12:49:59.685262,0 days 00:00:03.915315,957.596357376044,-524.6342952560958,491.54956978604866,-694.4306901213216,-690.1838812137144,-242.02423753400092,-901.3160560282354,-45.61215731430936,,COMPLETE
444,-1.0,2026-06-30 12:49:58.821686,2026-06-30 12:50:02.738342,0 days 00:00:03.916656,941.884481483781,-398.6968211951951,397.83163183870533,-798.3630800191828,-849.0207075658536,-882.4352334511436,-805.7291729223945,52.53038142396308,,COMPLETE
445,0.0,2026-06-30 12:49:59.706311,2026-06-30 12:50:03.501237,0 days 00:00:03.794926,909.6061178630048,870.6819538543973,392.3567218937474,-808.2681796392253,-424.97401051522445,-139.92631046937925,-944.1925640603664,42.47314356917506,,COMPLETE
446,0.0,2026-06-30 12:50:02.758632,2026-06-30 12:50:07.641521,0 days 00:00:04.882889,907.8495772579711,-645.6760252500272,-661.6158572426393,-728.864854073484,-758.6710995909725,-682.4775817111549,-942.8200012385364,16.170385746170933,,COMPLETE
447,-1.0,2026-06-30 12:50:03.524298,2026-06-30 12:50:06.710121,0 days 00:00:03.185823,823.1645246966827,-654.2320244484557,-227.1698743962706,-732.7596712370965,-736.4513474687499,27.585725559946525,-858.0751608677106,629.0752065444491,,COMPLETE
448,0.0,2026-06-30 12:50:06.729188,2026-06-30 12:50:11.297890,0 days 00:00:04.568702,886.4048192756063,-485.97547547128454,443.11328368920636,-594.5609384649888,-748.2230456093077,-210.89314372216245,-710.4384763294038,-15.308752218048383,,COMPLETE
449,-1.0,2026-06-30 12:50:07.672863,2026-06-30 12:50:10.609796,0 days 00:00:02.936933,834.5345480752436,-483.253107550382,449.5240315782746,-866.8416711536931,-561.312211499851,-217.80508085035257,-961.2828712167347,-21.275631325882426,,COMPLETE
450,-1.0,2026-06-30 12:50:10.625454,2026-06-30 12:50:14.362166,0 days 00:00:03.736712,773.0868893716856,-572.0227994004032,355.34049971999946,-776.116444373086,-657.2933971209783,-257.1005345802577,-877.5450516727216,103.7370876782679,,COMPLETE
451,0.0,2026-06-30 12:50:11.309694,2026-06-30 12:50:15.169921,0 days 00:00:03.860227,789.321551622679,-569.4229003790551,72.25232057581582,-978.2846248261858,724.5068382049552,-269.0781248170995,-887.2513635424287,544.8004275565614,,COMPLETE
452,0.0,2026-06-30 12:50:14.384265,2026-06-30 12:50:18.906520,0 days 00:00:04.522255,803.0341930535942,-431.04179027401506,59.08046857172144,-956.307003588553,-933.0900599435492,-483.4562028080583,-920.7144140964086,547.0024346536736,,COMPLETE
453,-1.0,2026-06-30 12:50:15.190394,2026-06-30 12:50:18.179344,0 days 00:00:02.988950,863.5781011744726,-432.99169476954717,527.253896174084,-815.6621984107784,-821.2036063096779,-328.93878583196005,-931.134677802069,-77.68830370078383,,COMPLETE
454,0.0,2026-06-30 12:50:18.192704,2026-06-30 12:50:22.713696,0 days 00:00:04.520992,948.0102666688219,-516.535759686427,412.4642616493969,-666.2350747016357,-712.9545813628916,-161.54972197464775,-832.4652684030493,-56.268200482803394,,COMPLETE
455,-1.0,2026-06-30 12:50:18.923217,2026-06-30 12:50:21.962171,0 days 00:00:03.038954,295.19287883974516,-516.9384119626045,424.18971500673945,-666.4581206616267,173.1549928701403,-165.8732470043817,-829.5348277320331,81.52611106701859,,COMPLETE
456,0.0,2026-06-30 12:50:21.979569,2026-06-30 12:50:26.731410,0 days 00:00:04.751841,954.9647908361019,-363.2585215285451,275.7810280312453,-744.3745970939203,260.2220723276282,-101.0149229533889,-966.266376365042,-59.76009054756002,,COMPLETE
457,-1.0,2026-06-30 12:50:22.728979,2026-06-30 12:50:26.000139,0 days 00:00:03.271160,14.900900305449253,-382.0986911897529,487.3791629670361,-738.6938026062131,484.3062130780788,-86.31321412273832,-999.6071696752181,16.82574285837101,,COMPLETE
458,-1.0,2026-06-30 12:50:26.015864,2026-06-30 12:50:29.696429,0 days 00:00:03.680565,-501.94411178596545,-462.3163122793621,753.1225115690808,-856.7741299902482,-789.1162553964698,-244.25618866065187,-962.2800142219911,-120.04001553830865,,COMPLETE
459,0.0,2026-06-30 12:50:26.747858,2026-06-30 12:50:30.630880,0 days 00:00:03.883022,898.6773159965694,-613.5965613897985,-11.081883365144137,-865.8269099297825,-788.9852709518965,-235.1476091229109,-919.0945878307112,52.62591034204881,,COMPLETE
460,-1.0,2026-06-30 12:50:29.721232,2026-06-30 12:50:33.874654,0 days 00:00:04.153422,902.8400329125798,-556.5455972400534,574.6593068026526,-787.2254292230854,-358.3755338718486,-305.6750867729985,-902.6303366108085,54.58643134199329,,COMPLETE
461,0.0,2026-06-30 12:50:30.661888,2026-06-30 12:50:34.701818,0 days 00:00:04.039930,837.6161770005698,-558.0111029757358,469.9996867614776,-782.8213683835762,-676.0162124379258,-301.9089725561666,-872.3530099678812,-0.9712632671369885,,COMPLETE
462,-1.0,2026-06-30 12:50:33.888667,2026-06-30 12:50:37.389021,0 days 00:00:03.500354,846.8846837560945,-471.3973636988207,472.4328638546997,-706.923501090731,-678.5440132624777,-396.4185250639864,-860.497268442259,-18.923506477844327,,COMPLETE
463,0.0,2026-06-30 12:50:34.716793,2026-06-30 12:50:38.425025,0 days 00:00:03.708232,735.5751230200691,-469.5559798150594,356.419413916209,-708.2125511710311,-723.7265371606286,-393.25868043138905,-942.7207996474616,147.092603457395,,COMPLETE
464,-1.0,2026-06-30 12:50:37.416271,2026-06-30 12:50:41.576862,0 days 00:00:04.160591,743.2059201948099,663.0401686806965,345.5165211520673,-829.2076825821952,-622.9963543847554,-188.83860078973083,-945.4929199403696,-73.38484299367514,,COMPLETE
465,0.0,2026-06-30 12:50:38.452770,2026-06-30 12:50:42.300498,0 days 00:00:03.847728,71.70830847099084,-512.6478176439349,429.903236269491,-822.197475231805,-613.4517205104905,-197.0484351116788,-776.3779543343574,-85.77197895304741,,COMPLETE
466,-1.0,2026-06-30 12:50:41.601085,2026-06-30 12:50:44.967397,0 days 00:00:03.366312,870.9944892763921,-516.884300654211,523.6145304147747,-762.7670810972189,-750.5028493937065,-542.9728782276026,-790.125921611844,13.481261902301094,,COMPLETE
467,0.0,2026-06-30 12:50:42.315824,2026-06-30 12:50:46.182724,0 days 00:00:03.866900,878.493695742189,-417.1720144214014,524.653529427116,-760.4346925866361,-743.2212799345253,-564.4041843277039,-811.3346267259238,401.868772898762,,COMPLETE
468,-1.0,2026-06-30 12:50:44.983310,2026-06-30 12:50:49.090403,0 days 00:00:04.107093,923.8832289619604,-410.43648171466054,393.7410851425798,-741.599353257049,-856.0483361857737,-53.118324800257554,-902.7551279240481,96.46447637932931,,COMPLETE
469,0.0,2026-06-30 12:50:46.206986,2026-06-30 12:50:49.798824,0 days 00:00:03.591838,927.3579423025419,-13.252769099010862,310.381144951039,-891.404704793053,-872.9406731577387,-273.29210576201825,-897.3604643586846,-32.614565678378156,,COMPLETE
470,-1.0,2026-06-30 12:50:49.108459,2026-06-30 12:50:52.577833,0 days 00:00:03.469374,-620.0980974438428,58.576732918480424,448.14937605405686,-896.7739979848986,-810.5608216811447,-277.0658081909687,-971.3693120602782,-32.090777408070764,,COMPLETE
471,0.0,2026-06-30 12:50:49.816000,2026-06-30 12:50:53.470083,0 days 00:00:03.654083,822.77980942791,382.9530843639286,456.8393262648397,-680.4190049991178,-803.886858270132,-344.45485187273505,-999.6966801666513,999.3627597798122,,COMPLETE
472,0.0,2026-06-30 12:50:52.597960,2026-06-30 12:50:57.397458,0 days 00:00:04.799498,-45.726352810375424,-451.22570568588344,486.5732729648243,-692.8301131542626,-702.1120981524807,-356.4236304426065,-862.0012335537416,25.70800687464997,,COMPLETE
473,-1.0,2026-06-30 12:50:53.499446,2026-06-30 12:50:56.755767,0 days 00:00:03.256321,969.6043158085266,-449.0076906638416,-133.03756169137748,-801.581964275624,-708.2958935881662,-230.54193387621433,-856.2526480226506,29.80230502922151,,COMPLETE
474,-1.0,2026-06-30 12:50:56.772494,2026-06-30 12:51:00.414988,0 days 00:00:03.642494,804.0501810726149,-327.22634945465626,-470.0068575498699,-617.6023843671182,-646.5742737247543,-203.54191205846251,-933.2919088004811,69.4636130318932,,COMPLETE
475,0.0,2026-06-30 12:50:57.413794,2026-06-30 12:51:01.182649,0 days 00:00:03.768855,823.3293917776322,-588.2756057731315,566.9672970721894,-640.6234357580215,-660.3749776545914,-130.44891432232868,-932.2330367392216,78.14095037210048,,COMPLETE
476,-1.0,2026-06-30 12:51:00.432898,2026-06-30 12:51:04.736055,0 days 00:00:04.303157,865.1116271143779,-617.4776669511629,392.1581978245363,-543.3888934307802,-772.7523701882437,-243.90374461190808,-927.7051628541099,-17.372003288968653,,COMPLETE
477,0.0,2026-06-30 12:51:01.213126,2026-06-30 12:51:05.375032,0 days 00:00:04.161906,883.2289008881895,-497.3557659532471,-551.5375568110101,-723.8348326265649,-775.9353617399404,-255.40937089018243,-972.0082777803666,-115.95820601415443,,COMPLETE
478,-1.0,2026-06-30 12:51:04.755846,2026-06-30 12:51:08.313966,0 days 00:00:03.558120,896.1414759668892,-549.8270605621732,504.72775032721677,-722.6783694432694,-719.5721961917901,-311.94441136445795,-965.9885234584739,-111.01029841635524,,COMPLETE
479,0.0,2026-06-30 12:51:05.387150,2026-06-30 12:51:09.098486,0 days 00:00:03.711336,913.7957722266584,-541.5819207917687,496.7511030340418,-795.6403372323529,150.4580438640332,-164.6390788387463,-892.1474900203958,740.1920225015107,,COMPLETE
480,-1.0,2026-06-30 12:51:08.328856,2026-06-30 12:51:12.286655,0 days 00:00:03.957799,670.6629219480612,-684.7378809533586,418.10539015396256,-788.6069340079321,566.4088454482778,-167.40225277535524,-888.9502696576723,-53.40009210680012,,COMPLETE
481,0.0,2026-06-30 12:51:09.111716,2026-06-30 12:51:12.962514,0 days 00:00:03.850798,972.0795746466262,-390.1963903295446,421.1191543805292,-844.43369703593,563.7106167444581,-210.27615817326466,-827.2245888411784,-60.37182077166616,,COMPLETE
482,-1.0,2026-06-30 12:51:12.298934,2026-06-30 12:51:15.896519,0 days 00:00:03.597585,970.118723122333,-489.20061219736687,124.4057714547589,-849.2028071958556,-739.0127954565371,-210.9592169687792,-802.1835583884456,6.212717144389049,,COMPLETE
483,0.0,2026-06-30 12:51:12.979341,2026-06-30 12:51:16.731839,0 days 00:00:03.752498,780.714439849558,109.66630169984609,637.8712369212287,-766.0228906232577,-747.2973359826963,-301.9731155671487,-739.9349580194324,4.353592110500716,,COMPLETE
484,0.0,2026-06-30 12:51:15.911108,2026-06-30 12:51:20.718436,0 days 00:00:04.807328,-282.4400573595665,109.14715184181296,377.5288827982833,-757.7472060848817,-683.59341805925,-284.37444733281734,-999.3537005866635,-161.5951964516816,,COMPLETE
485,-1.0,2026-06-30 12:51:16.743660,2026-06-30 12:51:20.017077,0 days 00:00:03.273417,847.8430654126398,-433.88764920083804,370.1582786302932,-664.2421007583421,-8.327223572266007,-257.77256206578556,-962.3028924798208,45.77071057561214,,COMPLETE
486,-1.0,2026-06-30 12:51:20.034631,2026-06-30 12:51:23.661240,0 days 00:00:03.626609,924.0878759108177,298.1660240046524,458.00253704833943,-744.6795455715478,-829.110526178433,-284.04146284749385,-998.8078666193012,-173.4100290552243,,COMPLETE
487,0.0,2026-06-30 12:51:20.733392,2026-06-30 12:51:24.451415,0 days 00:00:03.718023,842.7854004287066,-491.8093848244116,469.57733390804265,-714.8940726420567,-823.0761353727881,-125.993923419282,-922.9288543619276,275.2933800904833,,COMPLETE
488,-1.0,2026-06-30 12:51:23.680044,2026-06-30 12:51:27.648260,0 days 00:00:03.968216,839.4595787200285,-491.8075803943245,-381.40342538824433,-804.2775532910985,-713.6084395292612,-132.3353554238897,-906.2579272610408,108.68269758288505,,COMPLETE
489,0.0,2026-06-30 12:51:24.471977,2026-06-30 12:51:28.388488,0 days 00:00:03.916511,767.0605888675967,984.1106850067976,-622.4928123817738,-809.328493925141,-703.1295922162492,-229.66592931340847,-846.2487075562096,-41.88286931349512,,COMPLETE
490,0.0,2026-06-30 12:51:27.668670,2026-06-30 12:51:32.050534,0 days 00:00:04.381864,776.644252791384,-542.3228723044822,562.1150145832113,-813.7202397407475,-770.0721690189688,-227.81280610592853,-856.0366492707813,339.44952274825243,,COMPLETE
491,-1.0,2026-06-30 12:51:28.402675,2026-06-30 12:51:31.317362,0 days 00:00:02.914687,883.6984403769125,-545.2580723042407,526.881636816807,-684.8553946941271,-769.7225622385623,-328.8753493942038,-864.6907957444636,-4.169134396063612,,COMPLETE
492,-1.0,2026-06-30 12:51:31.328382,2026-06-30 12:51:35.261361,0 days 00:00:03.932979,810.1410285302221,-953.9775040671923,595.491651101571,-928.8539479812708,-584.3063741954893,-184.84466897908052,-944.6025714902855,42.70321265857913,,COMPLETE
493,0.0,2026-06-30 12:51:32.066790,2026-06-30 12:51:36.032916,0 days 00:00:03.966126,936.9781037300849,-440.53034150742076,430.87332217625556,-935.2451958846832,-666.4294571445461,-194.6065004340512,-944.0358666555186,46.176094784496335,,COMPLETE
494,0.0,2026-06-30 12:51:35.287962,2026-06-30 12:51:39.677079,0 days 00:00:04.389117,894.9654672814418,-453.64741229361357,425.0794912397903,-872.0986496119058,-661.9791662829145,-259.5185858809529,-914.2250611196856,-86.18045911420776,,COMPLETE
495,-1.0,2026-06-30 12:51:36.050782,2026-06-30 12:51:38.769840,0 days 00:00:02.719058,878.1053904886734,-358.6865601805925,489.0797944070757,-756.017812413492,-189.1086686796442,-258.2314202204851,-901.0286292354156,-85.74721665420032,,COMPLETE
496,-1.0,2026-06-30 12:51:38.783344,2026-06-30 12:51:42.566832,0 days 00:00:03.783488,932.6487036484234,-461.2948901571092,413.87400922064876,-859.154363674882,-632.7135251112321,-331.24994217697133,-960.6293244123955,-24.564226097133208,,COMPLETE
497,0.0,2026-06-30 12:51:39.691588,2026-06-30 12:51:43.500232,0 days 00:00:03.808644,925.607431532231,-606.0611598706332,336.67638305459604,-715.5143960992556,831.9226328644685,-330.0196147857238,-821.3772139399855,-26.657658599076786,,COMPLETE
498,0.0,2026-06-30 12:51:42.597611,2026-06-30 12:51:47.207965,0 days 00:00:04.610354,842.3631110225891,-593.6650744398826,324.36844498193693,-704.8956899038076,-728.5779641689969,-450.1552183599868,-822.6865666745244,-645.4481822936798,,COMPLETE
499,-1.0,2026-06-30 12:51:43.527179,2026-06-30 12:51:46.495499,0 days 00:00:02.968320,997.0681252117449,-403.86466907077886,517.3701971154765,-654.255635301949,-731.519304360849,-160.79133548022415,-903.2340088972942,164.44280072668002,,COMPLETE
500,-1.0,2026-06-30 12:51:46.508677,2026-06-30 12:51:50.730831,0 days 00:00:04.222154,240.08828986036843,-512.5495897714092,460.154891378536,-770.8180484673873,-798.6549372936965,-220.5586768619702,-874.3427639643284,16.18739424433262,,COMPLETE
501,0.0,2026-06-30 12:51:47.223748,2026-06-30 12:51:51.410435,0 days 00:00:04.186687,444.54011901111767,-515.0162133921364,462.69901779842183,-768.9298641933926,230.2551407246184,-501.6523976471446,-963.1465526893651,821.1506029130188,,COMPLETE
502,0.0,2026-06-30 12:51:50.761699,2026-06-30 12:51:55.183281,0 days 00:00:04.421582,798.8531260388361,-514.3979856417825,545.6809027540099,-594.5929233033908,-907.9820203475028,-289.7722269611516,-954.011735367368,123.15183274757811,,COMPLETE
503,-1.0,2026-06-30 12:51:51.425664,2026-06-30 12:51:54.413494,0 days 00:00:02.987830,804.8438760569297,-485.71458524289994,392.696140347791,-808.2251263010033,-689.5907338902418,-289.02032975823204,-930.4690819502456,121.27187517778499,,COMPLETE
504,-1.0,2026-06-30 12:51:54.426487,2026-06-30 12:51:58.285045,0 days 00:00:03.858558,876.9505620448051,-409.4024463848161,542.8667687419065,-581.0766255205893,30.45226209378157,-372.21243994100837,-877.0260134317061,-324.0562646289647,,COMPLETE
505,0.0,2026-06-30 12:51:55.210820,2026-06-30 12:51:59.278708,0 days 00:00:04.067888,872.3614509189075,-287.51766492652393,287.4177673087995,-733.641299866606,-763.6545388302611,-369.5773830657248,-761.0516809742657,643.8934153791703,,COMPLETE
506,0.0,2026-06-30 12:51:58.303183,2026-06-30 12:52:03.022732,0 days 00:00:04.719549,739.0527792350433,-556.2922045503021,231.97944107935268,-736.683363168325,-766.7417189756211,-193.94353680881127,-996.7312853521104,79.4519221519796,,COMPLETE
507,-1.0,2026-06-30 12:51:59.315168,2026-06-30 12:52:02.379867,0 days 00:00:03.064699,743.3478842635297,-572.9867431337573,-312.2807617752284,-839.8933234202422,-802.353235954666,-192.32336019669538,-689.1227849785473,-36.483289488675744,,COMPLETE
508,0.0,2026-06-30 12:52:02.395911,2026-06-30 12:52:07.005177,0 days 00:00:04.609266,951.5067300318929,-464.6879619693782,496.50324264047515,-688.7642139453023,-851.3972484149973,-242.2098695673663,-916.3636622910396,14.500896136413287,,COMPLETE
509,-1.0,2026-06-30 12:52:03.039876,2026-06-30 12:52:06.062619,0 days 00:00:03.022743,959.8183099039073,-460.4892237696441,487.40247860191965,-673.125172400104,-707.3655697035925,-237.47511100939766,-917.3781667574921,3.4629558789415285,,COMPLETE
510,-1.0,2026-06-30 12:52:06.080469,2026-06-30 12:52:10.002959,0 days 00:00:03.922490,830.4866670871447,-387.2520478190945,376.1582302827851,-785.3586771382312,-738.3668713608532,-247.59869929515258,-870.8146337826486,-71.38542317509834,,COMPLETE
511,0.0,2026-06-30 12:52:07.033718,2026-06-30 12:52:10.706896,0 days 00:00:03.673178,837.4721334203441,-382.61269797361433,-708.849990847525,-783.0142549179518,-741.2336931232572,-157.13025601320555,-862.0547146954283,-75.93454031348989,,COMPLETE
512,-1.0,2026-06-30 12:52:10.017587,2026-06-30 12:52:13.747921,0 days 00:00:03.730334,914.45887041182,243.99700090915815,451.6791429428985,-830.1669443461758,-624.9714954039438,-143.81757167594637,-963.7930899506473,62.490167193192924,,COMPLETE
513,0.0,2026-06-30 12:52:10.731894,2026-06-30 12:52:14.785315,0 days 00:00:04.053421,910.0463814330977,-428.1007119800105,436.9415583523922,-884.1862125122076,-630.159490265324,-112.49419517345646,-949.8533294519461,49.212896170568456,,COMPLETE
514,0.0,2026-06-30 12:52:13.777186,2026-06-30 12:52:18.566663,0 days 00:00:04.789477,903.2092938176289,-429.59444954523565,414.96426451260083,-640.8928721917405,103.33928826155191,-305.91226642867105,-791.2337638357976,241.2191042464689,,COMPLETE
515,-1.0,2026-06-30 12:52:14.826324,2026-06-30 12:52:17.864774,0 days 00:00:03.038450,113.74568160453103,-531.5524426969964,397.2831394184808,-734.5850745760223,-681.6234508116073,-614.9795705532208,-799.5678041373583,-27.001351269500525,,COMPLETE
516,-1.0,2026-06-30 12:52:17.879088,2026-06-30 12:52:21.580577,0 days 00:00:03.701489,858.4475245202085,-491.3333375568296,509.52188215997944,-633.2796312336397,-806.8451887868858,-312.4594961619822,-906.390423696682,-130.33698245023956,,COMPLETE
517,0.0,2026-06-30 12:52:18.581555,2026-06-30 12:52:22.671244,0 days 00:00:04.089689,858.8129057211127,-908.826042309694,602.6690045780115,-764.8967054168934,-809.0961731154251,-274.63299361763904,-894.1940991432008,16.11388929596735,,COMPLETE
518,0.0,2026-06-30 12:52:21.600474,2026-06-30 12:52:26.888001,0 days 00:00:05.287527,814.836143783922,-487.9327776288307,458.0578073077067,-827.1852238927095,-700.0873395459056,-209.700039663923,-968.4819221083038,15.292307354420906,,COMPLETE
519,-1.0,2026-06-30 12:52:22.694198,2026-06-30 12:52:26.060690,0 days 00:00:03.366492,801.3024665900467,-563.9133447916837,171.0863239876635,-707.390787473901,-716.8450610191057,-211.4941977163144,-833.0441204817109,-51.58177498753595,,COMPLETE
520,-1.0,2026-06-30 12:52:26.089234,2026-06-30 12:52:29.991331,0 days 00:00:03.902097,33.048218339067716,190.5100665663944,360.3003228261648,-808.0124048976132,-675.2308702594796,-62.428617762681,-974.2734623043972,-24.850245149924778,,COMPLETE
521,0.0,2026-06-30 12:52:26.903116,2026-06-30 12:52:30.915357,0 days 00:00:04.012241,883.656460816052,-337.4780017030347,364.50723558809455,-747.0869066623338,-767.891654462788,-19.301284962348035,-940.5565551564107,576.8423163122155,,COMPLETE
522,-1.0,2026-06-30 12:52:30.014415,2026-06-30 12:52:34.242252,0 days 00:00:04.227837,998.9726011657663,-519.2516570928084,-442.2475142904607,-752.3321747278756,-769.5954425892772,-260.777662782147,-929.2533910688596,68.58712990797652,,COMPLETE
523,0.0,2026-06-30 12:52:30.936454,2026-06-30 12:52:35.044612,0 days 00:00:04.108158,961.3798854415077,791.3404257095029,512.6944026531368,-682.9515704321058,-840.6177967068724,-255.97803551757897,-850.2651382468546,81.15833070677442,,COMPLETE
524,0.0,2026-06-30 12:52:34.258708,2026-06-30 12:52:39.206042,0 days 00:00:04.947334,702.8552493163947,-461.87779215689864,485.5353990807794,-686.4855989757258,-842.2410536333268,-177.5470136451234,-853.1285917565403,-13.79850155241679,,COMPLETE
525,-1.0,2026-06-30 12:52:35.059969,2026-06-30 12:52:38.186051,0 days 00:00:03.126082,855.3750055456097,-463.007935284567,17.75851606315544,-878.1166999564305,-520.4960634588026,-180.60092666190894,-997.2948558605334,-14.237344624564816,,COMPLETE
526,0.0,2026-06-30 12:52:38.209500,2026-06-30 12:52:43.264221,0 days 00:00:05.054721,773.4240488244184,-625.3284693377745,435.4212011331346,-797.6289758104709,-286.4158221214909,-345.8813957830881,-878.6679949699745,-115.13947412108215,,COMPLETE
527,-1.0,2026-06-30 12:52:39.224693,2026-06-30 12:52:42.462252,0 days 00:00:03.237559,921.3109810611733,-623.3303750425355,558.3810133591811,-788.3268267605871,-657.1460317969695,-351.2948850701642,-888.960873463529,-62.77677214838374,,COMPLETE
