number,value,datetime_start,datetime_complete,duration,params_V10,params_V11,params_V12,params_V15,params_V18,params_V3,params_V6,params_V9,system_attrs_fixed_params,state
704,7.0,2026-07-03 10:08:45.842509,2026-07-03 10:08:49.856569,0 days 00:00:04.014060,-123.6633945907072,-74.3664325857031,-935.7967274772951,-942.5669655958934,662.2723603887879,-925.4041202864024,-155.67167253722047,950.8633638782785,,COMPLETE
705,14.0,2026-07-03 10:08:49.891458,2026-07-03 10:08:53.886567,0 days 00:00:03.995109,-91.17243284329923,-40.65308120553753,-969.1353741305783,-903.5205126788144,622.816475380564,-863.527071360395,-225.83364669017135,920.5403528112802,,COMPLETE
706,0.0,2026-07-03 10:08:53.950680,2026-07-03 10:08:57.901534,0 days 00:00:03.950854,-228.26791435158844,-56.35736845848613,-969.2520326756024,-913.8295740631097,631.2224340452163,-857.1597506034811,-235.1056240566611,985.5275899885108,,COMPLETE
707,24.0,2026-07-03 10:08:57.922195,2026-07-03 10:09:01.904215,0 days 00:00:03.982020,-104.18153720270904,-110.57875753242419,-949.8005184754563,-896.2093276507422,535.0803586900198,-948.1942566872768,-289.16885193057,913.9834445183883,,COMPLETE
708,0.0,2026-07-03 10:09:01.925186,2026-07-03 10:09:06.081720,0 days 00:00:04.156534,-154.16426102135244,-113.38309108692754,-887.3053804491726,-895.2846188607618,696.2176546975425,-951.1070049213384,-250.13330729409074,912.9231921541608,,COMPLETE
709,14.0,2026-07-03 10:09:06.104018,2026-07-03 10:09:10.062780,0 days 00:00:03.958762,-96.86544874159924,-40.68834416997018,-945.6074033439144,-891.9332222438627,594.391503369149,-860.9784761290243,-338.2025051451539,891.8462397799219,,COMPLETE
710,6.0,2026-07-03 10:09:10.082118,2026-07-03 10:09:14.158948,0 days 00:00:04.076830,-88.78255730927066,-86.91289130908433,-983.8804681055905,-892.1229795231833,606.8946786082781,-865.7716801630748,-214.05374824519254,877.679723420052,,COMPLETE
711,10.0,2026-07-03 10:09:14.178336,2026-07-03 10:09:18.068506,0 days 00:00:03.890170,-155.54068117937427,7.423401148228699,-919.666240824208,-897.5465639218221,555.3991956365838,-855.0960456976209,-298.70058010841075,918.197095842706,,COMPLETE
712,22.0,2026-07-03 10:09:18.096101,2026-07-03 10:09:21.940781,0 days 00:00:03.844680,-104.50947906887505,-62.12171355437601,-998.8224546149169,-902.1235811628652,573.9355772317673,-917.5799992704713,-372.5855708808381,849.6035210934067,,COMPLETE
713,29.0,2026-07-03 10:09:21.958142,2026-07-03 10:09:25.928509,0 days 00:00:03.970367,-107.35050472616327,-46.41535192075527,-953.846958486456,-895.0698819321891,586.948726226825,-928.2161122452081,-336.99914852016025,916.79065159656,,COMPLETE
714,9.0,2026-07-03 10:09:25.949060,2026-07-03 10:09:29.861437,0 days 00:00:03.912377,-125.70761691044554,-43.35132445378366,-997.4455529974689,-914.2061202274074,605.6920750475385,-920.1042387706278,-264.0282767625258,909.9446888181109,,COMPLETE
715,1.0,2026-07-03 10:09:29.876403,2026-07-03 10:09:34.090787,0 days 00:00:04.214384,-170.50382827768186,-133.46726750581874,-956.7000987394372,-894.1771467643274,665.0371753265403,-999.4857533850666,-338.1140677874703,966.6802659300639,,COMPLETE
716,30.0,2026-07-03 10:09:34.107822,2026-07-03 10:09:38.015046,0 days 00:00:03.907224,-93.77793516556767,-53.26574399402172,-960.1020791895431,-890.2225485235085,538.8973428850343,-941.4175684612501,-369.580152860202,933.3737120474112,,COMPLETE
717,0.0,2026-07-03 10:09:38.033297,2026-07-03 10:09:42.053541,0 days 00:00:04.020244,-216.451102841943,-198.51495971191173,-997.9721038245094,-887.9062864716748,544.1193555800061,-943.0074409571624,-275.25510787342586,940.2094946905997,,COMPLETE
718,8.0,2026-07-03 10:09:42.087403,2026-07-03 10:09:46.159119,0 days 00:00:04.071716,-103.13245044183735,-109.7119609323976,-890.1038183749636,-889.3042236473129,516.7801188751639,-930.5442098259159,-163.58606869680298,998.8170587366582,,COMPLETE
719,16.0,2026-07-03 10:09:46.210741,2026-07-03 10:09:50.489382,0 days 00:00:04.278641,-140.56800331298516,-60.49710377813703,-963.1002118193774,-924.518816869232,564.3806140334433,-960.5689692303885,-379.9364833360127,831.7570002885752,,COMPLETE
720,19.0,2026-07-03 10:09:50.505039,2026-07-03 10:09:54.679881,0 days 00:00:04.174842,-150.40607917282642,11.513422585299772,-916.4432746824666,-930.7568943210367,549.6706682526326,-963.891253001934,-385.6886215767401,834.795180188082,,COMPLETE
721,0.0,2026-07-03 10:09:54.694527,2026-07-03 10:09:58.817124,0 days 00:00:04.122597,-183.3089226018018,28.92686468183173,-871.4186203902962,-933.3476143155541,559.6052900100764,-997.7397985204047,-377.1435195010293,843.900753703626,,COMPLETE
722,0.0,2026-07-03 10:09:58.848992,2026-07-03 10:10:03.011579,0 days 00:00:04.162587,-261.8686993420497,15.342857893865322,-920.1413416052609,-885.5389557224231,514.333949643177,-956.7063317024462,-383.69541918715527,812.8443466549725,,COMPLETE
723,0.0,2026-07-03 10:10:03.027510,2026-07-03 10:10:07.131257,0 days 00:00:04.103747,-166.5123181830487,-134.66865892215117,-892.4214846266246,-922.128301032243,553.3077597544171,-907.9371416651408,-417.6858760629954,846.3430509219114,,COMPLETE
724,33.0,2026-07-03 10:10:07.157000,2026-07-03 10:10:11.010885,0 days 00:00:03.853885,-61.14339834622089,-83.78564534273991,-850.1849609091217,-885.9180644461514,487.64393050880653,-961.5302971889329,-319.64560740797026,868.6773727009362,,COMPLETE
725,0.0,2026-07-03 10:10:11.027459,2026-07-03 10:10:15.155892,0 days 00:00:04.128433,-146.8023395518685,-5.89049369110548,-829.0840428837138,-950.1440569619833,474.86911859647495,-965.604158382084,-374.5764786887361,810.5806633088037,,COMPLETE
726,0.0,2026-07-03 10:10:15.171087,2026-07-03 10:10:19.073928,0 days 00:00:03.902841,-208.9248557439095,-75.04317965915398,-850.1680712925587,-884.1690956513766,506.6467990298331,-914.2551029094617,-333.31607548252305,878.2188458200801,,COMPLETE
727,0.0,2026-07-03 10:10:19.091197,2026-07-03 10:10:23.305850,0 days 00:00:04.214653,-134.40959005882019,-18.493478665100344,-874.528403748755,-885.619393490867,485.3915418679859,-964.0661715399773,-378.3907785417543,830.4089172745439,,COMPLETE
728,5.0,2026-07-03 10:10:23.325900,2026-07-03 10:10:27.583969,0 days 00:00:04.258069,-68.46709733837706,-71.95434194678174,-959.4865597792628,-950.1589341226045,580.1128638805131,-975.8630678485218,-440.78312636237877,879.5733377262445,,COMPLETE
729,0.0,2026-07-03 10:10:27.616271,2026-07-03 10:10:31.811508,0 days 00:00:04.195237,-42.28254904202268,9.28675961033835,-916.4049415372992,-917.5062401575442,527.3382739010593,-998.0473431103504,-331.4281355499668,796.3331208594205,,COMPLETE
730,22.0,2026-07-03 10:10:31.828612,2026-07-03 10:10:35.715140,0 days 00:00:03.886528,-86.87430377171361,-167.8092701984717,-999.7431191430132,-875.6380764732758,490.88307857728773,-911.8168057973212,-281.97103193975295,871.765657373909,,COMPLETE
731,0.0,2026-07-03 10:10:35.739265,2026-07-03 10:10:39.628753,0 days 00:00:03.889488,-86.81390653684862,-235.70955981636658,-842.1708669467625,-876.8746534920873,474.0313045598771,-907.7215400466544,-290.8102580617869,883.4339996656959,,COMPLETE
732,0.0,2026-07-03 10:10:39.651466,2026-07-03 10:10:43.551086,0 days 00:00:03.899620,81.98327866311368,-158.4626131391878,-896.2687919595566,-886.8169034271866,500.0422355046768,-915.5442086585088,-271.9599972471892,901.1327482068423,,COMPLETE
733,3.0,2026-07-03 10:10:43.568379,2026-07-03 10:10:47.575939,0 days 00:00:04.007560,-45.28333647062979,-187.16232153204567,-859.6958003857537,-953.8188705715008,527.6428386268119,-935.2879599443536,-316.77760365769245,843.9456459608161,,COMPLETE
734,22.0,2026-07-03 10:10:47.592826,2026-07-03 10:10:51.616724,0 days 00:00:04.023898,-79.12582576273955,-102.07988572243201,-995.4294746280178,-874.4197885091222,475.54959219487256,-896.7644305585122,-346.2478392734228,865.0352611794729,,COMPLETE
735,12.0,2026-07-03 10:10:51.651423,2026-07-03 10:10:55.517150,0 days 00:00:03.865727,-41.785230001153465,-112.3318238261742,-994.826332839894,-879.1653074708461,450.27110092827104,-897.7449606062198,-421.42353588965796,791.5266224825193,,COMPLETE
736,0.0,2026-07-03 10:10:55.545117,2026-07-03 10:10:59.358232,0 days 00:00:03.813115,121.63104900576705,-168.61976293862926,-953.5472521341247,-885.4754507217424,414.96112508596195,-995.0919513002116,-321.85386137712806,866.7052427110387,,COMPLETE
737,19.0,2026-07-03 10:10:59.375071,2026-07-03 10:11:03.372537,0 days 00:00:03.997466,-85.12602522028192,-100.06510361935588,-898.2132980847065,-960.5474818331693,484.4438750255828,-897.0725082453492,-271.0369256700895,826.0805747672281,,COMPLETE
738,14.0,2026-07-03 10:11:03.390464,2026-07-03 10:11:07.328720,0 days 00:00:03.938256,-92.1921002720489,-25.40660210935814,-905.3645775046034,-955.1725057262535,483.95677406247677,-835.7209357021937,-350.4048072613232,806.5929636132157,,COMPLETE
739,10.0,2026-07-03 10:11:07.355205,2026-07-03 10:11:11.285422,0 days 00:00:03.930217,-85.49877274967862,17.2188333732868,-939.7072725070943,-877.9838947284533,440.1288841288032,-891.6616769799977,-106.65552522629108,826.2891793366862,,COMPLETE
740,15.0,2026-07-03 10:11:11.322801,2026-07-03 10:11:15.207909,0 days 00:00:03.885108,-122.13231084201928,-91.81775251999458,-989.9970751354089,-958.8573513018423,481.6870303611198,-935.8239399503207,-252.57116920918514,916.8352142016159,,COMPLETE
741,17.0,2026-07-03 10:11:15.224451,2026-07-03 10:11:19.127184,0 days 00:00:03.902733,-30.59268704985216,-25.91265809334388,-894.1411643614157,-917.1398534596393,412.9373674812804,-894.5526713500093,-456.12697603315604,851.0393555442707,,COMPLETE
742,15.0,2026-07-03 10:11:19.150905,2026-07-03 10:11:23.135328,0 days 00:00:03.984423,-73.83145519983309,-101.59295826238319,-842.3731719383453,-869.7729699485386,582.9084314220637,-835.190619002377,-299.85873176725255,790.1734379553109,,COMPLETE
743,10.0,2026-07-03 10:11:23.153528,2026-07-03 10:11:27.102246,0 days 00:00:03.948718,-182.42019751098695,21.294743159945384,-949.6353898591796,-958.5035744841447,467.97899297281737,-887.7740159336383,-412.5304497408742,897.9421056808399,,COMPLETE
744,0.0,2026-07-03 10:11:27.118429,2026-07-03 10:11:31.335592,0 days 00:00:04.217163,-119.68337669492945,-148.48315319603552,-888.9329998983161,-917.1124260733194,501.8139985365652,-946.5954277542004,-189.4101405962463,834.9561657128397,,COMPLETE
745,0.0,2026-07-03 10:11:31.351778,2026-07-03 10:11:35.065823,0 days 00:00:03.714045,76.14269647888328,-86.02085807122671,-993.5229401674413,-875.5125865411512,405.95994362129863,-930.0227596224515,-344.2628234617474,782.1231845761239,,COMPLETE
746,11.0,2026-07-03 10:11:35.081665,2026-07-03 10:11:39.087047,0 days 00:00:04.005382,-89.10337862223088,-42.34451550237389,-811.2479466583624,-915.2605348294977,575.568689574466,-844.932388321812,-375.91384322916406,870.1314023966204,,COMPLETE
747,53.0,2026-07-03 10:11:39.103709,2026-07-03 10:11:43.105724,0 days 00:00:04.002015,-65.02372621011783,-186.69278943914577,-926.1046768063156,-962.9026651356174,442.22018130809647,-997.1221527960442,-303.6468066168516,913.501278708416,,COMPLETE
748,0.0,2026-07-03 10:11:43.127001,2026-07-03 10:11:47.095981,0 days 00:00:03.968980,-41.10286983823717,-233.176475623457,-868.4041795932294,-960.5414961765176,504.7425843621164,-994.7133713642055,-258.0599909560009,815.2199048375726,,COMPLETE
749,32.0,2026-07-03 10:11:47.111559,2026-07-03 10:11:50.986670,0 days 00:00:03.875111,-53.5519626307282,-208.7862046250236,-914.494050212972,-965.7053648887272,538.0781519972746,-962.7093254061134,-304.5206428661036,922.7488460432583,,COMPLETE
750,0.0,2026-07-03 10:11:51.003505,2026-07-03 10:11:54.852682,0 days 00:00:03.849177,-32.154820274013474,-191.3679163416115,-994.7605233251792,-875.7714282901895,606.2971600273495,-997.0350155536438,-308.75958425537885,927.7332999908012,,COMPLETE
751,7.0,2026-07-03 10:11:54.871427,2026-07-03 10:11:58.753230,0 days 00:00:03.881803,46.535863157805856,-223.3918586877071,-827.6936908875169,-909.8504431460117,539.176330882029,-965.0768394680043,-325.36865779767044,933.830542556794,,COMPLETE
752,10.0,2026-07-03 10:11:58.771242,2026-07-03 10:12:02.704894,0 days 00:00:03.933652,-27.188848993542777,-190.3412438976057,-943.6540677492721,-963.1492906205704,434.25611486749597,-959.679217591348,-299.38508511820345,910.0604504709349,,COMPLETE
753,55.0,2026-07-03 10:12:02.721549,2026-07-03 10:12:06.539263,0 days 00:00:03.817714,-63.78589473954688,-159.44918307306554,-956.7906602605995,-964.0146132901292,533.499505292503,-996.9350980139264,-402.5325893456969,894.4614549360159,,COMPLETE
754,13.0,2026-07-03 10:12:06.561408,2026-07-03 10:12:10.411424,0 days 00:00:03.850016,-65.18568604629685,-241.82219005460024,-955.4343433663856,-960.0339050387968,463.1466451665041,-999.9071684455536,-488.26023865935645,994.5404876161697,,COMPLETE
755,0.0,2026-07-03 10:12:10.437535,2026-07-03 10:12:14.096481,0 days 00:00:03.658946,-34.676112053552366,-159.93764592274817,-489.2631414056289,-872.5019928579934,352.7855225070356,-942.8341064059606,-410.2917680305017,955.3204188634838,,COMPLETE
756,0.0,2026-07-03 10:12:14.114351,2026-07-03 10:12:18.236549,0 days 00:00:04.122198,46.44933006663027,-143.48931249083398,-966.6279424874632,-963.3771400922252,399.48332945712457,-999.7771104548036,-223.16903771523184,901.5735075878728,,COMPLETE
757,20.0,2026-07-03 10:12:18.253452,2026-07-03 10:12:22.021840,0 days 00:00:03.768388,-80.89964361693872,-215.05755677905069,-999.7214968244729,-913.3876546310788,629.050176157745,-888.742028763768,-347.31300644287256,903.220755185639,,COMPLETE
758,3.0,2026-07-03 10:12:22.049272,2026-07-03 10:12:25.825371,0 days 00:00:03.776099,-99.80136165371533,-261.8024330997609,-999.4684450769066,-912.6435327058829,639.601094562735,-892.3996832883834,-442.4224781261986,918.6337959572139,,COMPLETE
759,10.0,2026-07-03 10:12:25.860910,2026-07-03 10:12:29.904455,0 days 00:00:04.043545,-72.3133121525607,-194.18419302439887,-997.3937188491767,-966.6923706629133,687.3543616916409,-871.3497310246003,-342.63130896027707,875.7285787983573,,COMPLETE
760,16.0,2026-07-03 10:12:29.922654,2026-07-03 10:12:33.924324,0 days 00:00:04.001670,-28.948356832455524,-227.73814828413188,-919.8095773392882,-911.3315818628411,583.8907355980787,-930.1037242722751,-285.805526932133,950.6859853201257,,COMPLETE
761,1.0,2026-07-03 10:12:33.940581,2026-07-03 10:12:37.809103,0 days 00:00:03.868522,-67.69045246806631,-160.15571517580474,-869.5758568214317,-962.600398057152,624.8769911497164,-953.6081241548848,-399.97280639242774,904.5473409551054,,COMPLETE
762,1.0,2026-07-03 10:12:37.825992,2026-07-03 10:12:41.652319,0 days 00:00:03.826327,-121.04189169237691,-200.7589400712721,-950.0614364909624,-905.6209608871077,513.7046962712276,-919.2009756814804,-326.72730579268875,859.7173204965703,,COMPLETE
763,0.0,2026-07-03 10:12:41.668598,2026-07-03 10:12:45.506924,0 days 00:00:03.838326,-82.701494311246,-132.09109951917787,-782.6260252661934,-960.6314148732027,761.4602797365369,-879.2161702103534,-354.2728237506281,966.9226662070241,,COMPLETE
764,12.0,2026-07-03 10:12:45.528861,2026-07-03 10:12:49.399091,0 days 00:00:03.870230,-32.96336155521111,-119.17010289480643,-909.5402240349898,-872.0872840087123,577.443407505987,-959.569330573082,-224.87618152346596,888.4910721795965,,COMPLETE
765,0.0,2026-07-03 10:12:49.415142,2026-07-03 10:12:53.178236,0 days 00:00:03.763094,-108.52650393680182,-261.0659396826494,-841.7372614363015,-921.744577174588,528.3053215713724,-843.7941709392204,-260.6622148499262,790.8775560097265,,COMPLETE
766,15.0,2026-07-03 10:12:53.193134,2026-07-03 10:12:57.091208,0 days 00:00:03.898074,-39.63595437985806,-161.85802609992606,-952.7776934345248,-996.055329893953,474.8283634415106,-908.7593325269487,-316.8572899102449,934.0895530380114,,COMPLETE
767,53.0,2026-07-03 10:12:57.124611,2026-07-03 10:13:01.190335,0 days 00:00:04.065724,-74.81583422534287,-80.3322833064109,-887.5720074609068,-873.7292181769259,432.33787811010313,-963.0648346762101,-387.17338952626903,897.3812969544449,,COMPLETE
768,0.0,2026-07-03 10:13:01.212900,2026-07-03 10:13:05.036192,0 days 00:00:03.823292,-170.30428115048477,-88.53693689031103,-826.6239841055454,-869.5011949141294,405.45319088908275,-964.8393660354061,-443.87850519724526,846.257563771072,,COMPLETE
769,16.0,2026-07-03 10:13:05.067986,2026-07-03 10:13:08.926489,0 days 00:00:03.858503,-29.71301960166362,-39.61761344682017,-874.0474414210058,-872.9542917762492,444.31282522157477,-997.807757834501,-379.7803643350609,981.3374104825273,,COMPLETE
770,0.0,2026-07-03 10:13:08.946883,2026-07-03 10:13:12.842584,0 days 00:00:03.895701,-126.58392073525152,-87.96346744153487,-787.4555986434264,-966.1409551878064,363.81739516989154,-941.6616344606114,-418.819599013171,780.6838105203024,,COMPLETE
771,0.0,2026-07-03 10:13:12.860955,2026-07-03 10:13:16.685369,0 days 00:00:03.824414,27.42379930055739,-127.65980899013918,-888.7913785304904,-920.3521335966283,496.005390793718,-928.469002915873,-280.8237162893217,861.8443820712572,,COMPLETE
772,30.0,2026-07-03 10:13:16.702449,2026-07-03 10:13:20.658106,0 days 00:00:03.955657,-72.06535573464424,-26.33281686187793,-915.4238132901186,-997.9107913434781,432.6542087318587,-968.0405194608477,-511.03960748135177,931.3313245713437,,COMPLETE
773,0.0,2026-07-03 10:13:20.686686,2026-07-03 10:13:24.345214,0 days 00:00:03.658528,83.29935457312914,-66.06502736758202,-916.606410528675,-992.9754068259315,402.3450600798171,-960.9988795926995,-533.3885988204418,996.6339617233149,,COMPLETE
774,33.0,2026-07-03 10:13:24.368839,2026-07-03 10:13:28.353960,0 days 00:00:03.985121,-98.77613643170119,-117.75890579263461,-936.5673476625681,-968.696620546277,428.00308432148614,-910.9934204633967,-490.42181918878816,937.3387291762857,,COMPLETE
775,0.0,2026-07-03 10:13:28.384316,2026-07-03 10:13:32.063867,0 days 00:00:03.679551,-195.5474057681165,-144.90844744645415,-873.4715984713329,-999.6760497164478,340.379737827325,-993.624766682108,-506.60169389484395,939.781743403157,,COMPLETE
776,9.0,2026-07-03 10:13:32.080593,2026-07-03 10:13:35.989714,0 days 00:00:03.909121,-135.27353663875903,-6.09593594979221,-912.6499169128896,-960.2430243785998,383.4520584431683,-998.217477067637,-477.03202959836517,937.9857892123455,,COMPLETE
777,11.0,2026-07-03 10:13:36.011667,2026-07-03 10:13:39.987905,0 days 00:00:03.976238,-107.31023530863897,-68.5659759347731,-846.3996353487232,-970.2992648157045,437.39936011251643,-926.9545333391864,-470.8705097301386,999.2563460371956,,COMPLETE
778,14.0,2026-07-03 10:13:40.029790,2026-07-03 10:13:43.938654,0 days 00:00:03.908864,-27.428162334178623,-177.47556337854797,-953.3783746156132,-998.5389531719546,535.8495039864314,-843.2282224003222,-446.56816690494804,913.8608838695492,,COMPLETE
779,0.0,2026-07-03 10:13:43.957944,2026-07-03 10:13:47.729155,0 days 00:00:03.771211,22.58429705689783,-127.12481315698565,-912.8121991897358,-932.3842385625848,419.27907765929086,-958.4863547903581,-404.2088427968886,949.8861149992172,,COMPLETE
780,30.0,2026-07-03 10:13:47.747181,2026-07-03 10:13:51.662303,0 days 00:00:03.915122,-72.35859615862128,-26.38615938956147,-883.6967289943765,-968.4819823334908,520.4595784372704,-912.5302573264831,-494.9037467344229,896.7476253749037,,COMPLETE
781,0.0,2026-07-03 10:13:51.691606,2026-07-03 10:13:55.721841,0 days 00:00:04.030235,-159.18643935717728,-22.88731319377561,-853.4715401487889,-994.7124669107936,545.2638337922468,-860.5271983365162,-509.02910866117514,902.1755241496924,,COMPLETE
782,0.0,2026-07-03 10:13:55.751773,2026-07-03 10:13:59.712233,0 days 00:00:03.960460,-26.97179072293678,13.418900188846543,-884.3538686575239,-960.49436870227,586.6731021102343,-961.4189213060126,-472.49905963709125,955.9558814200132,,COMPLETE
783,31.0,2026-07-03 10:13:59.731634,2026-07-03 10:14:03.865496,0 days 00:00:04.133862,-59.365209536213015,-52.05593079055218,-819.6657268661479,-956.2136867211574,435.15900306819753,-999.8427093360573,-423.1597441445598,899.3055284651406,,COMPLETE
784,0.0,2026-07-03 10:14:03.884038,2026-07-03 10:14:08.448523,0 days 00:00:04.564485,27.270491514518056,-28.295765653181846,-827.2335314045682,-960.3925194482263,354.0125247900999,-999.8446112340686,-444.55492887077725,933.3608133251139,,COMPLETE
785,8.0,2026-07-03 10:14:08.463875,2026-07-03 10:14:12.747142,0 days 00:00:04.283267,-61.17236189734375,25.21045194335069,-833.7247894788502,-997.6493505057132,439.63844709340856,-963.4022671643277,-523.9557270662449,965.2441591444226,,COMPLETE
786,19.0,2026-07-03 10:14:12.765363,2026-07-03 10:14:16.692465,0 days 00:00:03.927102,-27.628678674551388,-51.034036319103954,-780.645717099087,-999.6988849822466,417.0021301013975,-998.407849357826,-504.1658381838618,892.7670645762454,,COMPLETE
787,0.0,2026-07-03 10:14:16.707908,2026-07-03 10:14:20.717848,0 days 00:00:04.009940,73.02488597080013,-101.05916782933221,-870.30314545124,-933.7636031865436,510.1961111576277,-928.6621064812639,-408.76489398147703,921.8470649210863,,COMPLETE
788,0.0,2026-07-03 10:14:20.734729,2026-07-03 10:14:24.669896,0 days 00:00:03.935167,110.89107059026367,-14.182101547177936,-823.8568956716272,-962.4878449996351,384.11189898562316,-942.4563764870333,-484.57531892574684,896.7078360832277,,COMPLETE
789,29.0,2026-07-03 10:14:24.686402,2026-07-03 10:14:28.639494,0 days 00:00:03.953092,-70.86486090330719,29.53749311212893,-871.6793246719279,-937.9235260174712,455.1992356254991,-885.7228317474666,-443.4506778104957,939.6945780514682,,COMPLETE
790,9.0,2026-07-03 10:14:28.658563,2026-07-03 10:14:32.730866,0 days 00:00:04.072303,-130.22333326175348,39.6098951731465,-892.0026864965971,-926.1737322259892,444.6026440228489,-999.8461313729164,-540.9695419351574,972.9584570710684,,COMPLETE
791,0.0,2026-07-03 10:14:32.758883,2026-07-03 10:14:36.652672,0 days 00:00:03.893789,-74.19296310793212,182.64031200435136,-924.5153075492448,-928.5689640836932,353.01111412877526,-892.8005623328152,-456.21707947088004,931.2216376829485,,COMPLETE
